<?xml version="1.0" encoding="UTF-8"?>
<robot generator="Robot 7.0 (Python 3.11.5 on win32)" generated="2024-12-09T09:53:48.366201" rpa="false" schemaversion="5">
<suite id="s1" name="Editmass" source="c:\Automate_WEB\Create_Article_automate\testcases\editmass.robot">
<kw name="Login dohome and click web art(Edit Mass)" owner="common_art" type="SETUP">
<kw name="Open Browser" owner="SeleniumLibrary">
<msg time="2024-12-09T09:53:48.739142" level="INFO">Opening browser 'chrome' to base url 'https://web-dohome-center-uat.dohome.technology/app/home'.</msg>
<msg time="2024-12-09T09:53:49.135667" level="WARN">The chromedriver version (131.0.6778.85) detected in PATH at C:\Users\saknarin.som\AppData\Local\Programs\Python\Python311\Scripts\chromedriver.exe might not be compatible with the detected chrome version (131.0.6778.86); currently, chromedriver 131.0.6778.87 is recommended for chrome 131.*, so it is advised to delete the driver in PATH and retry</msg>
<arg>${url_dohome}</arg>
<arg>chrome</arg>
<doc>Opens a new browser instance to the optional ``url``.</doc>
<status status="PASS" start="2024-12-09T09:53:48.738142" elapsed="2.842930"/>
</kw>
<kw name="Maximize Browser Window" owner="SeleniumLibrary">
<doc>Maximizes current browser window.</doc>
<status status="PASS" start="2024-12-09T09:53:51.582068" elapsed="0.045082"/>
</kw>
<kw name="Wait Until Keyword Succeeds" owner="BuiltIn">
<kw name="Wait Until Element Contains" owner="SeleniumLibrary">
<arg>//button[text()='เข้าสู่ระบบ']</arg>
<arg>เข้าสู่ระบบ</arg>
<doc>Waits until the element ``locator`` contains ``text``.</doc>
<status status="PASS" start="2024-12-09T09:53:51.627150" elapsed="0.439885"/>
</kw>
<arg>5x</arg>
<arg>2s</arg>
<arg>Wait Until Element Contains</arg>
<arg>//button[text()='เข้าสู่ระบบ']</arg>
<arg>เข้าสู่ระบบ</arg>
<doc>Runs the specified keyword and retries if it fails.</doc>
<status status="PASS" start="2024-12-09T09:53:51.627150" elapsed="0.440888"/>
</kw>
<kw name="Wait Until Keyword Succeeds" owner="BuiltIn">
<kw name="Click Element with Delay" owner="common_art">
<kw name="Click Element" owner="SeleniumLibrary">
<msg time="2024-12-09T09:53:52.069037" level="INFO">Clicking element '//button[text()='เข้าสู่ระบบ']'.</msg>
<arg>${locator}</arg>
<doc>Click the element identified by ``locator``.</doc>
<status status="PASS" start="2024-12-09T09:53:52.069037" elapsed="0.076516"/>
</kw>
<kw name="Sleep" owner="BuiltIn">
<msg time="2024-12-09T09:53:53.146132" level="INFO">Slept 1 second.</msg>
<arg>1s</arg>
<doc>Pauses the test executed for the given time.</doc>
<status status="PASS" start="2024-12-09T09:53:52.145553" elapsed="1.000579"/>
</kw>
<arg>//button[text()='เข้าสู่ระบบ']</arg>
<status status="PASS" start="2024-12-09T09:53:52.068038" elapsed="1.078094"/>
</kw>
<arg>5x</arg>
<arg>2s</arg>
<arg>Click Element with Delay</arg>
<arg>//button[text()='เข้าสู่ระบบ']</arg>
<doc>Runs the specified keyword and retries if it fails.</doc>
<status status="PASS" start="2024-12-09T09:53:52.068038" elapsed="1.078094"/>
</kw>
<kw name="Wait Until Keyword Succeeds" owner="BuiltIn">
<kw name="Wait Until Element Contains" owner="SeleniumLibrary">
<arg>//*[@class="text-2xl text-primary font-bold"]</arg>
<arg>เข้าสู่ระบบ</arg>
<doc>Waits until the element ``locator`` contains ``text``.</doc>
<status status="PASS" start="2024-12-09T09:53:53.147145" elapsed="0.016166"/>
</kw>
<arg>5x</arg>
<arg>2s</arg>
<arg>Wait Until Element Contains</arg>
<arg>//*[@class="text-2xl text-primary font-bold"]</arg>
<arg>เข้าสู่ระบบ</arg>
<doc>Runs the specified keyword and retries if it fails.</doc>
<status status="PASS" start="2024-12-09T09:53:53.147145" elapsed="0.017166"/>
</kw>
<kw name="Wait Until Keyword Succeeds" owner="BuiltIn">
<kw name="Click Element with Delay" owner="common_art">
<kw name="Click Element" owner="SeleniumLibrary">
<msg time="2024-12-09T09:53:53.164311" level="INFO">Clicking element '//input[@name="username"]'.</msg>
<arg>${locator}</arg>
<doc>Click the element identified by ``locator``.</doc>
<status status="PASS" start="2024-12-09T09:53:53.164311" elapsed="0.051313"/>
</kw>
<kw name="Sleep" owner="BuiltIn">
<msg time="2024-12-09T09:53:54.216945" level="INFO">Slept 1 second.</msg>
<arg>1s</arg>
<doc>Pauses the test executed for the given time.</doc>
<status status="PASS" start="2024-12-09T09:53:53.215624" elapsed="1.001321"/>
</kw>
<arg>//input[@name="username"]</arg>
<status status="PASS" start="2024-12-09T09:53:53.164311" elapsed="1.052634"/>
</kw>
<arg>5x</arg>
<arg>2s</arg>
<arg>Click Element with Delay</arg>
<arg>//input[@name="username"]</arg>
<doc>Runs the specified keyword and retries if it fails.</doc>
<status status="PASS" start="2024-12-09T09:53:53.164311" elapsed="1.052634"/>
</kw>
<kw name="Wait Until Keyword Succeeds" owner="BuiltIn">
<kw name="Input Text with Delay" owner="common_art">
<kw name="Input Text" owner="SeleniumLibrary">
<msg time="2024-12-09T09:53:54.218028" level="INFO">Typing text '1050607' into text field '//input[@name="username"]'.</msg>
<arg>${locator}</arg>
<arg>${text}</arg>
<doc>Types the given ``text`` into the text field identified by ``locator``.</doc>
<status status="PASS" start="2024-12-09T09:53:54.218028" elapsed="0.060106"/>
</kw>
<kw name="Sleep" owner="BuiltIn">
<msg time="2024-12-09T09:53:55.779653" level="INFO">Slept 1 second 500 milliseconds.</msg>
<arg>1.5s</arg>
<doc>Pauses the test executed for the given time.</doc>
<status status="PASS" start="2024-12-09T09:53:54.278134" elapsed="1.501519"/>
</kw>
<arg>//input[@name="username"]</arg>
<arg>${user_editmass}</arg>
<status status="PASS" start="2024-12-09T09:53:54.218028" elapsed="1.561625"/>
</kw>
<arg>5x</arg>
<arg>2s</arg>
<arg>Input Text with Delay</arg>
<arg>//input[@name="username"]</arg>
<arg>${user_editmass}</arg>
<doc>Runs the specified keyword and retries if it fails.</doc>
<status status="PASS" start="2024-12-09T09:53:54.216945" elapsed="1.562708"/>
</kw>
<kw name="Wait Until Keyword Succeeds" owner="BuiltIn">
<kw name="Click Element with Delay" owner="common_art">
<kw name="Click Element" owner="SeleniumLibrary">
<msg time="2024-12-09T09:53:55.781171" level="INFO">Clicking element '//input[@name="password"]'.</msg>
<arg>${locator}</arg>
<doc>Click the element identified by ``locator``.</doc>
<status status="PASS" start="2024-12-09T09:53:55.781171" elapsed="0.052699"/>
</kw>
<kw name="Sleep" owner="BuiltIn">
<msg time="2024-12-09T09:53:56.835401" level="INFO">Slept 1 second.</msg>
<arg>1s</arg>
<doc>Pauses the test executed for the given time.</doc>
<status status="PASS" start="2024-12-09T09:53:55.833870" elapsed="1.001531"/>
</kw>
<arg>//input[@name="password"]</arg>
<status status="PASS" start="2024-12-09T09:53:55.779653" elapsed="1.055748"/>
</kw>
<arg>5x</arg>
<arg>2s</arg>
<arg>Click Element with Delay</arg>
<arg>//input[@name="password"]</arg>
<doc>Runs the specified keyword and retries if it fails.</doc>
<status status="PASS" start="2024-12-09T09:53:55.779653" elapsed="1.055748"/>
</kw>
<kw name="Wait Until Keyword Succeeds" owner="BuiltIn">
<kw name="Input Text with Delay" owner="common_art">
<kw name="Input Text" owner="SeleniumLibrary">
<msg time="2024-12-09T09:53:56.835995" level="INFO">Typing text 'D0h0me*1' into text field '//input[@name="password"]'.</msg>
<arg>${locator}</arg>
<arg>${text}</arg>
<doc>Types the given ``text`` into the text field identified by ``locator``.</doc>
<status status="PASS" start="2024-12-09T09:53:56.835995" elapsed="0.097805"/>
</kw>
<kw name="Sleep" owner="BuiltIn">
<msg time="2024-12-09T09:53:58.433987" level="INFO">Slept 1 second 500 milliseconds.</msg>
<arg>1.5s</arg>
<doc>Pauses the test executed for the given time.</doc>
<status status="PASS" start="2024-12-09T09:53:56.933800" elapsed="1.500187"/>
</kw>
<arg>//input[@name="password"]</arg>
<arg>${pass}</arg>
<status status="PASS" start="2024-12-09T09:53:56.835995" elapsed="1.597992"/>
</kw>
<arg>5x</arg>
<arg>2s</arg>
<arg>Input Text with Delay</arg>
<arg>//input[@name="password"]</arg>
<arg>${pass}</arg>
<doc>Runs the specified keyword and retries if it fails.</doc>
<status status="PASS" start="2024-12-09T09:53:56.835995" elapsed="1.597992"/>
</kw>
<kw name="Wait Until Keyword Succeeds" owner="BuiltIn">
<kw name="Click Element with Delay" owner="common_art">
<kw name="Click Element" owner="SeleniumLibrary">
<msg time="2024-12-09T09:53:58.435993" level="INFO">Clicking element '//button[@type="submit"][ text()='เข้าสู่ระบบ']'.</msg>
<arg>${locator}</arg>
<doc>Click the element identified by ``locator``.</doc>
<status status="PASS" start="2024-12-09T09:53:58.434992" elapsed="0.057562"/>
</kw>
<kw name="Sleep" owner="BuiltIn">
<msg time="2024-12-09T09:53:59.493106" level="INFO">Slept 1 second.</msg>
<arg>1s</arg>
<doc>Pauses the test executed for the given time.</doc>
<status status="PASS" start="2024-12-09T09:53:58.492554" elapsed="1.000552"/>
</kw>
<arg>//button[@type="submit"][ text()='เข้าสู่ระบบ']</arg>
<status status="PASS" start="2024-12-09T09:53:58.434992" elapsed="1.058114"/>
</kw>
<arg>5x</arg>
<arg>2s</arg>
<arg>Click Element with Delay</arg>
<arg>//button[@type="submit"][ text()='เข้าสู่ระบบ']</arg>
<doc>Runs the specified keyword and retries if it fails.</doc>
<status status="PASS" start="2024-12-09T09:53:58.433987" elapsed="1.059119"/>
</kw>
<kw name="Wait Until Keyword Succeeds" owner="BuiltIn">
<kw name="Click Element with Delay" owner="common_art">
<kw name="Click Element" owner="SeleniumLibrary">
<msg time="2024-12-09T09:53:59.494150" level="INFO">Clicking element '//*[@aria-label="ระบบจัดการข้อมูลสินค้า"]'.</msg>
<msg time="2024-12-09T09:54:01.098398" level="INFO" html="true">&lt;/td&gt;&lt;/tr&gt;&lt;tr&gt;&lt;td colspan="3"&gt;&lt;a href="selenium-screenshot-1.png"&gt;&lt;img src="selenium-screenshot-1.png" width="800px"&gt;&lt;/a&gt;</msg>
<msg time="2024-12-09T09:54:01.098398" level="FAIL">ElementClickInterceptedException: Message: element click intercepted: Element &lt;a class="relative inline-flex items-center tap-highlight-transparent outline-none data-[focus-visible=true]:z-10 data-[focus-visible=true]:outline-2 data-[focus-visible=true]:outline-focus data-[focus-visible=true]:outline-offset-2 no-underline hover:opacity-80 active:opacity-disabled transition-opacity text-xs line-clamp-1 text-primary" aria-label="ระบบจัดการข้อมูลสินค้า" role="link" href="https://web-article-master-uat.dohome.technology/?i=50433e6bdeb5ac6c6665304601c603f676641994c425ad7f69d7caf190d533a1yRAkrXp/c0lH7gTMANpe1nkWBiwyd8XzxpW+kjGa+Fb3rkAXg79kHmcINPi+2ZQjA0/7IAySC/dwDT8oxj9zXBjKVlxeMrSoVQuAQ385UnQoP7lBY/ywOX2Q23u3CMFEJqQLt3EHwVHM7mDVzg2j/6SoL9Sm8d+i/woqdkGrkV8byXkTAaYiQVykSogXWnNGR9+JDdVgCxnUJ6+eom7FRcSZf5WzaX7BIkm+wHRRMkpqwppbC5bh6ux6Yjyag9vpTf/+aiDewqLJNLVy2B2enVrT2SZ8DEKWUJtOTgCDoM7rwDiNnpbGFHAtQgjbeDweokWpZEZgg/ftkHU0mHFJRJf6QLrWPR7BFYPAq/K4u9s+12Ny5chJxIHZ/Mcxkb2sE9L5T/0bTC/HM/aF0rg1TxhBST7zfZraL8NNbzJhil1go0wGw5+ovtHPy345lbjw" target="_blank" tabindex="0"&gt;...&lt;/a&gt; is not clickable at point (546, 885). Other element would receive the click: &lt;div class="flex w-screen h-[100dvh] fixed inset-0 z-50 overflow-x-auto justify-center [--scale-enter:100%] [--scale-exit:100%] [--slide-enter:0px] [--slide-exit:80px] sm:[--scale-enter:100%] sm:[--scale-exit:103%] sm:[--slide-enter:0px] sm:[--slide-exit:0px] items-end sm:items-center" style="opacity: 1; transform: translateY(0px) scale(1.01164) translateZ(0px);"&gt;...&lt;/div&gt;
  (Session info: chrome=131.0.6778.86)
Stacktrace:
	GetHandleVerifier [0x00007FF743856CB5+28821]
	(No symbol) [0x00007FF7437C3840]
	(No symbol) [0x00007FF74366578A]
	(No symbol) [0x00007FF7436C0E8E]
	(No symbol) [0x00007FF7436BE92C]
	(No symbol) [0x00007FF7436BBAF6]
	(No symbol) [0x00007FF7436BAA51]
	(No symbol) [0x00007FF7436ACBA0]
	(No symbol) [0x00007FF7436DF2FA]
	(No symbol) [0x00007FF7436AC3F6]
	(No symbol) [0x00007FF7436DF510]
	(No symbol) [0x00007FF7436FF412]
	(No symbol) [0x00007FF7436DF0A3]
	(No symbol) [0x00007FF7436AA778]
	(No symbol) [0x00007FF7436AB8E1]
	GetHandleVerifier [0x00007FF743B8FCAD+3408013]
	GetHandleVerifier [0x00007FF743BA741F+3504127]
	GetHandleVerifier [0x00007FF743B9B5FD+3455453]
	GetHandleVerifier [0x00007FF74391BDBB+835995]
	(No symbol) [0x00007FF7437CEB5F]
	(No symbol) [0x00007FF7437CA814]
	(No symbol) [0x00007FF7437CA9AD]
	(No symbol) [0x00007FF7437BA199]
	BaseThreadInitThunk [0x00007FF9C944259D+29]
	RtlUserThreadStart [0x00007FF9CB5EAF38+40]
</msg>
<arg>${locator}</arg>
<doc>Click the element identified by ``locator``.</doc>
<status status="FAIL" start="2024-12-09T09:53:59.494150" elapsed="1.617456">ElementClickInterceptedException: Message: element click intercepted: Element &lt;a class="relative inline-flex items-center tap-highlight-transparent outline-none data-[focus-visible=true]:z-10 data-[focus-visible=true]:outline-2 data-[focus-visible=true]:outline-focus data-[focus-visible=true]:outline-offset-2 no-underline hover:opacity-80 active:opacity-disabled transition-opacity text-xs line-clamp-1 text-primary" aria-label="ระบบจัดการข้อมูลสินค้า" role="link" href="https://web-article-master-uat.dohome.technology/?i=50433e6bdeb5ac6c6665304601c603f676641994c425ad7f69d7caf190d533a1yRAkrXp/c0lH7gTMANpe1nkWBiwyd8XzxpW+kjGa+Fb3rkAXg79kHmcINPi+2ZQjA0/7IAySC/dwDT8oxj9zXBjKVlxeMrSoVQuAQ385UnQoP7lBY/ywOX2Q23u3CMFEJqQLt3EHwVHM7mDVzg2j/6SoL9Sm8d+i/woqdkGrkV8byXkTAaYiQVykSogXWnNGR9+JDdVgCxnUJ6+eom7FRcSZf5WzaX7BIkm+wHRRMkpqwppbC5bh6ux6Yjyag9vpTf/+aiDewqLJNLVy2B2enVrT2SZ8DEKWUJtOTgCDoM7rwDiNnpbGFHAtQgjbeDweokWpZEZgg/ftkHU0mHFJRJf6QLrWPR7BFYPAq/K4u9s+12Ny5chJxIHZ/Mcxkb2sE9L5T/0bTC/HM/aF0rg1TxhBST7zfZraL8NNbzJhil1go0wGw5+ovtHPy345lbjw" target="_blank" tabindex="0"&gt;...&lt;/a&gt; is not clickable at point (546, 885). Other element would receive the click: &lt;div class="flex w-screen h-[100dvh] fixed inset-0 z-50 overflow-x-auto justify-center [--scale-enter:100%] [--scale-exit:100%] [--slide-enter:0px] [--slide-exit:80px] sm:[--scale-enter:100%] sm:[--scale-exit:103%] sm:[--slide-enter:0px] sm:[--slide-exit:0px] items-end sm:items-center" style="opacity: 1; transform: translateY(0px) scale(1.01164) translateZ(0px);"&gt;...&lt;/div&gt;
    [ Message content over the limit has been removed. ]
	(No symbol) [0x00007FF7436BBAF6]
	(No symbol) [0x00007FF7436BAA51]
	(No symbol) [0x00007FF7436ACBA0]
	(No symbol) [0x00007FF7436DF2FA]
	(No symbol) [0x00007FF7436AC3F6]
	(No symbol) [0x00007FF7436DF510]
	(No symbol) [0x00007FF7436FF412]
	(No symbol) [0x00007FF7436DF0A3]
	(No symbol) [0x00007FF7436AA778]
	(No symbol) [0x00007FF7436AB8E1]
	GetHandleVerifier [0x00007FF743B8FCAD+3408013]
	GetHandleVerifier [0x00007FF743BA741F+3504127]
	GetHandleVerifier [0x00007FF743B9B5FD+3455453]
	GetHandleVerifier [0x00007FF74391BDBB+835995]
	(No symbol) [0x00007FF7437CEB5F]
	(No symbol) [0x00007FF7437CA814]
	(No symbol) [0x00007FF7437CA9AD]
	(No symbol) [0x00007FF7437BA199]
	BaseThreadInitThunk [0x00007FF9C944259D+29]
	RtlUserThreadStart [0x00007FF9CB5EAF38+40]</status>
</kw>
<kw name="Sleep" owner="BuiltIn">
<arg>1s</arg>
<doc>Pauses the test executed for the given time.</doc>
<status status="NOT RUN" start="2024-12-09T09:54:01.113012" elapsed="0.000000"/>
</kw>
<arg>//*[@aria-label="ระบบจัดการข้อมูลสินค้า"]</arg>
<status status="FAIL" start="2024-12-09T09:53:59.494150" elapsed="1.618862">ElementClickInterceptedException: Message: element click intercepted: Element &lt;a class="relative inline-flex items-center tap-highlight-transparent outline-none data-[focus-visible=true]:z-10 data-[focus-visible=true]:outline-2 data-[focus-visible=true]:outline-focus data-[focus-visible=true]:outline-offset-2 no-underline hover:opacity-80 active:opacity-disabled transition-opacity text-xs line-clamp-1 text-primary" aria-label="ระบบจัดการข้อมูลสินค้า" role="link" href="https://web-article-master-uat.dohome.technology/?i=50433e6bdeb5ac6c6665304601c603f676641994c425ad7f69d7caf190d533a1yRAkrXp/c0lH7gTMANpe1nkWBiwyd8XzxpW+kjGa+Fb3rkAXg79kHmcINPi+2ZQjA0/7IAySC/dwDT8oxj9zXBjKVlxeMrSoVQuAQ385UnQoP7lBY/ywOX2Q23u3CMFEJqQLt3EHwVHM7mDVzg2j/6SoL9Sm8d+i/woqdkGrkV8byXkTAaYiQVykSogXWnNGR9+JDdVgCxnUJ6+eom7FRcSZf5WzaX7BIkm+wHRRMkpqwppbC5bh6ux6Yjyag9vpTf/+aiDewqLJNLVy2B2enVrT2SZ8DEKWUJtOTgCDoM7rwDiNnpbGFHAtQgjbeDweokWpZEZgg/ftkHU0mHFJRJf6QLrWPR7BFYPAq/K4u9s+12Ny5chJxIHZ/Mcxkb2sE9L5T/0bTC/HM/aF0rg1TxhBST7zfZraL8NNbzJhil1go0wGw5+ovtHPy345lbjw" target="_blank" tabindex="0"&gt;...&lt;/a&gt; is not clickable at point (546, 885). Other element would receive the click: &lt;div class="flex w-screen h-[100dvh] fixed inset-0 z-50 overflow-x-auto justify-center [--scale-enter:100%] [--scale-exit:100%] [--slide-enter:0px] [--slide-exit:80px] sm:[--scale-enter:100%] sm:[--scale-exit:103%] sm:[--slide-enter:0px] sm:[--slide-exit:0px] items-end sm:items-center" style="opacity: 1; transform: translateY(0px) scale(1.01164) translateZ(0px);"&gt;...&lt;/div&gt;
    [ Message content over the limit has been removed. ]
	(No symbol) [0x00007FF7436BBAF6]
	(No symbol) [0x00007FF7436BAA51]
	(No symbol) [0x00007FF7436ACBA0]
	(No symbol) [0x00007FF7436DF2FA]
	(No symbol) [0x00007FF7436AC3F6]
	(No symbol) [0x00007FF7436DF510]
	(No symbol) [0x00007FF7436FF412]
	(No symbol) [0x00007FF7436DF0A3]
	(No symbol) [0x00007FF7436AA778]
	(No symbol) [0x00007FF7436AB8E1]
	GetHandleVerifier [0x00007FF743B8FCAD+3408013]
	GetHandleVerifier [0x00007FF743BA741F+3504127]
	GetHandleVerifier [0x00007FF743B9B5FD+3455453]
	GetHandleVerifier [0x00007FF74391BDBB+835995]
	(No symbol) [0x00007FF7437CEB5F]
	(No symbol) [0x00007FF7437CA814]
	(No symbol) [0x00007FF7437CA9AD]
	(No symbol) [0x00007FF7437BA199]
	BaseThreadInitThunk [0x00007FF9C944259D+29]
	RtlUserThreadStart [0x00007FF9CB5EAF38+40]</status>
</kw>
<kw name="Click Element with Delay" owner="common_art">
<kw name="Click Element" owner="SeleniumLibrary">
<msg time="2024-12-09T09:54:03.115222" level="INFO">Clicking element '//*[@aria-label="ระบบจัดการข้อมูลสินค้า"]'.</msg>
<arg>${locator}</arg>
<doc>Click the element identified by ``locator``.</doc>
<status status="PASS" start="2024-12-09T09:54:03.114214" elapsed="0.086465"/>
</kw>
<kw name="Sleep" owner="BuiltIn">
<msg time="2024-12-09T09:54:04.201082" level="INFO">Slept 1 second.</msg>
<arg>1s</arg>
<doc>Pauses the test executed for the given time.</doc>
<status status="PASS" start="2024-12-09T09:54:03.200679" elapsed="1.000403"/>
</kw>
<arg>//*[@aria-label="ระบบจัดการข้อมูลสินค้า"]</arg>
<status status="PASS" start="2024-12-09T09:54:03.114214" elapsed="1.086868"/>
</kw>
<arg>5x</arg>
<arg>2s</arg>
<arg>Click Element with Delay</arg>
<arg>//*[@aria-label="ระบบจัดการข้อมูลสินค้า"]</arg>
<doc>Runs the specified keyword and retries if it fails.</doc>
<status status="PASS" start="2024-12-09T09:53:59.493106" elapsed="4.708480"/>
</kw>
<kw name="Wait Until Keyword Succeeds" owner="BuiltIn">
<kw name="Switch Window" owner="SeleniumLibrary">
<arg>New</arg>
<doc>Switches to browser window matching ``locator``.</doc>
<status status="PASS" start="2024-12-09T09:54:04.201586" elapsed="0.008088"/>
</kw>
<arg>5x</arg>
<arg>2s</arg>
<arg>Switch Window</arg>
<arg>New</arg>
<doc>Runs the specified keyword and retries if it fails.</doc>
<status status="PASS" start="2024-12-09T09:54:04.201586" elapsed="0.008088"/>
</kw>
<kw name="Maximize Browser Window" owner="SeleniumLibrary">
<doc>Maximizes current browser window.</doc>
<status status="PASS" start="2024-12-09T09:54:04.209674" elapsed="0.005958"/>
</kw>
<kw name="Wait Until Keyword Succeeds" owner="BuiltIn">
<kw name="Wait Until Element Is Visible" owner="SeleniumLibrary">
<arg>//h3[text()="Article Master"]</arg>
<doc>Waits until the element ``locator`` is visible.</doc>
<status status="PASS" start="2024-12-09T09:54:04.215632" elapsed="0.022006"/>
</kw>
<arg>5x</arg>
<arg>2s</arg>
<arg>Wait Until Element Is Visible</arg>
<arg>//h3[text()="Article Master"]</arg>
<doc>Runs the specified keyword and retries if it fails.</doc>
<status status="PASS" start="2024-12-09T09:54:04.215632" elapsed="0.022006"/>
</kw>
<kw name="Wait And Click Element" owner="common_art">
<kw name="Wait Until Keyword Succeeds" owner="BuiltIn">
<kw name="Click Element with Delay" owner="common_art">
<kw name="Click Element" owner="SeleniumLibrary">
<msg time="2024-12-09T09:54:04.238635" level="INFO">Clicking element '//p[text()='จัดการสินค้า']'.</msg>
<arg>${locator}</arg>
<doc>Click the element identified by ``locator``.</doc>
<status status="PASS" start="2024-12-09T09:54:04.238635" elapsed="0.056516"/>
</kw>
<kw name="Sleep" owner="BuiltIn">
<msg time="2024-12-09T09:54:05.296567" level="INFO">Slept 1 second.</msg>
<arg>1s</arg>
<doc>Pauses the test executed for the given time.</doc>
<status status="PASS" start="2024-12-09T09:54:04.296190" elapsed="1.000377"/>
</kw>
<arg>${locator}</arg>
<status status="PASS" start="2024-12-09T09:54:04.238635" elapsed="1.057932"/>
</kw>
<arg>3x</arg>
<arg>2s</arg>
<arg>Click Element with Delay</arg>
<arg>${locator}</arg>
<doc>Runs the specified keyword and retries if it fails.</doc>
<status status="PASS" start="2024-12-09T09:54:04.238635" elapsed="1.057932"/>
</kw>
<arg>//p[text()='จัดการสินค้า']</arg>
<status status="PASS" start="2024-12-09T09:54:04.237638" elapsed="1.058929"/>
</kw>
<kw name="Wait And Click Element" owner="common_art">
<kw name="Wait Until Keyword Succeeds" owner="BuiltIn">
<kw name="Click Element with Delay" owner="common_art">
<kw name="Click Element" owner="SeleniumLibrary">
<msg time="2024-12-09T09:54:05.299581" level="INFO">Clicking element '//p[text()='ขอเปลี่ยนแปลงข้อมูลสินค้า']/parent::span//parent::a[@href="/app/edit-mass-information"]'.</msg>
<arg>${locator}</arg>
<doc>Click the element identified by ``locator``.</doc>
<status status="PASS" start="2024-12-09T09:54:05.298582" elapsed="0.059318"/>
</kw>
<kw name="Sleep" owner="BuiltIn">
<msg time="2024-12-09T09:54:06.359182" level="INFO">Slept 1 second.</msg>
<arg>1s</arg>
<doc>Pauses the test executed for the given time.</doc>
<status status="PASS" start="2024-12-09T09:54:05.358901" elapsed="1.000281"/>
</kw>
<arg>${locator}</arg>
<status status="PASS" start="2024-12-09T09:54:05.298582" elapsed="1.060600"/>
</kw>
<arg>3x</arg>
<arg>2s</arg>
<arg>Click Element with Delay</arg>
<arg>${locator}</arg>
<doc>Runs the specified keyword and retries if it fails.</doc>
<status status="PASS" start="2024-12-09T09:54:05.297581" elapsed="1.061601"/>
</kw>
<arg>//p[text()='ขอเปลี่ยนแปลงข้อมูลสินค้า']/parent::span//parent::a[@href="/app/edit-mass-information"]</arg>
<status status="PASS" start="2024-12-09T09:54:05.297581" elapsed="1.061601"/>
</kw>
<kw name="Wait And Wait Until Element Is Visible" owner="common_art">
<kw name="Wait Until Keyword Succeeds" owner="BuiltIn">
<kw name="Wait Until Element Is Visible" owner="SeleniumLibrary">
<arg>${locator}</arg>
<doc>Waits until the element ``locator`` is visible.</doc>
<status status="PASS" start="2024-12-09T09:54:06.360184" elapsed="0.815732"/>
</kw>
<arg>5x</arg>
<arg>2s</arg>
<arg>Wait Until Element Is Visible</arg>
<arg>${locator}</arg>
<doc>Runs the specified keyword and retries if it fails.</doc>
<status status="PASS" start="2024-12-09T09:54:06.360184" elapsed="0.815732"/>
</kw>
<arg>//input[@name="purchaser_group_no"]/following-sibling::div/div/input</arg>
<status status="PASS" start="2024-12-09T09:54:06.359182" elapsed="0.816734"/>
</kw>
<status status="PASS" start="2024-12-09T09:53:48.737139" elapsed="18.438777"/>
</kw>
<test id="s1-t1" name="Article Edit mass round 1" line="14">
<kw name="Process CSV Rows" owner="Menu_editmass_v3">
<kw name="Read Csv" owner="csv_ready_v2">
<msg time="2024-12-09T09:54:07.181427" level="INFO">${result} = [{'no': '1', 'level_approve': 'A2', 'round': 'X1', 'field': 'ชื่อสินค้า Commercial (ภาษาอังกฤษ)', 'value': 'Test', 'uuid': 'af65e618-5adb-4fa6-9340-435966341c1c'}, {'no': '2', 'level_approve': 'A2', '...</msg>
<var>${result}</var>
<arg>${CSV_PATH}</arg>
<status status="PASS" start="2024-12-09T09:54:07.177916" elapsed="0.004510"/>
</kw>
<kw name="Set Variable" owner="BuiltIn">
<msg time="2024-12-09T09:54:07.183427" level="INFO">${x_rows} = [{'no': '1', 'level_approve': 'A2', 'round': 'X1', 'field': 'ชื่อสินค้า Commercial (ภาษาอังกฤษ)', 'value': 'Test', 'uuid': 'af65e618-5adb-4fa6-9340-435966341c1c'}, {'no': '2', 'level_approve': 'A2', '...</msg>
<var>${x_rows}</var>
<arg>${result}</arg>
<doc>Returns the given values which can then be assigned to a variables.</doc>
<status status="PASS" start="2024-12-09T09:54:07.182426" elapsed="0.001001"/>
</kw>
<kw name="Set Variable" owner="BuiltIn">
<msg time="2024-12-09T09:54:07.184426" level="INFO">${index} = 1</msg>
<var>${index}</var>
<arg>1</arg>
<doc>Returns the given values which can then be assigned to a variables.</doc>
<status status="PASS" start="2024-12-09T09:54:07.183427" elapsed="0.000999"/>
</kw>
<for flavor="IN">
<iter>
<kw name="Get From Dictionary" owner="Collections">
<msg time="2024-12-09T09:54:07.185427" level="INFO">${level_approve} = A2</msg>
<var>${level_approve}</var>
<arg>${row}</arg>
<arg>level_approve</arg>
<doc>Returns a value from the given ``dictionary`` based on the given ``key``.</doc>
<status status="PASS" start="2024-12-09T09:54:07.185427" elapsed="0.000000"/>
</kw>
<kw name="Get From Dictionary" owner="Collections">
<msg time="2024-12-09T09:54:07.186427" level="INFO">${round} = X1</msg>
<var>${round}</var>
<arg>${row}</arg>
<arg>round</arg>
<doc>Returns a value from the given ``dictionary`` based on the given ``key``.</doc>
<status status="PASS" start="2024-12-09T09:54:07.185427" elapsed="0.001000"/>
</kw>
<kw name="Get From Dictionary" owner="Collections">
<msg time="2024-12-09T09:54:07.187427" level="INFO">${field} = ชื่อสินค้า Commercial (ภาษาอังกฤษ)</msg>
<var>${field}</var>
<arg>${row}</arg>
<arg>field</arg>
<doc>Returns a value from the given ``dictionary`` based on the given ``key``.</doc>
<status status="PASS" start="2024-12-09T09:54:07.186427" elapsed="0.001000"/>
</kw>
<kw name="Get From Dictionary" owner="Collections">
<msg time="2024-12-09T09:54:07.187427" level="INFO">${value} = Test</msg>
<var>${value}</var>
<arg>${row}</arg>
<arg>value</arg>
<doc>Returns a value from the given ``dictionary`` based on the given ``key``.</doc>
<status status="PASS" start="2024-12-09T09:54:07.187427" elapsed="0.000000"/>
</kw>
<kw name="Get From Dictionary" owner="Collections">
<msg time="2024-12-09T09:54:07.188427" level="INFO">${uuid} = af65e618-5adb-4fa6-9340-435966341c1c</msg>
<var>${uuid}</var>
<arg>${row}</arg>
<arg>uuid</arg>
<doc>Returns a value from the given ``dictionary`` based on the given ``key``.</doc>
<status status="PASS" start="2024-12-09T09:54:07.188427" elapsed="0.000000"/>
</kw>
<kw name="Set Suite Variable" owner="BuiltIn">
<msg time="2024-12-09T09:54:07.189427" level="INFO">${level_approve_1} = A2</msg>
<arg>${level_approve_${index}}</arg>
<arg>${level_approve}</arg>
<doc>Makes a variable available everywhere within the scope of the current suite.</doc>
<status status="PASS" start="2024-12-09T09:54:07.188427" elapsed="0.001000"/>
</kw>
<kw name="Set Suite Variable" owner="BuiltIn">
<msg time="2024-12-09T09:54:07.191426" level="INFO">${round_1} = X1</msg>
<arg>${round_${index}}</arg>
<arg>${round}</arg>
<doc>Makes a variable available everywhere within the scope of the current suite.</doc>
<status status="PASS" start="2024-12-09T09:54:07.190427" elapsed="0.000999"/>
</kw>
<kw name="Set Suite Variable" owner="BuiltIn">
<msg time="2024-12-09T09:54:07.192426" level="INFO">${field_1} = ชื่อสินค้า Commercial (ภาษาอังกฤษ)</msg>
<arg>${field_${index}}</arg>
<arg>${field}</arg>
<doc>Makes a variable available everywhere within the scope of the current suite.</doc>
<status status="PASS" start="2024-12-09T09:54:07.191426" elapsed="0.001000"/>
</kw>
<kw name="Set Suite Variable" owner="BuiltIn">
<msg time="2024-12-09T09:54:07.194429" level="INFO">${value_1} = Test</msg>
<arg>${value_${index}}</arg>
<arg>${value}</arg>
<doc>Makes a variable available everywhere within the scope of the current suite.</doc>
<status status="PASS" start="2024-12-09T09:54:07.193429" elapsed="0.001000"/>
</kw>
<kw name="Set Suite Variable" owner="BuiltIn">
<msg time="2024-12-09T09:54:07.195429" level="INFO">${uuid_1} = af65e618-5adb-4fa6-9340-435966341c1c</msg>
<arg>${uuid_${index}}</arg>
<arg>${uuid}</arg>
<doc>Makes a variable available everywhere within the scope of the current suite.</doc>
<status status="PASS" start="2024-12-09T09:54:07.194429" elapsed="0.002000"/>
</kw>
<kw name="Evaluate" owner="BuiltIn">
<msg time="2024-12-09T09:54:07.196429" level="INFO">${index} = 2</msg>
<var>${index}</var>
<arg>(${index}) + 1</arg>
<doc>Evaluates the given expression in Python and returns the result.</doc>
<status status="PASS" start="2024-12-09T09:54:07.196429" elapsed="0.000000"/>
</kw>
<var name="${row}">{'no': '1', 'level_approve': 'A2', 'round': 'X1', 'field': 'ชื่อสินค้า Commercial (ภาษาอังกฤษ)', 'value': 'Test', 'uuid': 'af65e618-5adb-4fa6-9340-435966341c1c'}</var>
<status status="PASS" start="2024-12-09T09:54:07.184426" elapsed="0.012003"/>
</iter>
<iter>
<kw name="Get From Dictionary" owner="Collections">
<msg time="2024-12-09T09:54:07.197429" level="INFO">${level_approve} = A2</msg>
<var>${level_approve}</var>
<arg>${row}</arg>
<arg>level_approve</arg>
<doc>Returns a value from the given ``dictionary`` based on the given ``key``.</doc>
<status status="PASS" start="2024-12-09T09:54:07.197429" elapsed="0.000000"/>
</kw>
<kw name="Get From Dictionary" owner="Collections">
<msg time="2024-12-09T09:54:07.198429" level="INFO">${round} = X1</msg>
<var>${round}</var>
<arg>${row}</arg>
<arg>round</arg>
<doc>Returns a value from the given ``dictionary`` based on the given ``key``.</doc>
<status status="PASS" start="2024-12-09T09:54:07.197429" elapsed="0.001000"/>
</kw>
<kw name="Get From Dictionary" owner="Collections">
<msg time="2024-12-09T09:54:07.198429" level="INFO">${field} = ชื่อสินค้า Commercial (ภาษาไทย)</msg>
<var>${field}</var>
<arg>${row}</arg>
<arg>field</arg>
<doc>Returns a value from the given ``dictionary`` based on the given ``key``.</doc>
<status status="PASS" start="2024-12-09T09:54:07.198429" elapsed="0.000000"/>
</kw>
<kw name="Get From Dictionary" owner="Collections">
<msg time="2024-12-09T09:54:07.199429" level="INFO">${value} = Test</msg>
<var>${value}</var>
<arg>${row}</arg>
<arg>value</arg>
<doc>Returns a value from the given ``dictionary`` based on the given ``key``.</doc>
<status status="PASS" start="2024-12-09T09:54:07.199429" elapsed="0.000000"/>
</kw>
<kw name="Get From Dictionary" owner="Collections">
<msg time="2024-12-09T09:54:07.199429" level="INFO">${uuid} = 19687db5-6996-441c-9cda-2eef6b506bd2</msg>
<var>${uuid}</var>
<arg>${row}</arg>
<arg>uuid</arg>
<doc>Returns a value from the given ``dictionary`` based on the given ``key``.</doc>
<status status="PASS" start="2024-12-09T09:54:07.199429" elapsed="0.000000"/>
</kw>
<kw name="Set Suite Variable" owner="BuiltIn">
<msg time="2024-12-09T09:54:07.201429" level="INFO">${level_approve_2} = A2</msg>
<arg>${level_approve_${index}}</arg>
<arg>${level_approve}</arg>
<doc>Makes a variable available everywhere within the scope of the current suite.</doc>
<status status="PASS" start="2024-12-09T09:54:07.200429" elapsed="0.001000"/>
</kw>
<kw name="Set Suite Variable" owner="BuiltIn">
<msg time="2024-12-09T09:54:07.203429" level="INFO">${round_2} = X1</msg>
<arg>${round_${index}}</arg>
<arg>${round}</arg>
<doc>Makes a variable available everywhere within the scope of the current suite.</doc>
<status status="PASS" start="2024-12-09T09:54:07.201429" elapsed="0.002000"/>
</kw>
<kw name="Set Suite Variable" owner="BuiltIn">
<msg time="2024-12-09T09:54:07.204430" level="INFO">${field_2} = ชื่อสินค้า Commercial (ภาษาไทย)</msg>
<arg>${field_${index}}</arg>
<arg>${field}</arg>
<doc>Makes a variable available everywhere within the scope of the current suite.</doc>
<status status="PASS" start="2024-12-09T09:54:07.203429" elapsed="0.002000"/>
</kw>
<kw name="Set Suite Variable" owner="BuiltIn">
<msg time="2024-12-09T09:54:07.206429" level="INFO">${value_2} = Test</msg>
<arg>${value_${index}}</arg>
<arg>${value}</arg>
<doc>Makes a variable available everywhere within the scope of the current suite.</doc>
<status status="PASS" start="2024-12-09T09:54:07.205429" elapsed="0.002000"/>
</kw>
<kw name="Set Suite Variable" owner="BuiltIn">
<msg time="2024-12-09T09:54:07.208935" level="INFO">${uuid_2} = 19687db5-6996-441c-9cda-2eef6b506bd2</msg>
<arg>${uuid_${index}}</arg>
<arg>${uuid}</arg>
<doc>Makes a variable available everywhere within the scope of the current suite.</doc>
<status status="PASS" start="2024-12-09T09:54:07.207429" elapsed="0.001506"/>
</kw>
<kw name="Evaluate" owner="BuiltIn">
<msg time="2024-12-09T09:54:07.209939" level="INFO">${index} = 3</msg>
<var>${index}</var>
<arg>(${index}) + 1</arg>
<doc>Evaluates the given expression in Python and returns the result.</doc>
<status status="PASS" start="2024-12-09T09:54:07.208935" elapsed="0.001004"/>
</kw>
<var name="${row}">{'no': '2', 'level_approve': 'A2', 'round': 'X1', 'field': 'ชื่อสินค้า Commercial (ภาษาไทย)', 'value': 'Test', 'uuid': '19687db5-6996-441c-9cda-2eef6b506bd2'}</var>
<status status="PASS" start="2024-12-09T09:54:07.197429" elapsed="0.012510"/>
</iter>
<iter>
<kw name="Get From Dictionary" owner="Collections">
<msg time="2024-12-09T09:54:07.210938" level="INFO">${level_approve} = A2</msg>
<var>${level_approve}</var>
<arg>${row}</arg>
<arg>level_approve</arg>
<doc>Returns a value from the given ``dictionary`` based on the given ``key``.</doc>
<status status="PASS" start="2024-12-09T09:54:07.210938" elapsed="0.000000"/>
</kw>
<kw name="Get From Dictionary" owner="Collections">
<msg time="2024-12-09T09:54:07.210938" level="INFO">${round} = X1</msg>
<var>${round}</var>
<arg>${row}</arg>
<arg>round</arg>
<doc>Returns a value from the given ``dictionary`` based on the given ``key``.</doc>
<status status="PASS" start="2024-12-09T09:54:07.210938" elapsed="0.001000"/>
</kw>
<kw name="Get From Dictionary" owner="Collections">
<msg time="2024-12-09T09:54:07.212939" level="INFO">${field} = รุ่นของสินค้า</msg>
<var>${field}</var>
<arg>${row}</arg>
<arg>field</arg>
<doc>Returns a value from the given ``dictionary`` based on the given ``key``.</doc>
<status status="PASS" start="2024-12-09T09:54:07.211938" elapsed="0.001001"/>
</kw>
<kw name="Get From Dictionary" owner="Collections">
<msg time="2024-12-09T09:54:07.213938" level="INFO">${value} = Test</msg>
<var>${value}</var>
<arg>${row}</arg>
<arg>value</arg>
<doc>Returns a value from the given ``dictionary`` based on the given ``key``.</doc>
<status status="PASS" start="2024-12-09T09:54:07.213938" elapsed="0.000000"/>
</kw>
<kw name="Get From Dictionary" owner="Collections">
<msg time="2024-12-09T09:54:07.213938" level="INFO">${uuid} = 84594b57-e6a8-4578-8362-c2878b9af8b5</msg>
<var>${uuid}</var>
<arg>${row}</arg>
<arg>uuid</arg>
<doc>Returns a value from the given ``dictionary`` based on the given ``key``.</doc>
<status status="PASS" start="2024-12-09T09:54:07.213938" elapsed="0.000000"/>
</kw>
<kw name="Set Suite Variable" owner="BuiltIn">
<msg time="2024-12-09T09:54:07.215938" level="INFO">${level_approve_3} = A2</msg>
<arg>${level_approve_${index}}</arg>
<arg>${level_approve}</arg>
<doc>Makes a variable available everywhere within the scope of the current suite.</doc>
<status status="PASS" start="2024-12-09T09:54:07.214938" elapsed="0.001000"/>
</kw>
<kw name="Set Suite Variable" owner="BuiltIn">
<msg time="2024-12-09T09:54:07.217197" level="INFO">${round_3} = X1</msg>
<arg>${round_${index}}</arg>
<arg>${round}</arg>
<doc>Makes a variable available everywhere within the scope of the current suite.</doc>
<status status="PASS" start="2024-12-09T09:54:07.215938" elapsed="0.002271"/>
</kw>
<kw name="Set Suite Variable" owner="BuiltIn">
<msg time="2024-12-09T09:54:07.219277" level="INFO">${field_3} = รุ่นของสินค้า</msg>
<arg>${field_${index}}</arg>
<arg>${field}</arg>
<doc>Makes a variable available everywhere within the scope of the current suite.</doc>
<status status="PASS" start="2024-12-09T09:54:07.218209" elapsed="0.001068"/>
</kw>
<kw name="Set Suite Variable" owner="BuiltIn">
<msg time="2024-12-09T09:54:07.221339" level="INFO">${value_3} = Test</msg>
<arg>${value_${index}}</arg>
<arg>${value}</arg>
<doc>Makes a variable available everywhere within the scope of the current suite.</doc>
<status status="PASS" start="2024-12-09T09:54:07.219277" elapsed="0.002062"/>
</kw>
<kw name="Set Suite Variable" owner="BuiltIn">
<msg time="2024-12-09T09:54:07.223366" level="INFO">${uuid_3} = 84594b57-e6a8-4578-8362-c2878b9af8b5</msg>
<arg>${uuid_${index}}</arg>
<arg>${uuid}</arg>
<doc>Makes a variable available everywhere within the scope of the current suite.</doc>
<status status="PASS" start="2024-12-09T09:54:07.221339" elapsed="0.002027"/>
</kw>
<kw name="Evaluate" owner="BuiltIn">
<msg time="2024-12-09T09:54:07.224367" level="INFO">${index} = 4</msg>
<var>${index}</var>
<arg>(${index}) + 1</arg>
<doc>Evaluates the given expression in Python and returns the result.</doc>
<status status="PASS" start="2024-12-09T09:54:07.224367" elapsed="0.000000"/>
</kw>
<var name="${row}">{'no': '3', 'level_approve': 'A2', 'round': 'X1', 'field': 'รุ่นของสินค้า', 'value': 'Test', 'uuid': '84594b57-e6a8-4578-8362-c2878b9af8b5'}</var>
<status status="PASS" start="2024-12-09T09:54:07.209939" elapsed="0.014428"/>
</iter>
<iter>
<kw name="Get From Dictionary" owner="Collections">
<msg time="2024-12-09T09:54:07.226777" level="INFO">${level_approve} = A2</msg>
<var>${level_approve}</var>
<arg>${row}</arg>
<arg>level_approve</arg>
<doc>Returns a value from the given ``dictionary`` based on the given ``key``.</doc>
<status status="PASS" start="2024-12-09T09:54:07.225770" elapsed="0.001007"/>
</kw>
<kw name="Get From Dictionary" owner="Collections">
<msg time="2024-12-09T09:54:07.226777" level="INFO">${round} = X1</msg>
<var>${round}</var>
<arg>${row}</arg>
<arg>round</arg>
<doc>Returns a value from the given ``dictionary`` based on the given ``key``.</doc>
<status status="PASS" start="2024-12-09T09:54:07.226777" elapsed="0.000000"/>
</kw>
<kw name="Get From Dictionary" owner="Collections">
<msg time="2024-12-09T09:54:07.228097" level="INFO">${field} = เลขที่ มอก. (TIS Number)</msg>
<var>${field}</var>
<arg>${row}</arg>
<arg>field</arg>
<doc>Returns a value from the given ``dictionary`` based on the given ``key``.</doc>
<status status="PASS" start="2024-12-09T09:54:07.226777" elapsed="0.001320"/>
</kw>
<kw name="Get From Dictionary" owner="Collections">
<msg time="2024-12-09T09:54:07.228097" level="INFO">${value} = Test</msg>
<var>${value}</var>
<arg>${row}</arg>
<arg>value</arg>
<doc>Returns a value from the given ``dictionary`` based on the given ``key``.</doc>
<status status="PASS" start="2024-12-09T09:54:07.228097" elapsed="0.000000"/>
</kw>
<kw name="Get From Dictionary" owner="Collections">
<msg time="2024-12-09T09:54:07.229101" level="INFO">${uuid} = b14af321-7ffd-4690-8faa-a930137e6872</msg>
<var>${uuid}</var>
<arg>${row}</arg>
<arg>uuid</arg>
<doc>Returns a value from the given ``dictionary`` based on the given ``key``.</doc>
<status status="PASS" start="2024-12-09T09:54:07.229101" elapsed="0.000000"/>
</kw>
<kw name="Set Suite Variable" owner="BuiltIn">
<msg time="2024-12-09T09:54:07.237184" level="INFO">${level_approve_4} = A2</msg>
<arg>${level_approve_${index}}</arg>
<arg>${level_approve}</arg>
<doc>Makes a variable available everywhere within the scope of the current suite.</doc>
<status status="PASS" start="2024-12-09T09:54:07.229101" elapsed="0.008083"/>
</kw>
<kw name="Set Suite Variable" owner="BuiltIn">
<msg time="2024-12-09T09:54:07.241480" level="INFO">${round_4} = X1</msg>
<arg>${round_${index}}</arg>
<arg>${round}</arg>
<doc>Makes a variable available everywhere within the scope of the current suite.</doc>
<status status="PASS" start="2024-12-09T09:54:07.238481" elapsed="0.002999"/>
</kw>
<kw name="Set Suite Variable" owner="BuiltIn">
<msg time="2024-12-09T09:54:07.243480" level="INFO">${field_4} = เลขที่ มอก. (TIS Number)</msg>
<arg>${field_${index}}</arg>
<arg>${field}</arg>
<doc>Makes a variable available everywhere within the scope of the current suite.</doc>
<status status="PASS" start="2024-12-09T09:54:07.242495" elapsed="0.000985"/>
</kw>
<kw name="Set Suite Variable" owner="BuiltIn">
<msg time="2024-12-09T09:54:07.244479" level="INFO">${value_4} = Test</msg>
<arg>${value_${index}}</arg>
<arg>${value}</arg>
<doc>Makes a variable available everywhere within the scope of the current suite.</doc>
<status status="PASS" start="2024-12-09T09:54:07.243480" elapsed="0.000999"/>
</kw>
<kw name="Set Suite Variable" owner="BuiltIn">
<msg time="2024-12-09T09:54:07.244479" level="INFO">${uuid_4} = b14af321-7ffd-4690-8faa-a930137e6872</msg>
<arg>${uuid_${index}}</arg>
<arg>${uuid}</arg>
<doc>Makes a variable available everywhere within the scope of the current suite.</doc>
<status status="PASS" start="2024-12-09T09:54:07.244479" elapsed="0.001005"/>
</kw>
<kw name="Evaluate" owner="BuiltIn">
<msg time="2024-12-09T09:54:07.245484" level="INFO">${index} = 5</msg>
<var>${index}</var>
<arg>(${index}) + 1</arg>
<doc>Evaluates the given expression in Python and returns the result.</doc>
<status status="PASS" start="2024-12-09T09:54:07.245484" elapsed="0.000000"/>
</kw>
<var name="${row}">{'no': '4', 'level_approve': 'A2', 'round': 'X1', 'field': 'เลขที่ มอก. (TIS Number)', 'value': 'Test', 'uuid': 'b14af321-7ffd-4690-8faa-a930137e6872'}</var>
<status status="PASS" start="2024-12-09T09:54:07.225770" elapsed="0.019714"/>
</iter>
<iter>
<kw name="Get From Dictionary" owner="Collections">
<msg time="2024-12-09T09:54:07.245484" level="INFO">${level_approve} = A2</msg>
<var>${level_approve}</var>
<arg>${row}</arg>
<arg>level_approve</arg>
<doc>Returns a value from the given ``dictionary`` based on the given ``key``.</doc>
<status status="PASS" start="2024-12-09T09:54:07.245484" elapsed="0.000000"/>
</kw>
<kw name="Get From Dictionary" owner="Collections">
<msg time="2024-12-09T09:54:07.246479" level="INFO">${round} = X1</msg>
<var>${round}</var>
<arg>${row}</arg>
<arg>round</arg>
<doc>Returns a value from the given ``dictionary`` based on the given ``key``.</doc>
<status status="PASS" start="2024-12-09T09:54:07.246479" elapsed="0.000000"/>
</kw>
<kw name="Get From Dictionary" owner="Collections">
<msg time="2024-12-09T09:54:07.246479" level="INFO">${field} = เลขที่ใบอนุญาต มอก. (TIS License)</msg>
<var>${field}</var>
<arg>${row}</arg>
<arg>field</arg>
<doc>Returns a value from the given ``dictionary`` based on the given ``key``.</doc>
<status status="PASS" start="2024-12-09T09:54:07.246479" elapsed="0.000000"/>
</kw>
<kw name="Get From Dictionary" owner="Collections">
<msg time="2024-12-09T09:54:07.246479" level="INFO">${value} = Test</msg>
<var>${value}</var>
<arg>${row}</arg>
<arg>value</arg>
<doc>Returns a value from the given ``dictionary`` based on the given ``key``.</doc>
<status status="PASS" start="2024-12-09T09:54:07.246479" elapsed="0.000000"/>
</kw>
<kw name="Get From Dictionary" owner="Collections">
<msg time="2024-12-09T09:54:07.247479" level="INFO">${uuid} = 5b6eed1e-9d74-452c-8d6d-6d437c412949</msg>
<var>${uuid}</var>
<arg>${row}</arg>
<arg>uuid</arg>
<doc>Returns a value from the given ``dictionary`` based on the given ``key``.</doc>
<status status="PASS" start="2024-12-09T09:54:07.247479" elapsed="0.000000"/>
</kw>
<kw name="Set Suite Variable" owner="BuiltIn">
<msg time="2024-12-09T09:54:07.248480" level="INFO">${level_approve_5} = A2</msg>
<arg>${level_approve_${index}}</arg>
<arg>${level_approve}</arg>
<doc>Makes a variable available everywhere within the scope of the current suite.</doc>
<status status="PASS" start="2024-12-09T09:54:07.247479" elapsed="0.001001"/>
</kw>
<kw name="Set Suite Variable" owner="BuiltIn">
<msg time="2024-12-09T09:54:07.249481" level="INFO">${round_5} = X1</msg>
<arg>${round_${index}}</arg>
<arg>${round}</arg>
<doc>Makes a variable available everywhere within the scope of the current suite.</doc>
<status status="PASS" start="2024-12-09T09:54:07.248480" elapsed="0.001001"/>
</kw>
<kw name="Set Suite Variable" owner="BuiltIn">
<msg time="2024-12-09T09:54:07.250480" level="INFO">${field_5} = เลขที่ใบอนุญาต มอก. (TIS License)</msg>
<arg>${field_${index}}</arg>
<arg>${field}</arg>
<doc>Makes a variable available everywhere within the scope of the current suite.</doc>
<status status="PASS" start="2024-12-09T09:54:07.249481" elapsed="0.000999"/>
</kw>
<kw name="Set Suite Variable" owner="BuiltIn">
<msg time="2024-12-09T09:54:07.251480" level="INFO">${value_5} = Test</msg>
<arg>${value_${index}}</arg>
<arg>${value}</arg>
<doc>Makes a variable available everywhere within the scope of the current suite.</doc>
<status status="PASS" start="2024-12-09T09:54:07.250480" elapsed="0.001000"/>
</kw>
<kw name="Set Suite Variable" owner="BuiltIn">
<msg time="2024-12-09T09:54:07.252481" level="INFO">${uuid_5} = 5b6eed1e-9d74-452c-8d6d-6d437c412949</msg>
<arg>${uuid_${index}}</arg>
<arg>${uuid}</arg>
<doc>Makes a variable available everywhere within the scope of the current suite.</doc>
<status status="PASS" start="2024-12-09T09:54:07.251480" elapsed="0.001001"/>
</kw>
<kw name="Evaluate" owner="BuiltIn">
<msg time="2024-12-09T09:54:07.253636" level="INFO">${index} = 6</msg>
<var>${index}</var>
<arg>(${index}) + 1</arg>
<doc>Evaluates the given expression in Python and returns the result.</doc>
<status status="PASS" start="2024-12-09T09:54:07.253636" elapsed="0.000000"/>
</kw>
<var name="${row}">{'no': '5', 'level_approve': 'A2', 'round': 'X1', 'field': 'เลขที่ใบอนุญาต มอก. (TIS License)', 'value': 'Test', 'uuid': '5b6eed1e-9d74-452c-8d6d-6d437c412949'}</var>
<status status="PASS" start="2024-12-09T09:54:07.245484" elapsed="0.008152"/>
</iter>
<iter>
<kw name="Get From Dictionary" owner="Collections">
<msg time="2024-12-09T09:54:07.253636" level="INFO">${level_approve} = A2</msg>
<var>${level_approve}</var>
<arg>${row}</arg>
<arg>level_approve</arg>
<doc>Returns a value from the given ``dictionary`` based on the given ``key``.</doc>
<status status="PASS" start="2024-12-09T09:54:07.253636" elapsed="0.001033"/>
</kw>
<kw name="Get From Dictionary" owner="Collections">
<msg time="2024-12-09T09:54:07.254669" level="INFO">${round} = X2</msg>
<var>${round}</var>
<arg>${row}</arg>
<arg>round</arg>
<doc>Returns a value from the given ``dictionary`` based on the given ``key``.</doc>
<status status="PASS" start="2024-12-09T09:54:07.254669" elapsed="0.000000"/>
</kw>
<kw name="Get From Dictionary" owner="Collections">
<msg time="2024-12-09T09:54:07.254669" level="INFO">${field} = จุดเด่นจุดขาย</msg>
<var>${field}</var>
<arg>${row}</arg>
<arg>field</arg>
<doc>Returns a value from the given ``dictionary`` based on the given ``key``.</doc>
<status status="PASS" start="2024-12-09T09:54:07.254669" elapsed="0.001247"/>
</kw>
<kw name="Get From Dictionary" owner="Collections">
<msg time="2024-12-09T09:54:07.255916" level="INFO">${value} = Test</msg>
<var>${value}</var>
<arg>${row}</arg>
<arg>value</arg>
<doc>Returns a value from the given ``dictionary`` based on the given ``key``.</doc>
<status status="PASS" start="2024-12-09T09:54:07.255916" elapsed="0.000000"/>
</kw>
<kw name="Get From Dictionary" owner="Collections">
<msg time="2024-12-09T09:54:07.255916" level="INFO">${uuid} = 89f099c5-dee2-4354-8a35-37e127201bde</msg>
<var>${uuid}</var>
<arg>${row}</arg>
<arg>uuid</arg>
<doc>Returns a value from the given ``dictionary`` based on the given ``key``.</doc>
<status status="PASS" start="2024-12-09T09:54:07.255916" elapsed="0.000000"/>
</kw>
<kw name="Set Suite Variable" owner="BuiltIn">
<msg time="2024-12-09T09:54:07.256935" level="INFO">${level_approve_6} = A2</msg>
<arg>${level_approve_${index}}</arg>
<arg>${level_approve}</arg>
<doc>Makes a variable available everywhere within the scope of the current suite.</doc>
<status status="PASS" start="2024-12-09T09:54:07.256935" elapsed="0.000000"/>
</kw>
<kw name="Set Suite Variable" owner="BuiltIn">
<msg time="2024-12-09T09:54:07.257958" level="INFO">${round_6} = X2</msg>
<arg>${round_${index}}</arg>
<arg>${round}</arg>
<doc>Makes a variable available everywhere within the scope of the current suite.</doc>
<status status="PASS" start="2024-12-09T09:54:07.257958" elapsed="0.000000"/>
</kw>
<kw name="Set Suite Variable" owner="BuiltIn">
<msg time="2024-12-09T09:54:07.258984" level="INFO">${field_6} = จุดเด่นจุดขาย</msg>
<arg>${field_${index}}</arg>
<arg>${field}</arg>
<doc>Makes a variable available everywhere within the scope of the current suite.</doc>
<status status="PASS" start="2024-12-09T09:54:07.258984" elapsed="0.000000"/>
</kw>
<kw name="Set Suite Variable" owner="BuiltIn">
<msg time="2024-12-09T09:54:07.260022" level="INFO">${value_6} = Test</msg>
<arg>${value_${index}}</arg>
<arg>${value}</arg>
<doc>Makes a variable available everywhere within the scope of the current suite.</doc>
<status status="PASS" start="2024-12-09T09:54:07.260022" elapsed="0.001008"/>
</kw>
<kw name="Set Suite Variable" owner="BuiltIn">
<msg time="2024-12-09T09:54:07.262033" level="INFO">${uuid_6} = 89f099c5-dee2-4354-8a35-37e127201bde</msg>
<arg>${uuid_${index}}</arg>
<arg>${uuid}</arg>
<doc>Makes a variable available everywhere within the scope of the current suite.</doc>
<status status="PASS" start="2024-12-09T09:54:07.261030" elapsed="0.001003"/>
</kw>
<kw name="Evaluate" owner="BuiltIn">
<msg time="2024-12-09T09:54:07.262033" level="INFO">${index} = 7</msg>
<var>${index}</var>
<arg>(${index}) + 1</arg>
<doc>Evaluates the given expression in Python and returns the result.</doc>
<status status="PASS" start="2024-12-09T09:54:07.262033" elapsed="0.000000"/>
</kw>
<var name="${row}">{'no': '6', 'level_approve': 'A2', 'round': 'X2', 'field': 'จุดเด่นจุดขาย', 'value': 'Test', 'uuid': '89f099c5-dee2-4354-8a35-37e127201bde'}</var>
<status status="PASS" start="2024-12-09T09:54:07.253636" elapsed="0.008397"/>
</iter>
<iter>
<kw name="Get From Dictionary" owner="Collections">
<msg time="2024-12-09T09:54:07.263045" level="INFO">${level_approve} = A2</msg>
<var>${level_approve}</var>
<arg>${row}</arg>
<arg>level_approve</arg>
<doc>Returns a value from the given ``dictionary`` based on the given ``key``.</doc>
<status status="PASS" start="2024-12-09T09:54:07.263045" elapsed="0.000000"/>
</kw>
<kw name="Get From Dictionary" owner="Collections">
<msg time="2024-12-09T09:54:07.263045" level="INFO">${round} = X2</msg>
<var>${round}</var>
<arg>${row}</arg>
<arg>round</arg>
<doc>Returns a value from the given ``dictionary`` based on the given ``key``.</doc>
<status status="PASS" start="2024-12-09T09:54:07.263045" elapsed="0.000000"/>
</kw>
<kw name="Get From Dictionary" owner="Collections">
<msg time="2024-12-09T09:54:07.263045" level="INFO">${field} = คุณสมบัติสินค้า</msg>
<var>${field}</var>
<arg>${row}</arg>
<arg>field</arg>
<doc>Returns a value from the given ``dictionary`` based on the given ``key``.</doc>
<status status="PASS" start="2024-12-09T09:54:07.263045" elapsed="0.000000"/>
</kw>
<kw name="Get From Dictionary" owner="Collections">
<msg time="2024-12-09T09:54:07.264251" level="INFO">${value} = Test</msg>
<var>${value}</var>
<arg>${row}</arg>
<arg>value</arg>
<doc>Returns a value from the given ``dictionary`` based on the given ``key``.</doc>
<status status="PASS" start="2024-12-09T09:54:07.264251" elapsed="0.000000"/>
</kw>
<kw name="Get From Dictionary" owner="Collections">
<msg time="2024-12-09T09:54:07.264251" level="INFO">${uuid} = 17b3544a-d85d-453c-af36-b88e5de3bc1c</msg>
<var>${uuid}</var>
<arg>${row}</arg>
<arg>uuid</arg>
<doc>Returns a value from the given ``dictionary`` based on the given ``key``.</doc>
<status status="PASS" start="2024-12-09T09:54:07.264251" elapsed="0.000000"/>
</kw>
<kw name="Set Suite Variable" owner="BuiltIn">
<msg time="2024-12-09T09:54:07.265286" level="INFO">${level_approve_7} = A2</msg>
<arg>${level_approve_${index}}</arg>
<arg>${level_approve}</arg>
<doc>Makes a variable available everywhere within the scope of the current suite.</doc>
<status status="PASS" start="2024-12-09T09:54:07.264251" elapsed="0.001035"/>
</kw>
<kw name="Set Suite Variable" owner="BuiltIn">
<msg time="2024-12-09T09:54:07.266308" level="INFO">${round_7} = X2</msg>
<arg>${round_${index}}</arg>
<arg>${round}</arg>
<doc>Makes a variable available everywhere within the scope of the current suite.</doc>
<status status="PASS" start="2024-12-09T09:54:07.265286" elapsed="0.001022"/>
</kw>
<kw name="Set Suite Variable" owner="BuiltIn">
<msg time="2024-12-09T09:54:07.267340" level="INFO">${field_7} = คุณสมบัติสินค้า</msg>
<arg>${field_${index}}</arg>
<arg>${field}</arg>
<doc>Makes a variable available everywhere within the scope of the current suite.</doc>
<status status="PASS" start="2024-12-09T09:54:07.266308" elapsed="0.001032"/>
</kw>
<kw name="Set Suite Variable" owner="BuiltIn">
<msg time="2024-12-09T09:54:07.268363" level="INFO">${value_7} = Test</msg>
<arg>${value_${index}}</arg>
<arg>${value}</arg>
<doc>Makes a variable available everywhere within the scope of the current suite.</doc>
<status status="PASS" start="2024-12-09T09:54:07.267340" elapsed="0.001023"/>
</kw>
<kw name="Set Suite Variable" owner="BuiltIn">
<msg time="2024-12-09T09:54:07.270388" level="INFO">${uuid_7} = 17b3544a-d85d-453c-af36-b88e5de3bc1c</msg>
<arg>${uuid_${index}}</arg>
<arg>${uuid}</arg>
<doc>Makes a variable available everywhere within the scope of the current suite.</doc>
<status status="PASS" start="2024-12-09T09:54:07.269377" elapsed="0.001011"/>
</kw>
<kw name="Evaluate" owner="BuiltIn">
<msg time="2024-12-09T09:54:07.271851" level="INFO">${index} = 8</msg>
<var>${index}</var>
<arg>(${index}) + 1</arg>
<doc>Evaluates the given expression in Python and returns the result.</doc>
<status status="PASS" start="2024-12-09T09:54:07.271851" elapsed="0.000000"/>
</kw>
<var name="${row}">{'no': '7', 'level_approve': 'A2', 'round': 'X2', 'field': 'คุณสมบัติสินค้า', 'value': 'Test', 'uuid': '17b3544a-d85d-453c-af36-b88e5de3bc1c'}</var>
<status status="PASS" start="2024-12-09T09:54:07.262033" elapsed="0.009818"/>
</iter>
<iter>
<kw name="Get From Dictionary" owner="Collections">
<msg time="2024-12-09T09:54:07.272965" level="INFO">${level_approve} = A2</msg>
<var>${level_approve}</var>
<arg>${row}</arg>
<arg>level_approve</arg>
<doc>Returns a value from the given ``dictionary`` based on the given ``key``.</doc>
<status status="PASS" start="2024-12-09T09:54:07.271851" elapsed="0.001114"/>
</kw>
<kw name="Get From Dictionary" owner="Collections">
<msg time="2024-12-09T09:54:07.272965" level="INFO">${round} = X2</msg>
<var>${round}</var>
<arg>${row}</arg>
<arg>round</arg>
<doc>Returns a value from the given ``dictionary`` based on the given ``key``.</doc>
<status status="PASS" start="2024-12-09T09:54:07.272965" elapsed="0.000000"/>
</kw>
<kw name="Get From Dictionary" owner="Collections">
<msg time="2024-12-09T09:54:07.272965" level="INFO">${field} = การบำรุงรักษา</msg>
<var>${field}</var>
<arg>${row}</arg>
<arg>field</arg>
<doc>Returns a value from the given ``dictionary`` based on the given ``key``.</doc>
<status status="PASS" start="2024-12-09T09:54:07.272965" elapsed="0.000000"/>
</kw>
<kw name="Get From Dictionary" owner="Collections">
<msg time="2024-12-09T09:54:07.274051" level="INFO">${value} = Test</msg>
<var>${value}</var>
<arg>${row}</arg>
<arg>value</arg>
<doc>Returns a value from the given ``dictionary`` based on the given ``key``.</doc>
<status status="PASS" start="2024-12-09T09:54:07.272965" elapsed="0.001086"/>
</kw>
<kw name="Get From Dictionary" owner="Collections">
<msg time="2024-12-09T09:54:07.274051" level="INFO">${uuid} = 1717bc35-1ada-421b-830b-e4964748ecbb</msg>
<var>${uuid}</var>
<arg>${row}</arg>
<arg>uuid</arg>
<doc>Returns a value from the given ``dictionary`` based on the given ``key``.</doc>
<status status="PASS" start="2024-12-09T09:54:07.274051" elapsed="0.000000"/>
</kw>
<kw name="Set Suite Variable" owner="BuiltIn">
<msg time="2024-12-09T09:54:07.275139" level="INFO">${level_approve_8} = A2</msg>
<arg>${level_approve_${index}}</arg>
<arg>${level_approve}</arg>
<doc>Makes a variable available everywhere within the scope of the current suite.</doc>
<status status="PASS" start="2024-12-09T09:54:07.274051" elapsed="0.001088"/>
</kw>
<kw name="Set Suite Variable" owner="BuiltIn">
<msg time="2024-12-09T09:54:07.276225" level="INFO">${round_8} = X2</msg>
<arg>${round_${index}}</arg>
<arg>${round}</arg>
<doc>Makes a variable available everywhere within the scope of the current suite.</doc>
<status status="PASS" start="2024-12-09T09:54:07.275139" elapsed="0.001086"/>
</kw>
<kw name="Set Suite Variable" owner="BuiltIn">
<msg time="2024-12-09T09:54:07.277229" level="INFO">${field_8} = การบำรุงรักษา</msg>
<arg>${field_${index}}</arg>
<arg>${field}</arg>
<doc>Makes a variable available everywhere within the scope of the current suite.</doc>
<status status="PASS" start="2024-12-09T09:54:07.276225" elapsed="0.001004"/>
</kw>
<kw name="Set Suite Variable" owner="BuiltIn">
<msg time="2024-12-09T09:54:07.278317" level="INFO">${value_8} = Test</msg>
<arg>${value_${index}}</arg>
<arg>${value}</arg>
<doc>Makes a variable available everywhere within the scope of the current suite.</doc>
<status status="PASS" start="2024-12-09T09:54:07.277229" elapsed="0.001088"/>
</kw>
<kw name="Set Suite Variable" owner="BuiltIn">
<msg time="2024-12-09T09:54:07.279401" level="INFO">${uuid_8} = 1717bc35-1ada-421b-830b-e4964748ecbb</msg>
<arg>${uuid_${index}}</arg>
<arg>${uuid}</arg>
<doc>Makes a variable available everywhere within the scope of the current suite.</doc>
<status status="PASS" start="2024-12-09T09:54:07.278317" elapsed="0.001084"/>
</kw>
<kw name="Evaluate" owner="BuiltIn">
<msg time="2024-12-09T09:54:07.280499" level="INFO">${index} = 9</msg>
<var>${index}</var>
<arg>(${index}) + 1</arg>
<doc>Evaluates the given expression in Python and returns the result.</doc>
<status status="PASS" start="2024-12-09T09:54:07.280499" elapsed="0.000000"/>
</kw>
<var name="${row}">{'no': '8', 'level_approve': 'A2', 'round': 'X2', 'field': 'การบำรุงรักษา', 'value': 'Test', 'uuid': '1717bc35-1ada-421b-830b-e4964748ecbb'}</var>
<status status="PASS" start="2024-12-09T09:54:07.271851" elapsed="0.008648"/>
</iter>
<iter>
<kw name="Get From Dictionary" owner="Collections">
<msg time="2024-12-09T09:54:07.280499" level="INFO">${level_approve} = A2</msg>
<var>${level_approve}</var>
<arg>${row}</arg>
<arg>level_approve</arg>
<doc>Returns a value from the given ``dictionary`` based on the given ``key``.</doc>
<status status="PASS" start="2024-12-09T09:54:07.280499" elapsed="0.000000"/>
</kw>
<kw name="Get From Dictionary" owner="Collections">
<msg time="2024-12-09T09:54:07.281590" level="INFO">${round} = X2</msg>
<var>${round}</var>
<arg>${row}</arg>
<arg>round</arg>
<doc>Returns a value from the given ``dictionary`` based on the given ``key``.</doc>
<status status="PASS" start="2024-12-09T09:54:07.280499" elapsed="0.001091"/>
</kw>
<kw name="Get From Dictionary" owner="Collections">
<msg time="2024-12-09T09:54:07.281590" level="INFO">${field} = การใช้งาน</msg>
<var>${field}</var>
<arg>${row}</arg>
<arg>field</arg>
<doc>Returns a value from the given ``dictionary`` based on the given ``key``.</doc>
<status status="PASS" start="2024-12-09T09:54:07.281590" elapsed="0.000000"/>
</kw>
<kw name="Get From Dictionary" owner="Collections">
<msg time="2024-12-09T09:54:07.281590" level="INFO">${value} = Test</msg>
<var>${value}</var>
<arg>${row}</arg>
<arg>value</arg>
<doc>Returns a value from the given ``dictionary`` based on the given ``key``.</doc>
<status status="PASS" start="2024-12-09T09:54:07.281590" elapsed="0.000000"/>
</kw>
<kw name="Get From Dictionary" owner="Collections">
<msg time="2024-12-09T09:54:07.281590" level="INFO">${uuid} = 6ab4d441-d3f2-4395-9d3e-59591cda5e3c</msg>
<var>${uuid}</var>
<arg>${row}</arg>
<arg>uuid</arg>
<doc>Returns a value from the given ``dictionary`` based on the given ``key``.</doc>
<status status="PASS" start="2024-12-09T09:54:07.281590" elapsed="0.000000"/>
</kw>
<kw name="Set Suite Variable" owner="BuiltIn">
<msg time="2024-12-09T09:54:07.282680" level="INFO">${level_approve_9} = A2</msg>
<arg>${level_approve_${index}}</arg>
<arg>${level_approve}</arg>
<doc>Makes a variable available everywhere within the scope of the current suite.</doc>
<status status="PASS" start="2024-12-09T09:54:07.282680" elapsed="0.001094"/>
</kw>
<kw name="Set Suite Variable" owner="BuiltIn">
<msg time="2024-12-09T09:54:07.284877" level="INFO">${round_9} = X2</msg>
<arg>${round_${index}}</arg>
<arg>${round}</arg>
<doc>Makes a variable available everywhere within the scope of the current suite.</doc>
<status status="PASS" start="2024-12-09T09:54:07.283774" elapsed="0.001103"/>
</kw>
<kw name="Set Suite Variable" owner="BuiltIn">
<msg time="2024-12-09T09:54:07.286893" level="INFO">${field_9} = การใช้งาน</msg>
<arg>${field_${index}}</arg>
<arg>${field}</arg>
<doc>Makes a variable available everywhere within the scope of the current suite.</doc>
<status status="PASS" start="2024-12-09T09:54:07.284877" elapsed="0.002016"/>
</kw>
<kw name="Set Suite Variable" owner="BuiltIn">
<msg time="2024-12-09T09:54:07.289375" level="INFO">${value_9} = Test</msg>
<arg>${value_${index}}</arg>
<arg>${value}</arg>
<doc>Makes a variable available everywhere within the scope of the current suite.</doc>
<status status="PASS" start="2024-12-09T09:54:07.288362" elapsed="0.001013"/>
</kw>
<kw name="Set Suite Variable" owner="BuiltIn">
<msg time="2024-12-09T09:54:07.290472" level="INFO">${uuid_9} = 6ab4d441-d3f2-4395-9d3e-59591cda5e3c</msg>
<arg>${uuid_${index}}</arg>
<arg>${uuid}</arg>
<doc>Makes a variable available everywhere within the scope of the current suite.</doc>
<status status="PASS" start="2024-12-09T09:54:07.289375" elapsed="0.001097"/>
</kw>
<kw name="Evaluate" owner="BuiltIn">
<msg time="2024-12-09T09:54:07.291485" level="INFO">${index} = 10</msg>
<var>${index}</var>
<arg>(${index}) + 1</arg>
<doc>Evaluates the given expression in Python and returns the result.</doc>
<status status="PASS" start="2024-12-09T09:54:07.291485" elapsed="0.000000"/>
</kw>
<var name="${row}">{'no': '9', 'level_approve': 'A2', 'round': 'X2', 'field': 'การใช้งาน', 'value': 'Test', 'uuid': '6ab4d441-d3f2-4395-9d3e-59591cda5e3c'}</var>
<status status="PASS" start="2024-12-09T09:54:07.280499" elapsed="0.010986"/>
</iter>
<iter>
<kw name="Get From Dictionary" owner="Collections">
<msg time="2024-12-09T09:54:07.292648" level="INFO">${level_approve} = A2</msg>
<var>${level_approve}</var>
<arg>${row}</arg>
<arg>level_approve</arg>
<doc>Returns a value from the given ``dictionary`` based on the given ``key``.</doc>
<status status="PASS" start="2024-12-09T09:54:07.292648" elapsed="0.000000"/>
</kw>
<kw name="Get From Dictionary" owner="Collections">
<msg time="2024-12-09T09:54:07.293675" level="INFO">${round} = X2</msg>
<var>${round}</var>
<arg>${row}</arg>
<arg>round</arg>
<doc>Returns a value from the given ``dictionary`` based on the given ``key``.</doc>
<status status="PASS" start="2024-12-09T09:54:07.293675" elapsed="0.000000"/>
</kw>
<kw name="Get From Dictionary" owner="Collections">
<msg time="2024-12-09T09:54:07.293675" level="INFO">${field} = ข้อควรระวัง</msg>
<var>${field}</var>
<arg>${row}</arg>
<arg>field</arg>
<doc>Returns a value from the given ``dictionary`` based on the given ``key``.</doc>
<status status="PASS" start="2024-12-09T09:54:07.293675" elapsed="0.000000"/>
</kw>
<kw name="Get From Dictionary" owner="Collections">
<msg time="2024-12-09T09:54:07.294766" level="INFO">${value} = Test</msg>
<var>${value}</var>
<arg>${row}</arg>
<arg>value</arg>
<doc>Returns a value from the given ``dictionary`` based on the given ``key``.</doc>
<status status="PASS" start="2024-12-09T09:54:07.293675" elapsed="0.001091"/>
</kw>
<kw name="Get From Dictionary" owner="Collections">
<msg time="2024-12-09T09:54:07.294766" level="INFO">${uuid} = 9190f166-3d2e-4e7c-a04c-73eacfb84fc8</msg>
<var>${uuid}</var>
<arg>${row}</arg>
<arg>uuid</arg>
<doc>Returns a value from the given ``dictionary`` based on the given ``key``.</doc>
<status status="PASS" start="2024-12-09T09:54:07.294766" elapsed="0.000000"/>
</kw>
<kw name="Set Suite Variable" owner="BuiltIn">
<msg time="2024-12-09T09:54:07.295349" level="INFO">${level_approve_10} = A2</msg>
<arg>${level_approve_${index}}</arg>
<arg>${level_approve}</arg>
<doc>Makes a variable available everywhere within the scope of the current suite.</doc>
<status status="PASS" start="2024-12-09T09:54:07.294766" elapsed="0.000583"/>
</kw>
<kw name="Set Suite Variable" owner="BuiltIn">
<msg time="2024-12-09T09:54:07.297540" level="INFO">${round_10} = X2</msg>
<arg>${round_${index}}</arg>
<arg>${round}</arg>
<doc>Makes a variable available everywhere within the scope of the current suite.</doc>
<status status="PASS" start="2024-12-09T09:54:07.296439" elapsed="0.001101"/>
</kw>
<kw name="Set Suite Variable" owner="BuiltIn">
<msg time="2024-12-09T09:54:07.298644" level="INFO">${field_10} = ข้อควรระวัง</msg>
<arg>${field_${index}}</arg>
<arg>${field}</arg>
<doc>Makes a variable available everywhere within the scope of the current suite.</doc>
<status status="PASS" start="2024-12-09T09:54:07.297540" elapsed="0.001104"/>
</kw>
<kw name="Set Suite Variable" owner="BuiltIn">
<msg time="2024-12-09T09:54:07.299729" level="INFO">${value_10} = Test</msg>
<arg>${value_${index}}</arg>
<arg>${value}</arg>
<doc>Makes a variable available everywhere within the scope of the current suite.</doc>
<status status="PASS" start="2024-12-09T09:54:07.298644" elapsed="0.001085"/>
</kw>
<kw name="Set Suite Variable" owner="BuiltIn">
<msg time="2024-12-09T09:54:07.300825" level="INFO">${uuid_10} = 9190f166-3d2e-4e7c-a04c-73eacfb84fc8</msg>
<arg>${uuid_${index}}</arg>
<arg>${uuid}</arg>
<doc>Makes a variable available everywhere within the scope of the current suite.</doc>
<status status="PASS" start="2024-12-09T09:54:07.299729" elapsed="0.001096"/>
</kw>
<kw name="Evaluate" owner="BuiltIn">
<msg time="2024-12-09T09:54:07.300825" level="INFO">${index} = 11</msg>
<var>${index}</var>
<arg>(${index}) + 1</arg>
<doc>Evaluates the given expression in Python and returns the result.</doc>
<status status="PASS" start="2024-12-09T09:54:07.300825" elapsed="0.000000"/>
</kw>
<var name="${row}">{'no': '10', 'level_approve': 'A2', 'round': 'X2', 'field': 'ข้อควรระวัง', 'value': 'Test', 'uuid': '9190f166-3d2e-4e7c-a04c-73eacfb84fc8'}</var>
<status status="PASS" start="2024-12-09T09:54:07.291485" elapsed="0.009340"/>
</iter>
<iter>
<kw name="Get From Dictionary" owner="Collections">
<msg time="2024-12-09T09:54:07.301937" level="INFO">${level_approve} = A2</msg>
<var>${level_approve}</var>
<arg>${row}</arg>
<arg>level_approve</arg>
<doc>Returns a value from the given ``dictionary`` based on the given ``key``.</doc>
<status status="PASS" start="2024-12-09T09:54:07.300825" elapsed="0.001112"/>
</kw>
<kw name="Get From Dictionary" owner="Collections">
<msg time="2024-12-09T09:54:07.303093" level="INFO">${round} = X3</msg>
<var>${round}</var>
<arg>${row}</arg>
<arg>round</arg>
<doc>Returns a value from the given ``dictionary`` based on the given ``key``.</doc>
<status status="PASS" start="2024-12-09T09:54:07.303093" elapsed="0.000000"/>
</kw>
<kw name="Get From Dictionary" owner="Collections">
<msg time="2024-12-09T09:54:07.304435" level="INFO">${field} = จำนวน(วัน)</msg>
<var>${field}</var>
<arg>${row}</arg>
<arg>field</arg>
<doc>Returns a value from the given ``dictionary`` based on the given ``key``.</doc>
<status status="PASS" start="2024-12-09T09:54:07.304435" elapsed="0.000000"/>
</kw>
<kw name="Get From Dictionary" owner="Collections">
<msg time="2024-12-09T09:54:07.305454" level="INFO">${value} = 1</msg>
<var>${value}</var>
<arg>${row}</arg>
<arg>value</arg>
<doc>Returns a value from the given ``dictionary`` based on the given ``key``.</doc>
<status status="PASS" start="2024-12-09T09:54:07.304435" elapsed="0.001019"/>
</kw>
<kw name="Get From Dictionary" owner="Collections">
<msg time="2024-12-09T09:54:07.305454" level="INFO">${uuid} = 132e1355-cc8c-4c19-9027-72557a76b7d1</msg>
<var>${uuid}</var>
<arg>${row}</arg>
<arg>uuid</arg>
<doc>Returns a value from the given ``dictionary`` based on the given ``key``.</doc>
<status status="PASS" start="2024-12-09T09:54:07.305454" elapsed="0.000000"/>
</kw>
<kw name="Set Suite Variable" owner="BuiltIn">
<msg time="2024-12-09T09:54:07.306589" level="INFO">${level_approve_11} = A2</msg>
<arg>${level_approve_${index}}</arg>
<arg>${level_approve}</arg>
<doc>Makes a variable available everywhere within the scope of the current suite.</doc>
<status status="PASS" start="2024-12-09T09:54:07.305454" elapsed="0.001135"/>
</kw>
<kw name="Set Suite Variable" owner="BuiltIn">
<msg time="2024-12-09T09:54:07.308674" level="INFO">${round_11} = X3</msg>
<arg>${round_${index}}</arg>
<arg>${round}</arg>
<doc>Makes a variable available everywhere within the scope of the current suite.</doc>
<status status="PASS" start="2024-12-09T09:54:07.307681" elapsed="0.000993"/>
</kw>
<kw name="Set Suite Variable" owner="BuiltIn">
<msg time="2024-12-09T09:54:07.309274" level="INFO">${field_11} = จำนวน(วัน)</msg>
<arg>${field_${index}}</arg>
<arg>${field}</arg>
<doc>Makes a variable available everywhere within the scope of the current suite.</doc>
<status status="PASS" start="2024-12-09T09:54:07.308674" elapsed="0.000600"/>
</kw>
<kw name="Set Suite Variable" owner="BuiltIn">
<msg time="2024-12-09T09:54:07.310365" level="INFO">${value_11} = 1</msg>
<arg>${value_${index}}</arg>
<arg>${value}</arg>
<doc>Makes a variable available everywhere within the scope of the current suite.</doc>
<status status="PASS" start="2024-12-09T09:54:07.309274" elapsed="0.001091"/>
</kw>
<kw name="Set Suite Variable" owner="BuiltIn">
<msg time="2024-12-09T09:54:07.312569" level="INFO">${uuid_11} = 132e1355-cc8c-4c19-9027-72557a76b7d1</msg>
<arg>${uuid_${index}}</arg>
<arg>${uuid}</arg>
<doc>Makes a variable available everywhere within the scope of the current suite.</doc>
<status status="PASS" start="2024-12-09T09:54:07.311464" elapsed="0.001105"/>
</kw>
<kw name="Evaluate" owner="BuiltIn">
<msg time="2024-12-09T09:54:07.312569" level="INFO">${index} = 12</msg>
<var>${index}</var>
<arg>(${index}) + 1</arg>
<doc>Evaluates the given expression in Python and returns the result.</doc>
<status status="PASS" start="2024-12-09T09:54:07.312569" elapsed="0.000000"/>
</kw>
<var name="${row}">{'no': '11', 'level_approve': 'A2', 'round': 'X3', 'field': 'จำนวน(วัน)', 'value': '1', 'uuid': '132e1355-cc8c-4c19-9027-72557a76b7d1'}</var>
<status status="PASS" start="2024-12-09T09:54:07.300825" elapsed="0.011744"/>
</iter>
<iter>
<kw name="Get From Dictionary" owner="Collections">
<msg time="2024-12-09T09:54:07.313663" level="INFO">${level_approve} = A2</msg>
<var>${level_approve}</var>
<arg>${row}</arg>
<arg>level_approve</arg>
<doc>Returns a value from the given ``dictionary`` based on the given ``key``.</doc>
<status status="PASS" start="2024-12-09T09:54:07.312569" elapsed="0.001094"/>
</kw>
<kw name="Get From Dictionary" owner="Collections">
<msg time="2024-12-09T09:54:07.313663" level="INFO">${round} = X3</msg>
<var>${round}</var>
<arg>${row}</arg>
<arg>round</arg>
<doc>Returns a value from the given ``dictionary`` based on the given ``key``.</doc>
<status status="PASS" start="2024-12-09T09:54:07.313663" elapsed="0.000000"/>
</kw>
<kw name="Get From Dictionary" owner="Collections">
<msg time="2024-12-09T09:54:07.313663" level="INFO">${field} = ชื่อแบรนด์สินค้า(ยี่ห้อ) (Brand)</msg>
<var>${field}</var>
<arg>${row}</arg>
<arg>field</arg>
<doc>Returns a value from the given ``dictionary`` based on the given ``key``.</doc>
<status status="PASS" start="2024-12-09T09:54:07.313663" elapsed="0.000000"/>
</kw>
<kw name="Get From Dictionary" owner="Collections">
<msg time="2024-12-09T09:54:07.314786" level="INFO">${value} = A021: ALTRON</msg>
<var>${value}</var>
<arg>${row}</arg>
<arg>value</arg>
<doc>Returns a value from the given ``dictionary`` based on the given ``key``.</doc>
<status status="PASS" start="2024-12-09T09:54:07.313663" elapsed="0.001123"/>
</kw>
<kw name="Get From Dictionary" owner="Collections">
<msg time="2024-12-09T09:54:07.314786" level="INFO">${uuid} = e3307131-3c4e-4f1f-9bdc-18d70706555a</msg>
<var>${uuid}</var>
<arg>${row}</arg>
<arg>uuid</arg>
<doc>Returns a value from the given ``dictionary`` based on the given ``key``.</doc>
<status status="PASS" start="2024-12-09T09:54:07.314786" elapsed="0.000000"/>
</kw>
<kw name="Set Suite Variable" owner="BuiltIn">
<msg time="2024-12-09T09:54:07.315881" level="INFO">${level_approve_12} = A2</msg>
<arg>${level_approve_${index}}</arg>
<arg>${level_approve}</arg>
<doc>Makes a variable available everywhere within the scope of the current suite.</doc>
<status status="PASS" start="2024-12-09T09:54:07.314786" elapsed="0.001095"/>
</kw>
<kw name="Set Suite Variable" owner="BuiltIn">
<msg time="2024-12-09T09:54:07.316998" level="INFO">${round_12} = X3</msg>
<arg>${round_${index}}</arg>
<arg>${round}</arg>
<doc>Makes a variable available everywhere within the scope of the current suite.</doc>
<status status="PASS" start="2024-12-09T09:54:07.315881" elapsed="0.001117"/>
</kw>
<kw name="Set Suite Variable" owner="BuiltIn">
<msg time="2024-12-09T09:54:07.320020" level="INFO">${field_12} = ชื่อแบรนด์สินค้า(ยี่ห้อ) (Brand)</msg>
<arg>${field_${index}}</arg>
<arg>${field}</arg>
<doc>Makes a variable available everywhere within the scope of the current suite.</doc>
<status status="PASS" start="2024-12-09T09:54:07.318100" elapsed="0.001920"/>
</kw>
<kw name="Set Suite Variable" owner="BuiltIn">
<msg time="2024-12-09T09:54:07.322099" level="INFO">${value_12} = A021: ALTRON</msg>
<arg>${value_${index}}</arg>
<arg>${value}</arg>
<doc>Makes a variable available everywhere within the scope of the current suite.</doc>
<status status="PASS" start="2024-12-09T09:54:07.321020" elapsed="0.001079"/>
</kw>
<kw name="Set Suite Variable" owner="BuiltIn">
<msg time="2024-12-09T09:54:07.323097" level="INFO">${uuid_12} = e3307131-3c4e-4f1f-9bdc-18d70706555a</msg>
<arg>${uuid_${index}}</arg>
<arg>${uuid}</arg>
<doc>Makes a variable available everywhere within the scope of the current suite.</doc>
<status status="PASS" start="2024-12-09T09:54:07.322099" elapsed="0.000998"/>
</kw>
<kw name="Evaluate" owner="BuiltIn">
<msg time="2024-12-09T09:54:07.324100" level="INFO">${index} = 13</msg>
<var>${index}</var>
<arg>(${index}) + 1</arg>
<doc>Evaluates the given expression in Python and returns the result.</doc>
<status status="PASS" start="2024-12-09T09:54:07.324100" elapsed="0.000000"/>
</kw>
<var name="${row}">{'no': '12', 'level_approve': 'A2', 'round': 'X3', 'field': 'ชื่อแบรนด์สินค้า(ยี่ห้อ) (Brand)', 'value': 'A021: ALTRON', 'uuid': 'e3307131-3c4e-4f1f-9bdc-18d70706555a'}</var>
<status status="PASS" start="2024-12-09T09:54:07.312569" elapsed="0.011531"/>
</iter>
<iter>
<kw name="Get From Dictionary" owner="Collections">
<msg time="2024-12-09T09:54:07.325096" level="INFO">${level_approve} = A2</msg>
<var>${level_approve}</var>
<arg>${row}</arg>
<arg>level_approve</arg>
<doc>Returns a value from the given ``dictionary`` based on the given ``key``.</doc>
<status status="PASS" start="2024-12-09T09:54:07.324100" elapsed="0.000996"/>
</kw>
<kw name="Get From Dictionary" owner="Collections">
<msg time="2024-12-09T09:54:07.325096" level="INFO">${round} = X3</msg>
<var>${round}</var>
<arg>${row}</arg>
<arg>round</arg>
<doc>Returns a value from the given ``dictionary`` based on the given ``key``.</doc>
<status status="PASS" start="2024-12-09T09:54:07.325096" elapsed="0.000000"/>
</kw>
<kw name="Get From Dictionary" owner="Collections">
<msg time="2024-12-09T09:54:07.326102" level="INFO">${field} = ประเภทของการรับประกัน</msg>
<var>${field}</var>
<arg>${row}</arg>
<arg>field</arg>
<doc>Returns a value from the given ``dictionary`` based on the given ``key``.</doc>
<status status="PASS" start="2024-12-09T09:54:07.326102" elapsed="0.000000"/>
</kw>
<kw name="Get From Dictionary" owner="Collections">
<msg time="2024-12-09T09:54:07.326102" level="INFO">${value} = 01: รับประกันทุกกรณี</msg>
<var>${value}</var>
<arg>${row}</arg>
<arg>value</arg>
<doc>Returns a value from the given ``dictionary`` based on the given ``key``.</doc>
<status status="PASS" start="2024-12-09T09:54:07.326102" elapsed="0.000000"/>
</kw>
<kw name="Get From Dictionary" owner="Collections">
<msg time="2024-12-09T09:54:07.326102" level="INFO">${uuid} = 42619105-9af0-4a0f-ab1d-720c063e0005</msg>
<var>${uuid}</var>
<arg>${row}</arg>
<arg>uuid</arg>
<doc>Returns a value from the given ``dictionary`` based on the given ``key``.</doc>
<status status="PASS" start="2024-12-09T09:54:07.326102" elapsed="0.000000"/>
</kw>
<kw name="Set Suite Variable" owner="BuiltIn">
<msg time="2024-12-09T09:54:07.328115" level="INFO">${level_approve_13} = A2</msg>
<arg>${level_approve_${index}}</arg>
<arg>${level_approve}</arg>
<doc>Makes a variable available everywhere within the scope of the current suite.</doc>
<status status="PASS" start="2024-12-09T09:54:07.327099" elapsed="0.001016"/>
</kw>
<kw name="Set Suite Variable" owner="BuiltIn">
<msg time="2024-12-09T09:54:07.330020" level="INFO">${round_13} = X3</msg>
<arg>${round_${index}}</arg>
<arg>${round}</arg>
<doc>Makes a variable available everywhere within the scope of the current suite.</doc>
<status status="PASS" start="2024-12-09T09:54:07.328115" elapsed="0.001905"/>
</kw>
<kw name="Set Suite Variable" owner="BuiltIn">
<msg time="2024-12-09T09:54:07.332070" level="INFO">${field_13} = ประเภทของการรับประกัน</msg>
<arg>${field_${index}}</arg>
<arg>${field}</arg>
<doc>Makes a variable available everywhere within the scope of the current suite.</doc>
<status status="PASS" start="2024-12-09T09:54:07.330020" elapsed="0.002050"/>
</kw>
<kw name="Set Suite Variable" owner="BuiltIn">
<msg time="2024-12-09T09:54:07.335020" level="INFO">${value_13} = 01: รับประกันทุกกรณี</msg>
<arg>${value_${index}}</arg>
<arg>${value}</arg>
<doc>Makes a variable available everywhere within the scope of the current suite.</doc>
<status status="PASS" start="2024-12-09T09:54:07.332070" elapsed="0.003950"/>
</kw>
<kw name="Set Suite Variable" owner="BuiltIn">
<msg time="2024-12-09T09:54:07.340020" level="INFO">${uuid_13} = 42619105-9af0-4a0f-ab1d-720c063e0005</msg>
<arg>${uuid_${index}}</arg>
<arg>${uuid}</arg>
<doc>Makes a variable available everywhere within the scope of the current suite.</doc>
<status status="PASS" start="2024-12-09T09:54:07.337020" elapsed="0.003000"/>
</kw>
<kw name="Evaluate" owner="BuiltIn">
<msg time="2024-12-09T09:54:07.341020" level="INFO">${index} = 14</msg>
<var>${index}</var>
<arg>(${index}) + 1</arg>
<doc>Evaluates the given expression in Python and returns the result.</doc>
<status status="PASS" start="2024-12-09T09:54:07.340020" elapsed="0.001000"/>
</kw>
<var name="${row}">{'no': '13', 'level_approve': 'A2', 'round': 'X3', 'field': 'ประเภทของการรับประกัน', 'value': '01: รับประกันทุกกรณี', 'uuid': '42619105-9af0-4a0f-ab1d-720c063e0005'}</var>
<status status="PASS" start="2024-12-09T09:54:07.324100" elapsed="0.016920"/>
</iter>
<iter>
<kw name="Get From Dictionary" owner="Collections">
<msg time="2024-12-09T09:54:07.342050" level="INFO">${level_approve} = A2</msg>
<var>${level_approve}</var>
<arg>${row}</arg>
<arg>level_approve</arg>
<doc>Returns a value from the given ``dictionary`` based on the given ``key``.</doc>
<status status="PASS" start="2024-12-09T09:54:07.341020" elapsed="0.001030"/>
</kw>
<kw name="Get From Dictionary" owner="Collections">
<msg time="2024-12-09T09:54:07.342050" level="INFO">${round} = X3</msg>
<var>${round}</var>
<arg>${row}</arg>
<arg>round</arg>
<doc>Returns a value from the given ``dictionary`` based on the given ``key``.</doc>
<status status="PASS" start="2024-12-09T09:54:07.342050" elapsed="0.000000"/>
</kw>
<kw name="Get From Dictionary" owner="Collections">
[...]
</kw>
<kw name="Click button Approve edit field" owner="Menu_editmass_v3">
<kw name="Wait And Click Element" owner="common_art">
<kw name="Wait Until Keyword Succeeds" owner="BuiltIn">
<kw name="Click Element with Delay" owner="common_art">
<kw name="Click Element" owner="SeleniumLibrary">
<msg time="2024-12-09T09:54:48.993147" level="INFO">Clicking element '//span[text()="ขออนุมัติแก้ไข"]/parent::button'.</msg>
<msg time="2024-12-09T09:54:50.220531" level="INFO" html="true">&lt;/td&gt;&lt;/tr&gt;&lt;tr&gt;&lt;td colspan="3"&gt;&lt;a href="selenium-screenshot-2.png"&gt;&lt;img src="selenium-screenshot-2.png" width="800px"&gt;&lt;/a&gt;</msg>
<msg time="2024-12-09T09:54:50.220531" level="FAIL">ElementClickInterceptedException: Message: element click intercepted: Element &lt;button class="MuiButtonBase-root MuiButton-root MuiButton-text jss99" tabindex="0" type="button"&gt;...&lt;/button&gt; is not clickable at point (1825, 699). Other element would receive the click: &lt;div class="dx-overlay-wrapper jss120 dx-popup-wrapper dx-overlay-shader" data-bind="dxControlsDescendantBindings: true" style="z-index: 1502; position: absolute; left: 0px; top: 0px; transform: translate(0px, 0px); transition: all; overflow: visible;"&gt;...&lt;/div&gt;
  (Session info: chrome=131.0.6778.86)
Stacktrace:
	GetHandleVerifier [0x00007FF743856CB5+28821]
	(No symbol) [0x00007FF7437C3840]
	(No symbol) [0x00007FF74366578A]
	(No symbol) [0x00007FF7436C0E8E]
	(No symbol) [0x00007FF7436BE92C]
	(No symbol) [0x00007FF7436BBAF6]
	(No symbol) [0x00007FF7436BAA51]
	(No symbol) [0x00007FF7436ACBA0]
	(No symbol) [0x00007FF7436DF2FA]
	(No symbol) [0x00007FF7436AC3F6]
	(No symbol) [0x00007FF7436DF510]
	(No symbol) [0x00007FF7436FF412]
	(No symbol) [0x00007FF7436DF0A3]
	(No symbol) [0x00007FF7436AA778]
	(No symbol) [0x00007FF7436AB8E1]
	GetHandleVerifier [0x00007FF743B8FCAD+3408013]
	GetHandleVerifier [0x00007FF743BA741F+3504127]
	GetHandleVerifier [0x00007FF743B9B5FD+3455453]
	GetHandleVerifier [0x00007FF74391BDBB+835995]
	(No symbol) [0x00007FF7437CEB5F]
	(No symbol) [0x00007FF7437CA814]
	(No symbol) [0x00007FF7437CA9AD]
	(No symbol) [0x00007FF7437BA199]
	BaseThreadInitThunk [0x00007FF9C944259D+29]
	RtlUserThreadStart [0x00007FF9CB5EAF38+40]
</msg>
<arg>${locator}</arg>
<doc>Click the element identified by ``locator``.</doc>
<status status="FAIL" start="2024-12-09T09:54:48.993147" elapsed="1.228497">ElementClickInterceptedException: Message: element click intercepted: Element &lt;button class="MuiButtonBase-root MuiButton-root MuiButton-text jss99" tabindex="0" type="button"&gt;...&lt;/button&gt; is not clickable at point (1825, 699). Other element would receive the click: &lt;div class="dx-overlay-wrapper jss120 dx-popup-wrapper dx-overlay-shader" data-bind="dxControlsDescendantBindings: true" style="z-index: 1502; position: absolute; left: 0px; top: 0px; transform: translate(0px, 0px); transition: all; overflow: visible;"&gt;...&lt;/div&gt;
  (Session info: chrome=131.0.6778.86)
Stacktrace:
	GetHandleVerifier [0x00007FF743856CB5+28821]
	(No symbol) [0x00007FF7437C3840]
	(No symbol) [0x00007FF74366578A]
	(No symbol) [0x00007FF7436C0E8E]
	(No symbol) [0x00007FF7436BE92C]
	(No symbol) [0x00007FF7436BBAF6]
	(No symbol) [0x00007FF7436BAA51]
	(No symbol) [0x00007FF7436ACBA0]
	(No symbol) [0x00007FF7436DF2FA]
	(No symbol) [0x00007FF7436AC3F6]
	(No symbol) [0x00007FF7436DF510]
	(No symbol) [0x00007FF7436FF412]
	(No symbol) [0x00007FF7436DF0A3]
	(No symbol) [0x00007FF7436AA778]
	(No symbol) [0x00007FF7436AB8E1]
	GetHandleVerifier [0x00007FF743B8FCAD+3408013]
	GetHandleVerifier [0x00007FF743BA741F+3504127]
	GetHandleVerifier [0x00007FF743B9B5FD+3455453]
	GetHandleVerifier [0x00007FF74391BDBB+835995]
	(No symbol) [0x00007FF7437CEB5F]
	(No symbol) [0x00007FF7437CA814]
	(No symbol) [0x00007FF7437CA9AD]
	(No symbol) [0x00007FF7437BA199]
	BaseThreadInitThunk [0x00007FF9C944259D+29]
	RtlUserThreadStart [0x00007FF9CB5EAF38+40]
</status>
</kw>
<kw name="Sleep" owner="BuiltIn">
<arg>1s</arg>
<doc>Pauses the test executed for the given time.</doc>
<status status="NOT RUN" start="2024-12-09T09:54:50.221644" elapsed="0.000000"/>
</kw>
<arg>${locator}</arg>
<status status="FAIL" start="2024-12-09T09:54:48.993147" elapsed="1.229621">ElementClickInterceptedException: Message: element click intercepted: Element &lt;button class="MuiButtonBase-root MuiButton-root MuiButton-text jss99" tabindex="0" type="button"&gt;...&lt;/button&gt; is not clickable at point (1825, 699). Other element would receive the click: &lt;div class="dx-overlay-wrapper jss120 dx-popup-wrapper dx-overlay-shader" data-bind="dxControlsDescendantBindings: true" style="z-index: 1502; position: absolute; left: 0px; top: 0px; transform: translate(0px, 0px); transition: all; overflow: visible;"&gt;...&lt;/div&gt;
  (Session info: chrome=131.0.6778.86)
Stacktrace:
	GetHandleVerifier [0x00007FF743856CB5+28821]
	(No symbol) [0x00007FF7437C3840]
	(No symbol) [0x00007FF74366578A]
	(No symbol) [0x00007FF7436C0E8E]
	(No symbol) [0x00007FF7436BE92C]
	(No symbol) [0x00007FF7436BBAF6]
	(No symbol) [0x00007FF7436BAA51]
	(No symbol) [0x00007FF7436ACBA0]
	(No symbol) [0x00007FF7436DF2FA]
	(No symbol) [0x00007FF7436AC3F6]
	(No symbol) [0x00007FF7436DF510]
	(No symbol) [0x00007FF7436FF412]
	(No symbol) [0x00007FF7436DF0A3]
	(No symbol) [0x00007FF7436AA778]
	(No symbol) [0x00007FF7436AB8E1]
	GetHandleVerifier [0x00007FF743B8FCAD+3408013]
	GetHandleVerifier [0x00007FF743BA741F+3504127]
	GetHandleVerifier [0x00007FF743B9B5FD+3455453]
	GetHandleVerifier [0x00007FF74391BDBB+835995]
	(No symbol) [0x00007FF7437CEB5F]
	(No symbol) [0x00007FF7437CA814]
	(No symbol) [0x00007FF7437CA9AD]
	(No symbol) [0x00007FF7437BA199]
	BaseThreadInitThunk [0x00007FF9C944259D+29]
	RtlUserThreadStart [0x00007FF9CB5EAF38+40]
</status>
</kw>
<kw name="Click Element with Delay" owner="common_art">
<kw name="Click Element" owner="SeleniumLibrary">
<msg time="2024-12-09T09:54:52.223017" level="INFO">Clicking element '//span[text()="ขออนุมัติแก้ไข"]/parent::button'.</msg>
<msg time="2024-12-09T09:54:53.435545" level="INFO" html="true">&lt;/td&gt;&lt;/tr&gt;&lt;tr&gt;&lt;td colspan="3"&gt;&lt;a href="selenium-screenshot-3.png"&gt;&lt;img src="selenium-screenshot-3.png" width="800px"&gt;&lt;/a&gt;</msg>
<msg time="2024-12-09T09:54:53.436543" level="FAIL">ElementClickInterceptedException: Message: element click intercepted: Element &lt;button class="MuiButtonBase-root MuiButton-root MuiButton-text jss99" tabindex="0" type="button"&gt;...&lt;/button&gt; is not clickable at point (1825, 699). Other element would receive the click: &lt;div class="dx-overlay-wrapper jss120 dx-popup-wrapper dx-overlay-shader" data-bind="dxControlsDescendantBindings: true" style="z-index: 1502; position: absolute; left: 0px; top: 0px; transform: translate(0px, 0px); transition: all; overflow: visible;"&gt;...&lt;/div&gt;
  (Session info: chrome=131.0.6778.86)
Stacktrace:
	GetHandleVerifier [0x00007FF743856CB5+28821]
	(No symbol) [0x00007FF7437C3840]
	(No symbol) [0x00007FF74366578A]
	(No symbol) [0x00007FF7436C0E8E]
	(No symbol) [0x00007FF7436BE92C]
	(No symbol) [0x00007FF7436BBAF6]
	(No symbol) [0x00007FF7436BAA51]
	(No symbol) [0x00007FF7436ACBA0]
	(No symbol) [0x00007FF7436DF2FA]
	(No symbol) [0x00007FF7436AC3F6]
	(No symbol) [0x00007FF7436DF510]
	(No symbol) [0x00007FF7436FF412]
	(No symbol) [0x00007FF7436DF0A3]
	(No symbol) [0x00007FF7436AA778]
	(No symbol) [0x00007FF7436AB8E1]
	GetHandleVerifier [0x00007FF743B8FCAD+3408013]
	GetHandleVerifier [0x00007FF743BA741F+3504127]
	GetHandleVerifier [0x00007FF743B9B5FD+3455453]
	GetHandleVerifier [0x00007FF74391BDBB+835995]
	(No symbol) [0x00007FF7437CEB5F]
	(No symbol) [0x00007FF7437CA814]
	(No symbol) [0x00007FF7437CA9AD]
	(No symbol) [0x00007FF7437BA199]
	BaseThreadInitThunk [0x00007FF9C944259D+29]
	RtlUserThreadStart [0x00007FF9CB5EAF38+40]
</msg>
<arg>${locator}</arg>
<doc>Click the element identified by ``locator``.</doc>
<status status="FAIL" start="2024-12-09T09:54:52.223017" elapsed="1.213526">ElementClickInterceptedException: Message: element click intercepted: Element &lt;button class="MuiButtonBase-root MuiButton-root MuiButton-text jss99" tabindex="0" type="button"&gt;...&lt;/button&gt; is not clickable at point (1825, 699). Other element would receive the click: &lt;div class="dx-overlay-wrapper jss120 dx-popup-wrapper dx-overlay-shader" data-bind="dxControlsDescendantBindings: true" style="z-index: 1502; position: absolute; left: 0px; top: 0px; transform: translate(0px, 0px); transition: all; overflow: visible;"&gt;...&lt;/div&gt;
  (Session info: chrome=131.0.6778.86)
Stacktrace:
	GetHandleVerifier [0x00007FF743856CB5+28821]
	(No symbol) [0x00007FF7437C3840]
	(No symbol) [0x00007FF74366578A]
	(No symbol) [0x00007FF7436C0E8E]
	(No symbol) [0x00007FF7436BE92C]
	(No symbol) [0x00007FF7436BBAF6]
	(No symbol) [0x00007FF7436BAA51]
	(No symbol) [0x00007FF7436ACBA0]
	(No symbol) [0x00007FF7436DF2FA]
	(No symbol) [0x00007FF7436AC3F6]
	(No symbol) [0x00007FF7436DF510]
	(No symbol) [0x00007FF7436FF412]
	(No symbol) [0x00007FF7436DF0A3]
	(No symbol) [0x00007FF7436AA778]
	(No symbol) [0x00007FF7436AB8E1]
	GetHandleVerifier [0x00007FF743B8FCAD+3408013]
	GetHandleVerifier [0x00007FF743BA741F+3504127]
	GetHandleVerifier [0x00007FF743B9B5FD+3455453]
	GetHandleVerifier [0x00007FF74391BDBB+835995]
	(No symbol) [0x00007FF7437CEB5F]
	(No symbol) [0x00007FF7437CA814]
	(No symbol) [0x00007FF7437CA9AD]
	(No symbol) [0x00007FF7437BA199]
	BaseThreadInitThunk [0x00007FF9C944259D+29]
	RtlUserThreadStart [0x00007FF9CB5EAF38+40]
</status>
</kw>
<kw name="Sleep" owner="BuiltIn">
<arg>1s</arg>
<doc>Pauses the test executed for the given time.</doc>
<status status="NOT RUN" start="2024-12-09T09:54:53.437544" elapsed="0.000000"/>
</kw>
<arg>${locator}</arg>
<status status="FAIL" start="2024-12-09T09:54:52.223017" elapsed="1.214527">ElementClickInterceptedException: Message: element click intercepted: Element &lt;button class="MuiButtonBase-root MuiButton-root MuiButton-text jss99" tabindex="0" type="button"&gt;...&lt;/button&gt; is not clickable at point (1825, 699). Other element would receive the click: &lt;div class="dx-overlay-wrapper jss120 dx-popup-wrapper dx-overlay-shader" data-bind="dxControlsDescendantBindings: true" style="z-index: 1502; position: absolute; left: 0px; top: 0px; transform: translate(0px, 0px); transition: all; overflow: visible;"&gt;...&lt;/div&gt;
  (Session info: chrome=131.0.6778.86)
Stacktrace:
	GetHandleVerifier [0x00007FF743856CB5+28821]
	(No symbol) [0x00007FF7437C3840]
	(No symbol) [0x00007FF74366578A]
	(No symbol) [0x00007FF7436C0E8E]
	(No symbol) [0x00007FF7436BE92C]
	(No symbol) [0x00007FF7436BBAF6]
	(No symbol) [0x00007FF7436BAA51]
	(No symbol) [0x00007FF7436ACBA0]
	(No symbol) [0x00007FF7436DF2FA]
	(No symbol) [0x00007FF7436AC3F6]
	(No symbol) [0x00007FF7436DF510]
	(No symbol) [0x00007FF7436FF412]
	(No symbol) [0x00007FF7436DF0A3]
	(No symbol) [0x00007FF7436AA778]
	(No symbol) [0x00007FF7436AB8E1]
	GetHandleVerifier [0x00007FF743B8FCAD+3408013]
	GetHandleVerifier [0x00007FF743BA741F+3504127]
	GetHandleVerifier [0x00007FF743B9B5FD+3455453]
	GetHandleVerifier [0x00007FF74391BDBB+835995]
	(No symbol) [0x00007FF7437CEB5F]
	(No symbol) [0x00007FF7437CA814]
	(No symbol) [0x00007FF7437CA9AD]
	(No symbol) [0x00007FF7437BA199]
	BaseThreadInitThunk [0x00007FF9C944259D+29]
	RtlUserThreadStart [0x00007FF9CB5EAF38+40]
</status>
</kw>
<kw name="Click Element with Delay" owner="common_art">
<kw name="Click Element" owner="SeleniumLibrary">
<msg time="2024-12-09T09:54:55.439123" level="INFO">Clicking element '//span[text()="ขออนุมัติแก้ไข"]/parent::button'.</msg>
<arg>${locator}</arg>
<doc>Click the element identified by ``locator``.</doc>
<status status="PASS" start="2024-12-09T09:54:55.438025" elapsed="0.049318"/>
</kw>
<kw name="Sleep" owner="BuiltIn">
<msg time="2024-12-09T09:54:56.487502" level="INFO">Slept 1 second.</msg>
<arg>1s</arg>
<doc>Pauses the test executed for the given time.</doc>
<status status="PASS" start="2024-12-09T09:54:55.487343" elapsed="1.000159"/>
</kw>
<arg>${locator}</arg>
<status status="PASS" start="2024-12-09T09:54:55.438025" elapsed="1.049477"/>
</kw>
<arg>3x</arg>
<arg>2s</arg>
<arg>Click Element with Delay</arg>
<arg>${locator}</arg>
<doc>Runs the specified keyword and retries if it fails.</doc>
<status status="PASS" start="2024-12-09T09:54:48.993147" elapsed="7.494355"/>
</kw>
<arg>//span[text()="ขออนุมัติแก้ไข"]/parent::button</arg>
<status status="PASS" start="2024-12-09T09:54:48.992147" elapsed="7.495355"/>
</kw>
<kw name="Wait And Click Element" owner="common_art">
<kw name="Wait Until Keyword Succeeds" owner="BuiltIn">
<kw name="Click Element with Delay" owner="common_art">
<kw name="Click Element" owner="SeleniumLibrary">
<msg time="2024-12-09T09:54:56.488536" level="INFO">Clicking element '//span[text()="ยกเลิก"]/ancestor::div[2]/following-sibling::div//button'.</msg>
<msg time="2024-12-09T09:54:56.589700" level="INFO" html="true">&lt;/td&gt;&lt;/tr&gt;&lt;tr&gt;&lt;td colspan="3"&gt;&lt;a href="selenium-screenshot-4.png"&gt;&lt;img src="selenium-screenshot-4.png" width="800px"&gt;&lt;/a&gt;</msg>
<msg time="2024-12-09T09:54:56.590790" level="FAIL">Element with locator '//span[text()="ยกเลิก"]/ancestor::div[2]/following-sibling::div//button' not found.</msg>
<arg>${locator}</arg>
<doc>Click the element identified by ``locator``.</doc>
<status status="FAIL" start="2024-12-09T09:54:56.488536" elapsed="0.123963">Element with locator '//span[text()="ยกเลิก"]/ancestor::div[2]/following-sibling::div//button' not found.</status>
</kw>
<kw name="Sleep" owner="BuiltIn">
<arg>1s</arg>
<doc>Pauses the test executed for the given time.</doc>
<status status="NOT RUN" start="2024-12-09T09:54:56.613744" elapsed="0.000000"/>
</kw>
<arg>${locator}</arg>
<status status="FAIL" start="2024-12-09T09:54:56.488536" elapsed="0.125208">Element with locator '//span[text()="ยกเลิก"]/ancestor::div[2]/following-sibling::div//button' not found.</status>
</kw>
<kw name="Click Element with Delay" owner="common_art">
<kw name="Click Element" owner="SeleniumLibrary">
<msg time="2024-12-09T09:54:58.614864" level="INFO">Clicking element '//span[text()="ยกเลิก"]/ancestor::div[2]/following-sibling::div//button'.</msg>
<msg time="2024-12-09T09:54:58.706718" level="INFO" html="true">&lt;/td&gt;&lt;/tr&gt;&lt;tr&gt;&lt;td colspan="3"&gt;&lt;a href="selenium-screenshot-5.png"&gt;&lt;img src="selenium-screenshot-5.png" width="800px"&gt;&lt;/a&gt;</msg>
<msg time="2024-12-09T09:54:58.706718" level="FAIL">Element with locator '//span[text()="ยกเลิก"]/ancestor::div[2]/following-sibling::div//button' not found.</msg>
<arg>${locator}</arg>
<doc>Click the element identified by ``locator``.</doc>
<status status="FAIL" start="2024-12-09T09:54:58.614864" elapsed="0.092948">Element with locator '//span[text()="ยกเลิก"]/ancestor::div[2]/following-sibling::div//button' not found.</status>
</kw>
<kw name="Sleep" owner="BuiltIn">
<arg>1s</arg>
<doc>Pauses the test executed for the given time.</doc>
<status status="NOT RUN" start="2024-12-09T09:54:58.707812" elapsed="0.000000"/>
</kw>
<arg>${locator}</arg>
<status status="FAIL" start="2024-12-09T09:54:58.613778" elapsed="0.094034">Element with locator '//span[text()="ยกเลิก"]/ancestor::div[2]/following-sibling::div//button' not found.</status>
</kw>
<kw name="Click Element with Delay" owner="common_art">
<kw name="Click Element" owner="SeleniumLibrary">
<msg time="2024-12-09T09:55:00.708767" level="INFO">Clicking element '//span[text()="ยกเลิก"]/ancestor::div[2]/following-sibling::div//button'.</msg>
<msg time="2024-12-09T09:55:00.811579" level="INFO" html="true">&lt;/td&gt;&lt;/tr&gt;&lt;tr&gt;&lt;td colspan="3"&gt;&lt;a href="selenium-screenshot-6.png"&gt;&lt;img src="selenium-screenshot-6.png" width="800px"&gt;&lt;/a&gt;</msg>
<msg time="2024-12-09T09:55:00.812579" level="FAIL">Element with locator '//span[text()="ยกเลิก"]/ancestor::div[2]/following-sibling::div//button' not found.</msg>
<arg>${locator}</arg>
<doc>Click the element identified by ``locator``.</doc>
<status status="FAIL" start="2024-12-09T09:55:00.708767" elapsed="0.104812">Element with locator '//span[text()="ยกเลิก"]/ancestor::div[2]/following-sibling::div//button' not found.</status>
</kw>
<kw name="Sleep" owner="BuiltIn">
<arg>1s</arg>
<doc>Pauses the test executed for the given time.</doc>
<status status="NOT RUN" start="2024-12-09T09:55:00.813579" elapsed="0.000000"/>
</kw>
<arg>${locator}</arg>
<status status="FAIL" start="2024-12-09T09:55:00.708158" elapsed="0.105421">Element with locator '//span[text()="ยกเลิก"]/ancestor::div[2]/following-sibling::div//button' not found.</status>
</kw>
<msg time="2024-12-09T09:55:00.814581" level="FAIL">Keyword 'Click Element with Delay' failed after retrying 3 times. The last error was: Element with locator '//span[text()="ยกเลิก"]/ancestor::div[2]/following-sibling::div//button' not found.</msg>
<arg>3x</arg>
<arg>2s</arg>
<arg>Click Element with Delay</arg>
<arg>${locator}</arg>
<doc>Runs the specified keyword and retries if it fails.</doc>
<status status="FAIL" start="2024-12-09T09:54:56.487502" elapsed="4.327079">Keyword 'Click Element with Delay' failed after retrying 3 times. The last error was: Element with locator '//span[text()="ยกเลิก"]/ancestor::div[2]/following-sibling::div//button' not found.</status>
</kw>
<arg>//span[text()="ยกเลิก"]/ancestor::div[2]/following-sibling::div//button</arg>
<status status="FAIL" start="2024-12-09T09:54:56.487502" elapsed="4.327079">Keyword 'Click Element with Delay' failed after retrying 3 times. The last error was: Element with locator '//span[text()="ยกเลิก"]/ancestor::div[2]/following-sibling::div//button' not found.</status>
</kw>
<kw name="Wait And Click Element" owner="common_art">
<arg>//span[text()="ยืนยัน"]/parent::button</arg>
<status status="NOT RUN" start="2024-12-09T09:55:00.815580" elapsed="0.000000"/>
</kw>
<kw name="Wait Until Page Contains" owner="SeleniumLibrary">
<arg>อนุมัติแก้ไขสำเร็จ</arg>
<arg>timeout=10s</arg>
<doc>Waits until ``text`` appears on the current page.</doc>
<status status="NOT RUN" start="2024-12-09T09:55:00.815580" elapsed="0.000000"/>
</kw>
<status status="FAIL" start="2024-12-09T09:54:48.992147" elapsed="11.823433">Keyword 'Click Element with Delay' failed after retrying 3 times. The last error was: Element with locator '//span[text()="ยกเลิก"]/ancestor::div[2]/following-sibling::div//button' not found.</status>
</kw>
<kw name="Refresh page" owner="common_art" type="TEARDOWN">
<kw name="Execute Javascript" owner="SeleniumLibrary">
<msg time="2024-12-09T09:55:00.817579" level="INFO">Executing JavaScript:
location.reload()
Without any arguments.</msg>
<arg>location.reload()</arg>
<doc>Executes the given JavaScript code with possible arguments.</doc>
<status status="PASS" start="2024-12-09T09:55:00.816581" elapsed="0.310597"/>
</kw>
<status status="PASS" start="2024-12-09T09:55:00.816581" elapsed="0.310597"/>
</kw>
<status status="FAIL" start="2024-12-09T09:54:07.176997" elapsed="53.950181">Keyword 'Click Element with Delay' failed after retrying 3 times. The last error was: Element with locator '//span[text()="ยกเลิก"]/ancestor::div[2]/following-sibling::div//button' not found.</status>
</test>
<status status="FAIL" start="2024-12-09T09:53:48.377202" elapsed="72.751981"/>
</suite>
<statistics>
<total>
<stat pass="0" fail="1" skip="0">All Tests</stat>
</total>
<tag>
</tag>
<suite>
<stat pass="0" fail="1" skip="0" id="s1" name="Editmass">Editmass</stat>
</suite>
</statistics>
<errors>
<msg time="2024-12-09T09:53:49.135667" level="WARN">The chromedriver version (131.0.6778.85) detected in PATH at C:\Users\saknarin.som\AppData\Local\Programs\Python\Python311\Scripts\chromedriver.exe might not be compatible with the detected chrome version (131.0.6778.86); currently, chromedriver 131.0.6778.87 is recommended for chrome 131.*, so it is advised to delete the driver in PATH and retry</msg>
</errors>
</robot>
