<?xml version="1.0" encoding="UTF-8"?>
<robot generator="Robot 7.0 (Python 3.11.5 on win32)" generated="2024-12-02T10:08:27.177675" rpa="false" schemaversion="5">
<suite id="s1" name="Editmass" source="C:\Automate_WEB\Create_Article_automate\testcases\editmass.robot">
<kw name="Login dohome and click web art(Edit Mass)" owner="Menu_editmass" type="SETUP">
<kw name="Open browser web url" owner="common_art">
<kw name="Open Browser" owner="SeleniumLibrary">
<msg time="2024-12-02T10:08:27.470897" level="INFO">Opening browser 'chrome' to base url 'https://web-dohome-center-uat.dohome.technology/app/home'.</msg>
<arg>${url}</arg>
<arg>browser=${browserName}</arg>
<arg>options=binary_location=r"C:\\chrome-win64\\chrome.exe"</arg>
<doc>Opens a new browser instance to the optional ``url``.</doc>
<status status="PASS" start="2024-12-02T10:08:27.470897" elapsed="2.083468"/>
</kw>
<arg>${url_dohome}</arg>
<arg>chrome</arg>
<status status="PASS" start="2024-12-02T10:08:27.470897" elapsed="2.083468"/>
</kw>
<kw name="Maximize Browser Window" owner="SeleniumLibrary">
<doc>Maximizes current browser window.</doc>
<status status="PASS" start="2024-12-02T10:08:29.555390" elapsed="0.032434"/>
</kw>
<kw name="Wait Until Keyword Succeeds" owner="BuiltIn">
<kw name="Wait Until Element Contains" owner="SeleniumLibrary">
<arg>//button[text()='เข้าสู่ระบบ']</arg>
<arg>เข้าสู่ระบบ</arg>
<doc>Waits until the element ``locator`` contains ``text``.</doc>
<status status="PASS" start="2024-12-02T10:08:29.587824" elapsed="0.779704"/>
</kw>
<arg>5x</arg>
<arg>2s</arg>
<arg>Wait Until Element Contains</arg>
<arg>//button[text()='เข้าสู่ระบบ']</arg>
<arg>เข้าสู่ระบบ</arg>
<doc>Runs the specified keyword and retries if it fails.</doc>
<status status="PASS" start="2024-12-02T10:08:29.587824" elapsed="0.779704"/>
</kw>
<kw name="Wait Until Keyword Succeeds" owner="BuiltIn">
<kw name="Click Element with Delay" owner="common_art">
<kw name="Click Element" owner="SeleniumLibrary">
<msg time="2024-12-02T10:08:30.367528" level="INFO">Clicking element '//button[text()='เข้าสู่ระบบ']'.</msg>
<arg>${locator}</arg>
<doc>Click the element identified by ``locator``.</doc>
<status status="PASS" start="2024-12-02T10:08:30.367528" elapsed="0.184358"/>
</kw>
<kw name="Sleep" owner="BuiltIn">
<msg time="2024-12-02T10:08:31.552399" level="INFO">Slept 1 second.</msg>
<arg>1s</arg>
<doc>Pauses the test executed for the given time.</doc>
<status status="PASS" start="2024-12-02T10:08:30.551886" elapsed="1.000513"/>
</kw>
<arg>//button[text()='เข้าสู่ระบบ']</arg>
<status status="PASS" start="2024-12-02T10:08:30.367528" elapsed="1.184871"/>
</kw>
<arg>5x</arg>
<arg>2s</arg>
<arg>Click Element with Delay</arg>
<arg>//button[text()='เข้าสู่ระบบ']</arg>
<doc>Runs the specified keyword and retries if it fails.</doc>
<status status="PASS" start="2024-12-02T10:08:30.367528" elapsed="1.184871"/>
</kw>
<kw name="Wait Until Keyword Succeeds" owner="BuiltIn">
<kw name="Wait Until Element Contains" owner="SeleniumLibrary">
<arg>//*[@class="text-2xl text-primary font-bold"]</arg>
<arg>เข้าสู่ระบบ</arg>
<doc>Waits until the element ``locator`` contains ``text``.</doc>
<status status="PASS" start="2024-12-02T10:08:31.552998" elapsed="0.006440"/>
</kw>
<arg>5x</arg>
<arg>2s</arg>
<arg>Wait Until Element Contains</arg>
<arg>//*[@class="text-2xl text-primary font-bold"]</arg>
<arg>เข้าสู่ระบบ</arg>
<doc>Runs the specified keyword and retries if it fails.</doc>
<status status="PASS" start="2024-12-02T10:08:31.552998" elapsed="0.006440"/>
</kw>
<kw name="Wait Until Keyword Succeeds" owner="BuiltIn">
<kw name="Click Element with Delay" owner="common_art">
<kw name="Click Element" owner="SeleniumLibrary">
<msg time="2024-12-02T10:08:31.559438" level="INFO">Clicking element '//input[@name="username"]'.</msg>
<arg>${locator}</arg>
<doc>Click the element identified by ``locator``.</doc>
<status status="PASS" start="2024-12-02T10:08:31.559438" elapsed="0.051953"/>
</kw>
<kw name="Sleep" owner="BuiltIn">
<msg time="2024-12-02T10:08:32.611719" level="INFO">Slept 1 second.</msg>
<arg>1s</arg>
<doc>Pauses the test executed for the given time.</doc>
<status status="PASS" start="2024-12-02T10:08:31.611391" elapsed="1.000328"/>
</kw>
<arg>//input[@name="username"]</arg>
<status status="PASS" start="2024-12-02T10:08:31.559438" elapsed="1.052281"/>
</kw>
<arg>5x</arg>
<arg>2s</arg>
<arg>Click Element with Delay</arg>
<arg>//input[@name="username"]</arg>
<doc>Runs the specified keyword and retries if it fails.</doc>
<status status="PASS" start="2024-12-02T10:08:31.559438" elapsed="1.052281"/>
</kw>
<kw name="Wait Until Keyword Succeeds" owner="BuiltIn">
<kw name="Input Text with Delay" owner="common_art">
<kw name="Input Text" owner="SeleniumLibrary">
<msg time="2024-12-02T10:08:32.613006" level="INFO">Typing text '1064518' into text field '//input[@name="username"]'.</msg>
<arg>${locator}</arg>
<arg>${text}</arg>
<doc>Types the given ``text`` into the text field identified by ``locator``.</doc>
<status status="PASS" start="2024-12-02T10:08:32.613006" elapsed="0.062585"/>
</kw>
<kw name="Sleep" owner="BuiltIn">
<msg time="2024-12-02T10:08:34.176810" level="INFO">Slept 1 second 500 milliseconds.</msg>
<arg>1.5s</arg>
<doc>Pauses the test executed for the given time.</doc>
<status status="PASS" start="2024-12-02T10:08:32.676593" elapsed="1.500217"/>
</kw>
<arg>//input[@name="username"]</arg>
<arg>${user_editmass}</arg>
<status status="PASS" start="2024-12-02T10:08:32.612722" elapsed="1.564088"/>
</kw>
<arg>5x</arg>
<arg>2s</arg>
<arg>Input Text with Delay</arg>
<arg>//input[@name="username"]</arg>
<arg>${user_editmass}</arg>
<doc>Runs the specified keyword and retries if it fails.</doc>
<status status="PASS" start="2024-12-02T10:08:32.611719" elapsed="1.565091"/>
</kw>
<kw name="Wait Until Keyword Succeeds" owner="BuiltIn">
<kw name="Click Element with Delay" owner="common_art">
<kw name="Click Element" owner="SeleniumLibrary">
<msg time="2024-12-02T10:08:34.177813" level="INFO">Clicking element '//input[@name="password"]'.</msg>
<arg>${locator}</arg>
<doc>Click the element identified by ``locator``.</doc>
<status status="PASS" start="2024-12-02T10:08:34.177813" elapsed="0.040577"/>
</kw>
<kw name="Sleep" owner="BuiltIn">
<msg time="2024-12-02T10:08:35.218860" level="INFO">Slept 1 second.</msg>
<arg>1s</arg>
<doc>Pauses the test executed for the given time.</doc>
<status status="PASS" start="2024-12-02T10:08:34.218390" elapsed="1.000470"/>
</kw>
<arg>//input[@name="password"]</arg>
<status status="PASS" start="2024-12-02T10:08:34.176810" elapsed="1.042050"/>
</kw>
<arg>5x</arg>
<arg>2s</arg>
<arg>Click Element with Delay</arg>
<arg>//input[@name="password"]</arg>
<doc>Runs the specified keyword and retries if it fails.</doc>
<status status="PASS" start="2024-12-02T10:08:34.176810" elapsed="1.042050"/>
</kw>
<kw name="Wait Until Keyword Succeeds" owner="BuiltIn">
<kw name="Input Text with Delay" owner="common_art">
<kw name="Input Text" owner="SeleniumLibrary">
<msg time="2024-12-02T10:08:35.219906" level="INFO">Typing text 'D0h0me*1' into text field '//input[@name="password"]'.</msg>
<arg>${locator}</arg>
<arg>${text}</arg>
<doc>Types the given ``text`` into the text field identified by ``locator``.</doc>
<status status="PASS" start="2024-12-02T10:08:35.218860" elapsed="0.045910"/>
</kw>
<kw name="Sleep" owner="BuiltIn">
<msg time="2024-12-02T10:08:36.765393" level="INFO">Slept 1 second 500 milliseconds.</msg>
<arg>1.5s</arg>
<doc>Pauses the test executed for the given time.</doc>
<status status="PASS" start="2024-12-02T10:08:35.264770" elapsed="1.500623"/>
</kw>
<arg>//input[@name="password"]</arg>
<arg>${pass}</arg>
<status status="PASS" start="2024-12-02T10:08:35.218860" elapsed="1.546533"/>
</kw>
<arg>5x</arg>
<arg>2s</arg>
<arg>Input Text with Delay</arg>
<arg>//input[@name="password"]</arg>
<arg>${pass}</arg>
<doc>Runs the specified keyword and retries if it fails.</doc>
<status status="PASS" start="2024-12-02T10:08:35.218860" elapsed="1.546533"/>
</kw>
<kw name="Wait Until Keyword Succeeds" owner="BuiltIn">
<kw name="Click Element with Delay" owner="common_art">
<kw name="Click Element" owner="SeleniumLibrary">
<msg time="2024-12-02T10:08:36.765393" level="INFO">Clicking element '//button[@type="submit"][ text()='เข้าสู่ระบบ']'.</msg>
<arg>${locator}</arg>
<doc>Click the element identified by ``locator``.</doc>
<status status="PASS" start="2024-12-02T10:08:36.765393" elapsed="0.052778"/>
</kw>
<kw name="Sleep" owner="BuiltIn">
<msg time="2024-12-02T10:08:37.818753" level="INFO">Slept 1 second.</msg>
<arg>1s</arg>
<doc>Pauses the test executed for the given time.</doc>
<status status="PASS" start="2024-12-02T10:08:36.818171" elapsed="1.000582"/>
</kw>
<arg>//button[@type="submit"][ text()='เข้าสู่ระบบ']</arg>
<status status="PASS" start="2024-12-02T10:08:36.765393" elapsed="1.053360"/>
</kw>
<arg>5x</arg>
<arg>2s</arg>
<arg>Click Element with Delay</arg>
<arg>//button[@type="submit"][ text()='เข้าสู่ระบบ']</arg>
<doc>Runs the specified keyword and retries if it fails.</doc>
<status status="PASS" start="2024-12-02T10:08:36.765393" elapsed="1.053360"/>
</kw>
<kw name="Wait Until Keyword Succeeds" owner="BuiltIn">
<kw name="Click Element with Delay" owner="common_art">
<kw name="Click Element" owner="SeleniumLibrary">
<msg time="2024-12-02T10:08:37.818753" level="INFO">Clicking element '//*[@aria-label="ระบบจัดการข้อมูลสินค้า"]'.</msg>
<msg time="2024-12-02T10:08:39.358861" level="INFO" html="true">&lt;/td&gt;&lt;/tr&gt;&lt;tr&gt;&lt;td colspan="3"&gt;&lt;a href="selenium-screenshot-19.png"&gt;&lt;img src="selenium-screenshot-19.png" width="800px"&gt;&lt;/a&gt;</msg>
<msg time="2024-12-02T10:08:39.358861" level="FAIL">ElementClickInterceptedException: Message: element click intercepted: Element &lt;a class="relative inline-flex items-center tap-highlight-transparent outline-none data-[focus-visible=true]:z-10 data-[focus-visible=true]:outline-2 data-[focus-visible=true]:outline-focus data-[focus-visible=true]:outline-offset-2 no-underline hover:opacity-80 active:opacity-disabled transition-opacity text-xs line-clamp-1 text-primary" aria-label="ระบบจัดการข้อมูลสินค้า" role="link" href="https://web-article-master-uat.dohome.technology/?i=c10c1bd2ab05797c6d3b61448427dec0eed9d762c806f87d6c971fc6e9741983ChhAW8LwnBW3ZtxYg1HgXfUELCjg6AIx1po+TrALxAcxuFO9OGotZY0u+1XEOtPEbsTjFlgmMnP1a4/FeFppdH1Van/JTSv/7CXyzfQPqf01NABNb5DpEcoMtxqYAeGnDkHThjbrzLkLc3G31Ffxx5GZv4MHqf94t1d+m9BlAkyuL3pmgmtgr5I/c1UGKWvOpyau+dKA3HbagI/gqk4UnIM38ssSaiZc3Rf109fg55kaYkq72RFLsVDAWQC9Am5YKnXYaQr29uvRMEhs66b0UumlQqVSVTW2ZPZ1Ro8fnK60xjxbX4IkyrYIevhLlg1z9Q9Tjeeq2IYQYuZ8sJciuEiU1uXq/ddVMjQQ1R9F1cuzlWWn8zZSSgaDBqj2tR5DYn+bQ7xMOEkvO2LfuLxyHMk/iXajm8jk2rHoKrnTaInGvsDOy/jn4GC/rBnZnk6Z" target="_blank" tabindex="0"&gt;...&lt;/a&gt; is not clickable at point (546, 832). Other element would receive the click: &lt;div class="flex w-screen h-[100dvh] fixed inset-0 z-50 overflow-x-auto justify-center [--scale-enter:100%] [--scale-exit:100%] [--slide-enter:0px] [--slide-exit:80px] sm:[--scale-enter:100%] sm:[--scale-exit:103%] sm:[--slide-enter:0px] sm:[--slide-exit:0px] items-end sm:items-center" style="opacity: 1; transform: translateY(0px) scale(1.0015) translateZ(0px);"&gt;...&lt;/div&gt;
  (Session info: chrome=131.0.6778.85)
Stacktrace:
	GetHandleVerifier [0x00007FF6FD006CB5+28821]
	(No symbol) [0x00007FF6FCF73840]
	(No symbol) [0x00007FF6FCE1578A]
	(No symbol) [0x00007FF6FCE70E8E]
	(No symbol) [0x00007FF6FCE6E92C]
	(No symbol) [0x00007FF6FCE6BAF6]
	(No symbol) [0x00007FF6FCE6AA51]
	(No symbol) [0x00007FF6FCE5CBA0]
	(No symbol) [0x00007FF6FCE8F2FA]
	(No symbol) [0x00007FF6FCE5C3F6]
	(No symbol) [0x00007FF6FCE8F510]
	(No symbol) [0x00007FF6FCEAF412]
	(No symbol) [0x00007FF6FCE8F0A3]
	(No symbol) [0x00007FF6FCE5A778]
	(No symbol) [0x00007FF6FCE5B8E1]
	GetHandleVerifier [0x00007FF6FD33FCAD+3408013]
	GetHandleVerifier [0x00007FF6FD35741F+3504127]
	GetHandleVerifier [0x00007FF6FD34B5FD+3455453]
	GetHandleVerifier [0x00007FF6FD0CBDBB+835995]
	(No symbol) [0x00007FF6FCF7EB5F]
	(No symbol) [0x00007FF6FCF7A814]
	(No symbol) [0x00007FF6FCF7A9AD]
	(No symbol) [0x00007FF6FCF6A199]
	BaseThreadInitThunk [0x00007FF9C944259D+29]
	RtlUserThreadStart [0x00007FF9CB5EAF38+40]
</msg>
<arg>${locator}</arg>
<doc>Click the element identified by ``locator``.</doc>
<status status="FAIL" start="2024-12-02T10:08:37.818753" elapsed="1.540108">ElementClickInterceptedException: Message: element click intercepted: Element &lt;a class="relative inline-flex items-center tap-highlight-transparent outline-none data-[focus-visible=true]:z-10 data-[focus-visible=true]:outline-2 data-[focus-visible=true]:outline-focus data-[focus-visible=true]:outline-offset-2 no-underline hover:opacity-80 active:opacity-disabled transition-opacity text-xs line-clamp-1 text-primary" aria-label="ระบบจัดการข้อมูลสินค้า" role="link" href="https://web-article-master-uat.dohome.technology/?i=c10c1bd2ab05797c6d3b61448427dec0eed9d762c806f87d6c971fc6e9741983ChhAW8LwnBW3ZtxYg1HgXfUELCjg6AIx1po+TrALxAcxuFO9OGotZY0u+1XEOtPEbsTjFlgmMnP1a4/FeFppdH1Van/JTSv/7CXyzfQPqf01NABNb5DpEcoMtxqYAeGnDkHThjbrzLkLc3G31Ffxx5GZv4MHqf94t1d+m9BlAkyuL3pmgmtgr5I/c1UGKWvOpyau+dKA3HbagI/gqk4UnIM38ssSaiZc3Rf109fg55kaYkq72RFLsVDAWQC9Am5YKnXYaQr29uvRMEhs66b0UumlQqVSVTW2ZPZ1Ro8fnK60xjxbX4IkyrYIevhLlg1z9Q9Tjeeq2IYQYuZ8sJciuEiU1uXq/ddVMjQQ1R9F1cuzlWWn8zZSSgaDBqj2tR5DYn+bQ7xMOEkvO2LfuLxyHMk/iXajm8jk2rHoKrnTaInGvsDOy/jn4GC/rBnZnk6Z" target="_blank" tabindex="0"&gt;...&lt;/a&gt; is not clickable at point (546, 832). Other element would receive the click: &lt;div class="flex w-screen h-[100dvh] fixed inset-0 z-50 overflow-x-auto justify-center [--scale-enter:100%] [--scale-exit:100%] [--slide-enter:0px] [--slide-exit:80px] sm:[--scale-enter:100%] sm:[--scale-exit:103%] sm:[--slide-enter:0px] sm:[--slide-exit:0px] items-end sm:items-center" style="opacity: 1; transform: translateY(0px) scale(1.0015) translateZ(0px);"&gt;...&lt;/div&gt;
    [ Message content over the limit has been removed. ]
	(No symbol) [0x00007FF6FCE6BAF6]
	(No symbol) [0x00007FF6FCE6AA51]
	(No symbol) [0x00007FF6FCE5CBA0]
	(No symbol) [0x00007FF6FCE8F2FA]
	(No symbol) [0x00007FF6FCE5C3F6]
	(No symbol) [0x00007FF6FCE8F510]
	(No symbol) [0x00007FF6FCEAF412]
	(No symbol) [0x00007FF6FCE8F0A3]
	(No symbol) [0x00007FF6FCE5A778]
	(No symbol) [0x00007FF6FCE5B8E1]
	GetHandleVerifier [0x00007FF6FD33FCAD+3408013]
	GetHandleVerifier [0x00007FF6FD35741F+3504127]
	GetHandleVerifier [0x00007FF6FD34B5FD+3455453]
	GetHandleVerifier [0x00007FF6FD0CBDBB+835995]
	(No symbol) [0x00007FF6FCF7EB5F]
	(No symbol) [0x00007FF6FCF7A814]
	(No symbol) [0x00007FF6FCF7A9AD]
	(No symbol) [0x00007FF6FCF6A199]
	BaseThreadInitThunk [0x00007FF9C944259D+29]
	RtlUserThreadStart [0x00007FF9CB5EAF38+40]</status>
</kw>
<kw name="Sleep" owner="BuiltIn">
<arg>1s</arg>
<doc>Pauses the test executed for the given time.</doc>
<status status="NOT RUN" start="2024-12-02T10:08:39.358861" elapsed="0.000000"/>
</kw>
<arg>//*[@aria-label="ระบบจัดการข้อมูลสินค้า"]</arg>
<status status="FAIL" start="2024-12-02T10:08:37.818753" elapsed="1.540108">ElementClickInterceptedException: Message: element click intercepted: Element &lt;a class="relative inline-flex items-center tap-highlight-transparent outline-none data-[focus-visible=true]:z-10 data-[focus-visible=true]:outline-2 data-[focus-visible=true]:outline-focus data-[focus-visible=true]:outline-offset-2 no-underline hover:opacity-80 active:opacity-disabled transition-opacity text-xs line-clamp-1 text-primary" aria-label="ระบบจัดการข้อมูลสินค้า" role="link" href="https://web-article-master-uat.dohome.technology/?i=c10c1bd2ab05797c6d3b61448427dec0eed9d762c806f87d6c971fc6e9741983ChhAW8LwnBW3ZtxYg1HgXfUELCjg6AIx1po+TrALxAcxuFO9OGotZY0u+1XEOtPEbsTjFlgmMnP1a4/FeFppdH1Van/JTSv/7CXyzfQPqf01NABNb5DpEcoMtxqYAeGnDkHThjbrzLkLc3G31Ffxx5GZv4MHqf94t1d+m9BlAkyuL3pmgmtgr5I/c1UGKWvOpyau+dKA3HbagI/gqk4UnIM38ssSaiZc3Rf109fg55kaYkq72RFLsVDAWQC9Am5YKnXYaQr29uvRMEhs66b0UumlQqVSVTW2ZPZ1Ro8fnK60xjxbX4IkyrYIevhLlg1z9Q9Tjeeq2IYQYuZ8sJciuEiU1uXq/ddVMjQQ1R9F1cuzlWWn8zZSSgaDBqj2tR5DYn+bQ7xMOEkvO2LfuLxyHMk/iXajm8jk2rHoKrnTaInGvsDOy/jn4GC/rBnZnk6Z" target="_blank" tabindex="0"&gt;...&lt;/a&gt; is not clickable at point (546, 832). Other element would receive the click: &lt;div class="flex w-screen h-[100dvh] fixed inset-0 z-50 overflow-x-auto justify-center [--scale-enter:100%] [--scale-exit:100%] [--slide-enter:0px] [--slide-exit:80px] sm:[--scale-enter:100%] sm:[--scale-exit:103%] sm:[--slide-enter:0px] sm:[--slide-exit:0px] items-end sm:items-center" style="opacity: 1; transform: translateY(0px) scale(1.0015) translateZ(0px);"&gt;...&lt;/div&gt;
    [ Message content over the limit has been removed. ]
	(No symbol) [0x00007FF6FCE6BAF6]
	(No symbol) [0x00007FF6FCE6AA51]
	(No symbol) [0x00007FF6FCE5CBA0]
	(No symbol) [0x00007FF6FCE8F2FA]
	(No symbol) [0x00007FF6FCE5C3F6]
	(No symbol) [0x00007FF6FCE8F510]
	(No symbol) [0x00007FF6FCEAF412]
	(No symbol) [0x00007FF6FCE8F0A3]
	(No symbol) [0x00007FF6FCE5A778]
	(No symbol) [0x00007FF6FCE5B8E1]
	GetHandleVerifier [0x00007FF6FD33FCAD+3408013]
	GetHandleVerifier [0x00007FF6FD35741F+3504127]
	GetHandleVerifier [0x00007FF6FD34B5FD+3455453]
	GetHandleVerifier [0x00007FF6FD0CBDBB+835995]
	(No symbol) [0x00007FF6FCF7EB5F]
	(No symbol) [0x00007FF6FCF7A814]
	(No symbol) [0x00007FF6FCF7A9AD]
	(No symbol) [0x00007FF6FCF6A199]
	BaseThreadInitThunk [0x00007FF9C944259D+29]
	RtlUserThreadStart [0x00007FF9CB5EAF38+40]</status>
</kw>
<kw name="Click Element with Delay" owner="common_art">
<kw name="Click Element" owner="SeleniumLibrary">
<msg time="2024-12-02T10:08:41.360038" level="INFO">Clicking element '//*[@aria-label="ระบบจัดการข้อมูลสินค้า"]'.</msg>
<arg>${locator}</arg>
<doc>Click the element identified by ``locator``.</doc>
<status status="PASS" start="2024-12-02T10:08:41.359036" elapsed="0.107581"/>
</kw>
<kw name="Sleep" owner="BuiltIn">
<msg time="2024-12-02T10:08:42.467302" level="INFO">Slept 1 second.</msg>
<arg>1s</arg>
<doc>Pauses the test executed for the given time.</doc>
<status status="PASS" start="2024-12-02T10:08:41.466617" elapsed="1.000685"/>
</kw>
<arg>//*[@aria-label="ระบบจัดการข้อมูลสินค้า"]</arg>
<status status="PASS" start="2024-12-02T10:08:41.359036" elapsed="1.108266"/>
</kw>
<arg>5x</arg>
<arg>2s</arg>
<arg>Click Element with Delay</arg>
<arg>//*[@aria-label="ระบบจัดการข้อมูลสินค้า"]</arg>
<doc>Runs the specified keyword and retries if it fails.</doc>
<status status="PASS" start="2024-12-02T10:08:37.818753" elapsed="4.648549"/>
</kw>
<kw name="Wait Until Keyword Succeeds" owner="BuiltIn">
<kw name="Switch Window" owner="SeleniumLibrary">
<arg>New</arg>
<doc>Switches to browser window matching ``locator``.</doc>
<status status="PASS" start="2024-12-02T10:08:42.467302" elapsed="0.008042"/>
</kw>
<arg>5x</arg>
<arg>2s</arg>
<arg>Switch Window</arg>
<arg>New</arg>
<doc>Runs the specified keyword and retries if it fails.</doc>
<status status="PASS" start="2024-12-02T10:08:42.467302" elapsed="0.008820"/>
</kw>
<kw name="Maximize Browser Window" owner="SeleniumLibrary">
<doc>Maximizes current browser window.</doc>
<status status="PASS" start="2024-12-02T10:08:42.476122" elapsed="5.820203"/>
</kw>
<kw name="Wait Until Keyword Succeeds" owner="BuiltIn">
<kw name="Wait Until Element Is Visible" owner="SeleniumLibrary">
<arg>//h3[text()="Article Master"]</arg>
<doc>Waits until the element ``locator`` is visible.</doc>
<status status="PASS" start="2024-12-02T10:08:48.296325" elapsed="0.231924"/>
</kw>
<arg>5x</arg>
<arg>2s</arg>
<arg>Wait Until Element Is Visible</arg>
<arg>//h3[text()="Article Master"]</arg>
<doc>Runs the specified keyword and retries if it fails.</doc>
<status status="PASS" start="2024-12-02T10:08:48.296325" elapsed="0.231924"/>
</kw>
<kw name="Wait And Click Element" owner="common_art">
<kw name="Wait Until Keyword Succeeds" owner="BuiltIn">
<kw name="Click Element with Delay" owner="common_art">
<kw name="Click Element" owner="SeleniumLibrary">
<msg time="2024-12-02T10:08:48.528249" level="INFO">Clicking element '//p[text()='จัดการสินค้า']'.</msg>
<arg>${locator}</arg>
<doc>Click the element identified by ``locator``.</doc>
<status status="PASS" start="2024-12-02T10:08:48.528249" elapsed="0.045920"/>
</kw>
<kw name="Sleep" owner="BuiltIn">
<msg time="2024-12-02T10:08:49.574920" level="INFO">Slept 1 second.</msg>
<arg>1s</arg>
<doc>Pauses the test executed for the given time.</doc>
<status status="PASS" start="2024-12-02T10:08:48.574169" elapsed="1.000751"/>
</kw>
<arg>${locator}</arg>
<status status="PASS" start="2024-12-02T10:08:48.528249" elapsed="1.046671"/>
</kw>
<arg>3x</arg>
<arg>2s</arg>
<arg>Click Element with Delay</arg>
<arg>${locator}</arg>
<doc>Runs the specified keyword and retries if it fails.</doc>
<status status="PASS" start="2024-12-02T10:08:48.528249" elapsed="1.046671"/>
</kw>
<arg>//p[text()='จัดการสินค้า']</arg>
<status status="PASS" start="2024-12-02T10:08:48.528249" elapsed="1.046671"/>
</kw>
<kw name="Wait And Click Element" owner="common_art">
<kw name="Wait Until Keyword Succeeds" owner="BuiltIn">
<kw name="Click Element with Delay" owner="common_art">
<kw name="Click Element" owner="SeleniumLibrary">
<msg time="2024-12-02T10:08:49.574920" level="INFO">Clicking element '//p[text()='ขอเปลี่ยนแปลงข้อมูลสินค้า']/parent::span//parent::a[@href="/app/edit-mass-information"]'.</msg>
<arg>${locator}</arg>
<doc>Click the element identified by ``locator``.</doc>
<status status="PASS" start="2024-12-02T10:08:49.574920" elapsed="0.069813"/>
</kw>
<kw name="Sleep" owner="BuiltIn">
<msg time="2024-12-02T10:08:50.646379" level="INFO">Slept 1 second.</msg>
<arg>1s</arg>
<doc>Pauses the test executed for the given time.</doc>
<status status="PASS" start="2024-12-02T10:08:49.645735" elapsed="1.000644"/>
</kw>
<arg>${locator}</arg>
<status status="PASS" start="2024-12-02T10:08:49.574920" elapsed="1.071459"/>
</kw>
<arg>3x</arg>
<arg>2s</arg>
<arg>Click Element with Delay</arg>
<arg>${locator}</arg>
<doc>Runs the specified keyword and retries if it fails.</doc>
<status status="PASS" start="2024-12-02T10:08:49.574920" elapsed="1.071459"/>
</kw>
<arg>//p[text()='ขอเปลี่ยนแปลงข้อมูลสินค้า']/parent::span//parent::a[@href="/app/edit-mass-information"]</arg>
<status status="PASS" start="2024-12-02T10:08:49.574920" elapsed="1.071459"/>
</kw>
<kw name="Wait And Wait Until Element Is Visible" owner="common_art">
<kw name="Wait Until Keyword Succeeds" owner="BuiltIn">
<kw name="Wait Until Element Is Visible" owner="SeleniumLibrary">
<msg time="2024-12-02T10:08:55.940573" level="INFO" html="true">&lt;/td&gt;&lt;/tr&gt;&lt;tr&gt;&lt;td colspan="3"&gt;&lt;a href="selenium-screenshot-20.png"&gt;&lt;img src="selenium-screenshot-20.png" width="800px"&gt;&lt;/a&gt;</msg>
<msg time="2024-12-02T10:08:55.956209" level="FAIL">Element '//input[@name="purchaser_group_no"]/following-sibling::div/div/input' not visible after 5 seconds.</msg>
<arg>${locator}</arg>
<doc>Waits until the element ``locator`` is visible.</doc>
<status status="FAIL" start="2024-12-02T10:08:50.646379" elapsed="5.310845">Element '//input[@name="purchaser_group_no"]/following-sibling::div/div/input' not visible after 5 seconds.</status>
</kw>
<kw name="Wait Until Element Is Visible" owner="SeleniumLibrary">
<msg time="2024-12-02T10:09:03.124695" level="INFO" html="true">&lt;/td&gt;&lt;/tr&gt;&lt;tr&gt;&lt;td colspan="3"&gt;&lt;a href="selenium-screenshot-21.png"&gt;&lt;img src="selenium-screenshot-21.png" width="800px"&gt;&lt;/a&gt;</msg>
<msg time="2024-12-02T10:09:03.124695" level="FAIL">Element '//input[@name="purchaser_group_no"]/following-sibling::div/div/input' not visible after 5 seconds.</msg>
<arg>${locator}</arg>
<doc>Waits until the element ``locator`` is visible.</doc>
<status status="FAIL" start="2024-12-02T10:08:57.957838" elapsed="5.166857">Element '//input[@name="purchaser_group_no"]/following-sibling::div/div/input' not visible after 5 seconds.</status>
</kw>
<kw name="Wait Until Element Is Visible" owner="SeleniumLibrary">
<arg>${locator}</arg>
<doc>Waits until the element ``locator`` is visible.</doc>
<status status="PASS" start="2024-12-02T10:09:05.125074" elapsed="0.013010"/>
</kw>
<arg>5x</arg>
<arg>2s</arg>
<arg>Wait Until Element Is Visible</arg>
<arg>${locator}</arg>
<doc>Runs the specified keyword and retries if it fails.</doc>
<status status="PASS" start="2024-12-02T10:08:50.646379" elapsed="14.491705"/>
</kw>
<arg>//input[@name="purchaser_group_no"]/following-sibling::div/div/input</arg>
<status status="PASS" start="2024-12-02T10:08:50.646379" elapsed="14.491705"/>
</kw>
<status status="PASS" start="2024-12-02T10:08:27.470897" elapsed="37.667187"/>
</kw>
<test id="s1-t1" name="Article Edit mass" line="16">
<kw name="Search by article" owner="Menu_editmass">
<kw name="Wait And Click Element" owner="common_art">
<kw name="Wait Until Keyword Succeeds" owner="BuiltIn">
<kw name="Click Element with Delay" owner="common_art">
<kw name="Click Element" owner="SeleniumLibrary">
<msg time="2024-12-02T10:09:05.138084" level="INFO">Clicking element '//input[@name="article_id"]'.</msg>
<arg>${locator}</arg>
<doc>Click the element identified by ``locator``.</doc>
<status status="PASS" start="2024-12-02T10:09:05.138084" elapsed="0.083089"/>
</kw>
<kw name="Sleep" owner="BuiltIn">
<msg time="2024-12-02T10:09:06.222555" level="INFO">Slept 1 second.</msg>
<arg>1s</arg>
<doc>Pauses the test executed for the given time.</doc>
<status status="PASS" start="2024-12-02T10:09:05.221173" elapsed="1.001382"/>
</kw>
<arg>${locator}</arg>
<status status="PASS" start="2024-12-02T10:09:05.138084" elapsed="1.084471"/>
</kw>
<arg>3x</arg>
<arg>2s</arg>
<arg>Click Element with Delay</arg>
<arg>${locator}</arg>
<doc>Runs the specified keyword and retries if it fails.</doc>
<status status="PASS" start="2024-12-02T10:09:05.138084" elapsed="1.084471"/>
</kw>
<arg>//input[@name="article_id"]</arg>
<status status="PASS" start="2024-12-02T10:09:05.138084" elapsed="1.084471"/>
</kw>
<kw name="Wait And Click Element" owner="common_art">
<kw name="Wait Until Keyword Succeeds" owner="BuiltIn">
<kw name="Click Element with Delay" owner="common_art">
<kw name="Click Element" owner="SeleniumLibrary">
<msg time="2024-12-02T10:09:06.222555" level="INFO">Clicking element '//textarea[@name="article"]'.</msg>
<arg>${locator}</arg>
<doc>Click the element identified by ``locator``.</doc>
<status status="PASS" start="2024-12-02T10:09:06.222555" elapsed="0.047467"/>
</kw>
<kw name="Sleep" owner="BuiltIn">
<msg time="2024-12-02T10:09:07.271644" level="INFO">Slept 1 second.</msg>
<arg>1s</arg>
<doc>Pauses the test executed for the given time.</doc>
<status status="PASS" start="2024-12-02T10:09:06.271074" elapsed="1.000570"/>
</kw>
<arg>${locator}</arg>
<status status="PASS" start="2024-12-02T10:09:06.222555" elapsed="1.049089"/>
</kw>
<arg>3x</arg>
<arg>2s</arg>
<arg>Click Element with Delay</arg>
<arg>${locator}</arg>
<doc>Runs the specified keyword and retries if it fails.</doc>
<status status="PASS" start="2024-12-02T10:09:06.222555" elapsed="1.049089"/>
</kw>
<arg>//textarea[@name="article"]</arg>
<status status="PASS" start="2024-12-02T10:09:06.222555" elapsed="1.049089"/>
</kw>
<for flavor="IN">
<iter>
<kw name="Get Value" owner="SeleniumLibrary">
<msg time="2024-12-02T10:09:07.284664" level="INFO">${current_text} = </msg>
<var>${current_text}</var>
<arg>//textarea[@name="article"]</arg>
<doc>Returns the value attribute of the element identified by ``locator``.</doc>
<status status="PASS" start="2024-12-02T10:09:07.271644" elapsed="0.013020"/>
</kw>
<kw name="Set Variable" owner="BuiltIn">
<msg time="2024-12-02T10:09:07.284664" level="INFO">${new_text} = 
10337963</msg>
<var>${new_text}</var>
<arg>${current_text}\n${article}</arg>
<doc>Returns the given values which can then be assigned to a variables.</doc>
<status status="PASS" start="2024-12-02T10:09:07.284664" elapsed="0.000000"/>
</kw>
<kw name="Wait And Input Text with Delay" owner="common_art">
<kw name="Wait Until Keyword Succeeds" owner="BuiltIn">
<kw name="Input Text with Delay" owner="common_art">
<kw name="Input Text" owner="SeleniumLibrary">
<msg time="2024-12-02T10:09:07.284664" level="INFO">Typing text '
10337963' into text field '//textarea[@name="article"]'.</msg>
<arg>${locator}</arg>
<arg>${text}</arg>
<doc>Types the given ``text`` into the text field identified by ``locator``.</doc>
<status status="PASS" start="2024-12-02T10:09:07.284664" elapsed="0.042060"/>
</kw>
<kw name="Sleep" owner="BuiltIn">
<msg time="2024-12-02T10:09:08.828204" level="INFO">Slept 1 second 500 milliseconds.</msg>
<arg>1.5s</arg>
<doc>Pauses the test executed for the given time.</doc>
<status status="PASS" start="2024-12-02T10:09:07.327650" elapsed="1.500554"/>
</kw>
<arg>${locator}</arg>
<arg>${text}</arg>
<status status="PASS" start="2024-12-02T10:09:07.284664" elapsed="1.543540"/>
</kw>
<arg>5x</arg>
<arg>2.5s</arg>
<arg>Input Text with Delay</arg>
<arg>${locator}</arg>
<arg>${text}</arg>
<doc>Runs the specified keyword and retries if it fails.</doc>
<status status="PASS" start="2024-12-02T10:09:07.284664" elapsed="1.543540"/>
</kw>
<arg>//textarea[@name="article"]</arg>
<arg>${new_text}</arg>
<status status="PASS" start="2024-12-02T10:09:07.284664" elapsed="1.543540"/>
</kw>
<var name="${article}">10337963</var>
<status status="PASS" start="2024-12-02T10:09:07.271644" elapsed="1.556560"/>
</iter>
<iter>
<kw name="Get Value" owner="SeleniumLibrary">
<msg time="2024-12-02T10:09:08.836211" level="INFO">${current_text} = 
10337963</msg>
<var>${current_text}</var>
<arg>//textarea[@name="article"]</arg>
<doc>Returns the value attribute of the element identified by ``locator``.</doc>
<status status="PASS" start="2024-12-02T10:09:08.828204" elapsed="0.008007"/>
</kw>
<kw name="Set Variable" owner="BuiltIn">
<msg time="2024-12-02T10:09:08.836211" level="INFO">${new_text} = 
10337963
10337962</msg>
<var>${new_text}</var>
<arg>${current_text}\n${article}</arg>
<doc>Returns the given values which can then be assigned to a variables.</doc>
<status status="PASS" start="2024-12-02T10:09:08.836211" elapsed="0.000000"/>
</kw>
<kw name="Wait And Input Text with Delay" owner="common_art">
<kw name="Wait Until Keyword Succeeds" owner="BuiltIn">
<kw name="Input Text with Delay" owner="common_art">
<kw name="Input Text" owner="SeleniumLibrary">
<msg time="2024-12-02T10:09:08.836211" level="INFO">Typing text '
10337963
10337962' into text field '//textarea[@name="article"]'.</msg>
<arg>${locator}</arg>
<arg>${text}</arg>
<doc>Types the given ``text`` into the text field identified by ``locator``.</doc>
<status status="PASS" start="2024-12-02T10:09:08.836211" elapsed="0.061553"/>
</kw>
<kw name="Sleep" owner="BuiltIn">
<msg time="2024-12-02T10:09:10.398170" level="INFO">Slept 1 second 500 milliseconds.</msg>
<arg>1.5s</arg>
<doc>Pauses the test executed for the given time.</doc>
<status status="PASS" start="2024-12-02T10:09:08.897764" elapsed="1.500406"/>
</kw>
<arg>${locator}</arg>
<arg>${text}</arg>
<status status="PASS" start="2024-12-02T10:09:08.836211" elapsed="1.561959"/>
</kw>
<arg>5x</arg>
<arg>2.5s</arg>
<arg>Input Text with Delay</arg>
<arg>${locator}</arg>
<arg>${text}</arg>
<doc>Runs the specified keyword and retries if it fails.</doc>
<status status="PASS" start="2024-12-02T10:09:08.836211" elapsed="1.561959"/>
</kw>
<arg>//textarea[@name="article"]</arg>
<arg>${new_text}</arg>
<status status="PASS" start="2024-12-02T10:09:08.836211" elapsed="1.561959"/>
</kw>
<var name="${article}">10337962</var>
<status status="PASS" start="2024-12-02T10:09:08.828204" elapsed="1.569966"/>
</iter>
<iter>
<kw name="Get Value" owner="SeleniumLibrary">
<msg time="2024-12-02T10:09:10.407832" level="INFO">${current_text} = 
10337963
10337962</msg>
<var>${current_text}</var>
<arg>//textarea[@name="article"]</arg>
<doc>Returns the value attribute of the element identified by ``locator``.</doc>
<status status="PASS" start="2024-12-02T10:09:10.398170" elapsed="0.009662"/>
</kw>
<kw name="Set Variable" owner="BuiltIn">
<msg time="2024-12-02T10:09:10.407832" level="INFO">${new_text} = 
10337963
10337962
10337961</msg>
<var>${new_text}</var>
<arg>${current_text}\n${article}</arg>
<doc>Returns the given values which can then be assigned to a variables.</doc>
<status status="PASS" start="2024-12-02T10:09:10.407832" elapsed="0.000000"/>
</kw>
<kw name="Wait And Input Text with Delay" owner="common_art">
<kw name="Wait Until Keyword Succeeds" owner="BuiltIn">
<kw name="Input Text with Delay" owner="common_art">
<kw name="Input Text" owner="SeleniumLibrary">
<msg time="2024-12-02T10:09:10.407832" level="INFO">Typing text '
10337963
10337962
10337961' into text field '//textarea[@name="article"]'.</msg>
<arg>${locator}</arg>
<arg>${text}</arg>
<doc>Types the given ``text`` into the text field identified by ``locator``.</doc>
<status status="PASS" start="2024-12-02T10:09:10.407832" elapsed="0.054087"/>
</kw>
<kw name="Sleep" owner="BuiltIn">
<msg time="2024-12-02T10:09:11.962303" level="INFO">Slept 1 second 500 milliseconds.</msg>
<arg>1.5s</arg>
<doc>Pauses the test executed for the given time.</doc>
<status status="PASS" start="2024-12-02T10:09:10.461919" elapsed="1.500384"/>
</kw>
<arg>${locator}</arg>
<arg>${text}</arg>
<status status="PASS" start="2024-12-02T10:09:10.407832" elapsed="1.554471"/>
</kw>
<arg>5x</arg>
<arg>2.5s</arg>
<arg>Input Text with Delay</arg>
<arg>${locator}</arg>
<arg>${text}</arg>
<doc>Runs the specified keyword and retries if it fails.</doc>
<status status="PASS" start="2024-12-02T10:09:10.407832" elapsed="1.554471"/>
</kw>
<arg>//textarea[@name="article"]</arg>
<arg>${new_text}</arg>
<status status="PASS" start="2024-12-02T10:09:10.407832" elapsed="1.554471"/>
</kw>
<var name="${article}">10337961</var>
<status status="PASS" start="2024-12-02T10:09:10.398170" elapsed="1.564133"/>
</iter>
<var>${article}</var>
<value>@{articles}</value>
<status status="PASS" start="2024-12-02T10:09:07.271644" elapsed="4.690659"/>
</for>
<kw name="Wait And Click Element" owner="common_art">
<kw name="Wait Until Keyword Succeeds" owner="BuiltIn">
<kw name="Click Element with Delay" owner="common_art">
<kw name="Click Element" owner="SeleniumLibrary">
<msg time="2024-12-02T10:09:11.962303" level="INFO">Clicking element '//span[text()="ส่ง"]/parent::button'.</msg>
<arg>${locator}</arg>
<doc>Click the element identified by ``locator``.</doc>
<status status="PASS" start="2024-12-02T10:09:11.962303" elapsed="0.058351"/>
</kw>
<kw name="Sleep" owner="BuiltIn">
<msg time="2024-12-02T10:09:13.021696" level="INFO">Slept 1 second.</msg>
<arg>1s</arg>
<doc>Pauses the test executed for the given time.</doc>
<status status="PASS" start="2024-12-02T10:09:12.020997" elapsed="1.000699"/>
</kw>
<arg>${locator}</arg>
<status status="PASS" start="2024-12-02T10:09:11.962303" elapsed="1.059393"/>
</kw>
<arg>3x</arg>
<arg>2s</arg>
<arg>Click Element with Delay</arg>
<arg>${locator}</arg>
<doc>Runs the specified keyword and retries if it fails.</doc>
<status status="PASS" start="2024-12-02T10:09:11.962303" elapsed="1.059393"/>
</kw>
<arg>//span[text()="ส่ง"]/parent::button</arg>
<status status="PASS" start="2024-12-02T10:09:11.962303" elapsed="1.059393"/>
</kw>
<kw name="Wait And Click Element" owner="common_art">
<kw name="Wait Until Keyword Succeeds" owner="BuiltIn">
<kw name="Click Element with Delay" owner="common_art">
<kw name="Click Element" owner="SeleniumLibrary">
<msg time="2024-12-02T10:09:13.024782" level="INFO">Clicking element '//span[text()="ค้นหา"]/parent::button'.</msg>
<arg>${locator}</arg>
<doc>Click the element identified by ``locator``.</doc>
<status status="PASS" start="2024-12-02T10:09:13.024782" elapsed="0.068675"/>
</kw>
<kw name="Sleep" owner="BuiltIn">
<msg time="2024-12-02T10:09:14.094163" level="INFO">Slept 1 second.</msg>
<arg>1s</arg>
<doc>Pauses the test executed for the given time.</doc>
<status status="PASS" start="2024-12-02T10:09:13.093457" elapsed="1.000706"/>
</kw>
<arg>${locator}</arg>
<status status="PASS" start="2024-12-02T10:09:13.021696" elapsed="1.072467"/>
</kw>
<arg>3x</arg>
<arg>2s</arg>
<arg>Click Element with Delay</arg>
<arg>${locator}</arg>
<doc>Runs the specified keyword and retries if it fails.</doc>
<status status="PASS" start="2024-12-02T10:09:13.021696" elapsed="1.072467"/>
</kw>
<arg>//span[text()="ค้นหา"]/parent::button</arg>
<status status="PASS" start="2024-12-02T10:09:13.021696" elapsed="1.072467"/>
</kw>
<arg>10337963</arg>
<arg>10337962</arg>
<arg>10337961</arg>
<status status="PASS" start="2024-12-02T10:09:05.138084" elapsed="8.956079"/>
</kw>
<kw name="Click check box all article" owner="Menu_editmass">
<kw name="Wait And Click Element" owner="common_art">
<kw name="Wait Until Keyword Succeeds" owner="BuiltIn">
<kw name="Click Element with Delay" owner="common_art">
<kw name="Click Element" owner="SeleniumLibrary">
<msg time="2024-12-02T10:09:14.094163" level="INFO">Clicking element '//span[text()="เลือกทั้งหมด"]/preceding-sibling::span'.</msg>
<arg>${locator}</arg>
<doc>Click the element identified by ``locator``.</doc>
<status status="PASS" start="2024-12-02T10:09:14.094163" elapsed="0.136451"/>
</kw>
<kw name="Sleep" owner="BuiltIn">
<msg time="2024-12-02T10:09:15.230832" level="INFO">Slept 1 second.</msg>
<arg>1s</arg>
<doc>Pauses the test executed for the given time.</doc>
<status status="PASS" start="2024-12-02T10:09:14.230614" elapsed="1.000218"/>
</kw>
<arg>${locator}</arg>
<status status="PASS" start="2024-12-02T10:09:14.094163" elapsed="1.136669"/>
</kw>
<arg>3x</arg>
<arg>2s</arg>
<arg>Click Element with Delay</arg>
<arg>${locator}</arg>
<doc>Runs the specified keyword and retries if it fails.</doc>
<status status="PASS" start="2024-12-02T10:09:14.094163" elapsed="1.136669"/>
</kw>
<arg>//span[text()="เลือกทั้งหมด"]/preceding-sibling::span</arg>
<status status="PASS" start="2024-12-02T10:09:14.094163" elapsed="1.136669"/>
</kw>
<status status="PASS" start="2024-12-02T10:09:14.094163" elapsed="1.136669"/>
</kw>
<kw name="Click button edit field" owner="Menu_editmass">
<kw name="Wait And Click Element" owner="common_art">
<kw name="Wait Until Keyword Succeeds" owner="BuiltIn">
<kw name="Click Element with Delay" owner="common_art">
<kw name="Click Element" owner="SeleniumLibrary">
<msg time="2024-12-02T10:09:15.235349" level="INFO">Clicking element '//span[text()="แก้ไขค่าของฟิลด์"]/parent::button'.</msg>
<arg>${locator}</arg>
<doc>Click the element identified by ``locator``.</doc>
<status status="PASS" start="2024-12-02T10:09:15.235349" elapsed="0.047547"/>
</kw>
<kw name="Sleep" owner="BuiltIn">
<msg time="2024-12-02T10:09:16.283156" level="INFO">Slept 1 second.</msg>
<arg>1s</arg>
<doc>Pauses the test executed for the given time.</doc>
<status status="PASS" start="2024-12-02T10:09:15.282896" elapsed="1.000260"/>
</kw>
<arg>${locator}</arg>
<status status="PASS" start="2024-12-02T10:09:15.230832" elapsed="1.052324"/>
</kw>
<arg>3x</arg>
<arg>2s</arg>
<arg>Click Element with Delay</arg>
<arg>${locator}</arg>
<doc>Runs the specified keyword and retries if it fails.</doc>
<status status="PASS" start="2024-12-02T10:09:15.230832" elapsed="1.052324"/>
</kw>
<arg>//span[text()="แก้ไขค่าของฟิลด์"]/parent::button</arg>
<status status="PASS" start="2024-12-02T10:09:15.230832" elapsed="1.052324"/>
</kw>
<status status="PASS" start="2024-12-02T10:09:15.230832" elapsed="1.052324"/>
</kw>
<kw name="Get data" owner="Menu_editmass">
<kw name="Count X In Column And Get Rows" owner="csv_ready">
<msg time="2024-12-02T10:09:16.283156" level="INFO">${result} = {'x_count': 2, 'x_rows': [['A2', 'X', 'ชื่อสินค้า Commercial (ภาษาอังกฤษ)', 'Test', 'af65e618-5adb-4fa6-9340-435966341c1c'], ['A2', 'X', 'รุ่นของสินค้า', 'Test', '84594b57-e6a8-4578-8362-c2878b9af8b5'...</msg>
<var>${result}</var>
<arg>${path_file_csv}</arg>
<status status="PASS" start="2024-12-02T10:09:16.283156" elapsed="0.000000"/>
</kw>
<kw name="Get From Dictionary" owner="Collections">
<msg time="2024-12-02T10:09:16.283156" level="INFO">${x_count} = 2</msg>
<var>${x_count}</var>
<arg>${result}</arg>
<arg>x_count</arg>
<doc>Returns a value from the given ``dictionary`` based on the given ``key``.</doc>
<status status="PASS" start="2024-12-02T10:09:16.283156" elapsed="0.000000"/>
</kw>
<kw name="Get From Dictionary" owner="Collections">
<msg time="2024-12-02T10:09:16.283156" level="INFO">${x_rows} = [['A2', 'X', 'ชื่อสินค้า Commercial (ภาษาอังกฤษ)', 'Test', 'af65e618-5adb-4fa6-9340-435966341c1c'], ['A2', 'X', 'รุ่นของสินค้า', 'Test', '84594b57-e6a8-4578-8362-c2878b9af8b5']]</msg>
<var>${x_rows}</var>
<arg>${result}</arg>
<arg>x_rows</arg>
<doc>Returns a value from the given ``dictionary`` based on the given ``key``.</doc>
<status status="PASS" start="2024-12-02T10:09:16.283156" elapsed="0.000000"/>
</kw>
<kw name="Log" owner="BuiltIn">
<msg time="2024-12-02T10:09:16.283156" level="INFO">Number of X in the 'mark' column: 2</msg>
<arg>Number of X in the 'mark' column: ${x_count}</arg>
<doc>Logs the given message with the given level.</doc>
<status status="PASS" start="2024-12-02T10:09:16.283156" elapsed="0.000000"/>
</kw>
<kw name="Log" owner="BuiltIn">
<msg time="2024-12-02T10:09:16.283156" level="INFO">Rows with X: [['A2', 'X', 'ชื่อสินค้า Commercial (ภาษาอังกฤษ)', 'Test', 'af65e618-5adb-4fa6-9340-435966341c1c'], ['A2', 'X', 'รุ่นของสินค้า', 'Test', '84594b57-e6a8-4578-8362-c2878b9af8b5']]</msg>
<arg>Rows with X: ${x_rows}</arg>
<doc>Logs the given message with the given level.</doc>
<status status="PASS" start="2024-12-02T10:09:16.283156" elapsed="0.000000"/>
</kw>
<kw name="Evaluate" owner="BuiltIn">
<msg time="2024-12-02T10:09:16.283156" level="INFO">${x_count_int} = 2</msg>
<var>${x_count_int}</var>
<arg>int(${x_count})</arg>
<doc>Evaluates the given expression in Python and returns the result.</doc>
<status status="PASS" start="2024-12-02T10:09:16.283156" elapsed="0.000000"/>
</kw>
<kw name="Log" owner="BuiltIn">
<msg time="2024-12-02T10:09:16.283156" level="INFO">Converted x_count to integer: 2</msg>
<arg>Converted x_count to integer: ${x_count_int}</arg>
<doc>Logs the given message with the given level.</doc>
<status status="PASS" start="2024-12-02T10:09:16.283156" elapsed="0.000000"/>
</kw>
<kw name="Run Keyword If" owner="BuiltIn">
<arg>${x_count_int} &gt; 5</arg>
<arg>Fail</arg>
<arg>The count of X is greater than or equal to 5</arg>
<doc>Runs the given keyword with the given arguments, if ``condition`` is true.</doc>
<status status="PASS" start="2024-12-02T10:09:16.283156" elapsed="0.000000"/>
</kw>
<kw name="Set Variable" owner="BuiltIn">
<msg time="2024-12-02T10:09:16.283156" level="INFO">${index} = 1</msg>
<var>${index}</var>
<arg>1</arg>
<doc>Returns the given values which can then be assigned to a variables.</doc>
<status status="PASS" start="2024-12-02T10:09:16.283156" elapsed="0.000000"/>
</kw>
<for flavor="IN">
<iter>
<kw name="Get From List" owner="Collections">
<msg time="2024-12-02T10:09:16.283156" level="INFO">${mark} = X</msg>
<var>${mark}</var>
<arg>${row}</arg>
<arg>1</arg>
<doc>Returns the value specified with an ``index`` from ``list``.</doc>
<status status="PASS" start="2024-12-02T10:09:16.283156" elapsed="0.000000"/>
</kw>
<kw name="Get From List" owner="Collections">
<msg time="2024-12-02T10:09:16.283156" level="INFO">${field} = ชื่อสินค้า Commercial (ภาษาอังกฤษ)</msg>
<var>${field}</var>
<arg>${row}</arg>
<arg>2</arg>
<doc>Returns the value specified with an ``index`` from ``list``.</doc>
<status status="PASS" start="2024-12-02T10:09:16.283156" elapsed="0.000000"/>
</kw>
<kw name="Get From List" owner="Collections">
<msg time="2024-12-02T10:09:16.283156" level="INFO">${value} = Test</msg>
<var>${value}</var>
<arg>${row}</arg>
<arg>3</arg>
<doc>Returns the value specified with an ``index`` from ``list``.</doc>
<status status="PASS" start="2024-12-02T10:09:16.283156" elapsed="0.000000"/>
</kw>
<kw name="Get From List" owner="Collections">
<msg time="2024-12-02T10:09:16.283156" level="INFO">${uuid} = af65e618-5adb-4fa6-9340-435966341c1c</msg>
<var>${uuid}</var>
<arg>${row}</arg>
<arg>4</arg>
<doc>Returns the value specified with an ``index`` from ``list``.</doc>
<status status="PASS" start="2024-12-02T10:09:16.283156" elapsed="0.000000"/>
</kw>
<kw name="Set Suite Variable" owner="BuiltIn">
<msg time="2024-12-02T10:09:16.283156" level="INFO">${mark_1} = X</msg>
<arg>${mark_${index}}</arg>
<arg>${mark}</arg>
<doc>Makes a variable available everywhere within the scope of the current suite.</doc>
<status status="PASS" start="2024-12-02T10:09:16.283156" elapsed="0.000000"/>
</kw>
<kw name="Set Suite Variable" owner="BuiltIn">
<msg time="2024-12-02T10:09:16.283156" level="INFO">${field_1} = ชื่อสินค้า Commercial (ภาษาอังกฤษ)</msg>
<arg>${field_${index}}</arg>
<arg>${field}</arg>
<doc>Makes a variable available everywhere within the scope of the current suite.</doc>
<status status="PASS" start="2024-12-02T10:09:16.283156" elapsed="0.000000"/>
</kw>
<kw name="Set Suite Variable" owner="BuiltIn">
<msg time="2024-12-02T10:09:16.283156" level="INFO">${value_1} = Test</msg>
<arg>${value_${index}}</arg>
<arg>${value}</arg>
<doc>Makes a variable available everywhere within the scope of the current suite.</doc>
<status status="PASS" start="2024-12-02T10:09:16.283156" elapsed="0.000000"/>
</kw>
<kw name="Set Suite Variable" owner="BuiltIn">
<msg time="2024-12-02T10:09:16.283156" level="INFO">${uuid_1} = af65e618-5adb-4fa6-9340-435966341c1c</msg>
<arg>${uuid_${index}}</arg>
<arg>${uuid}</arg>
<doc>Makes a variable available everywhere within the scope of the current suite.</doc>
<status status="PASS" start="2024-12-02T10:09:16.283156" elapsed="0.000000"/>
</kw>
<kw name="Evaluate" owner="BuiltIn">
<msg time="2024-12-02T10:09:16.283156" level="INFO">${index} = 2</msg>
<var>${index}</var>
<arg>${index} + 1</arg>
<doc>Evaluates the given expression in Python and returns the result.</doc>
<status status="PASS" start="2024-12-02T10:09:16.283156" elapsed="0.000000"/>
</kw>
<var name="${row}">['A2', 'X', 'ชื่อสินค้า Commercial (ภาษาอังกฤษ)', 'Test', 'af65e618-5adb-4fa6-9340-435966341c1c']</var>
<status status="PASS" start="2024-12-02T10:09:16.283156" elapsed="0.000000"/>
</iter>
<iter>
<kw name="Get From List" owner="Collections">
<msg time="2024-12-02T10:09:16.283156" level="INFO">${mark} = X</msg>
<var>${mark}</var>
<arg>${row}</arg>
<arg>1</arg>
<doc>Returns the value specified with an ``index`` from ``list``.</doc>
<status status="PASS" start="2024-12-02T10:09:16.283156" elapsed="0.000000"/>
</kw>
<kw name="Get From List" owner="Collections">
<msg time="2024-12-02T10:09:16.283156" level="INFO">${field} = รุ่นของสินค้า</msg>
<var>${field}</var>
<arg>${row}</arg>
<arg>2</arg>
<doc>Returns the value specified with an ``index`` from ``list``.</doc>
<status status="PASS" start="2024-12-02T10:09:16.283156" elapsed="0.000000"/>
</kw>
<kw name="Get From List" owner="Collections">
<msg time="2024-12-02T10:09:16.283156" level="INFO">${value} = Test</msg>
<var>${value}</var>
<arg>${row}</arg>
<arg>3</arg>
<doc>Returns the value specified with an ``index`` from ``list``.</doc>
<status status="PASS" start="2024-12-02T10:09:16.283156" elapsed="0.000000"/>
</kw>
<kw name="Get From List" owner="Collections">
<msg time="2024-12-02T10:09:16.283156" level="INFO">${uuid} = 84594b57-e6a8-4578-8362-c2878b9af8b5</msg>
<var>${uuid}</var>
<arg>${row}</arg>
<arg>4</arg>
<doc>Returns the value specified with an ``index`` from ``list``.</doc>
<status status="PASS" start="2024-12-02T10:09:16.283156" elapsed="0.000000"/>
</kw>
<kw name="Set Suite Variable" owner="BuiltIn">
<msg time="2024-12-02T10:09:16.283156" level="INFO">${mark_2} = X</msg>
<arg>${mark_${index}}</arg>
<arg>${mark}</arg>
<doc>Makes a variable available everywhere within the scope of the current suite.</doc>
<status status="PASS" start="2024-12-02T10:09:16.283156" elapsed="0.000000"/>
</kw>
<kw name="Set Suite Variable" owner="BuiltIn">
<msg time="2024-12-02T10:09:16.283156" level="INFO">${field_2} = รุ่นของสินค้า</msg>
<arg>${field_${index}}</arg>
<arg>${field}</arg>
<doc>Makes a variable available everywhere within the scope of the current suite.</doc>
<status status="PASS" start="2024-12-02T10:09:16.283156" elapsed="0.000000"/>
</kw>
<kw name="Set Suite Variable" owner="BuiltIn">
<msg time="2024-12-02T10:09:16.294211" level="INFO">${value_2} = Test</msg>
<arg>${value_${index}}</arg>
<arg>${value}</arg>
<doc>Makes a variable available everywhere within the scope of the current suite.</doc>
<status status="PASS" start="2024-12-02T10:09:16.283156" elapsed="0.011055"/>
</kw>
<kw name="Set Suite Variable" owner="BuiltIn">
<msg time="2024-12-02T10:09:16.294211" level="INFO">${uuid_2} = 84594b57-e6a8-4578-8362-c2878b9af8b5</msg>
<arg>${uuid_${index}}</arg>
<arg>${uuid}</arg>
<doc>Makes a variable available everywhere within the scope of the current suite.</doc>
<status status="PASS" start="2024-12-02T10:09:16.294211" elapsed="0.000000"/>
</kw>
<kw name="Evaluate" owner="BuiltIn">
<msg time="2024-12-02T10:09:16.294211" level="INFO">${index} = 3</msg>
<var>${index}</var>
<arg>${index} + 1</arg>
<doc>Evaluates the given expression in Python and returns the result.</doc>
<status status="PASS" start="2024-12-02T10:09:16.294211" elapsed="0.000000"/>
</kw>
<var name="${row}">['A2', 'X', 'รุ่นของสินค้า', 'Test', '84594b57-e6a8-4578-8362-c2878b9af8b5']</var>
<status status="PASS" start="2024-12-02T10:09:16.283156" elapsed="0.011055"/>
</iter>
<var>${row}</var>
<value>@{x_rows}</value>
<status status="PASS" start="2024-12-02T10:09:16.283156" elapsed="0.011055"/>
</for>
<status status="PASS" start="2024-12-02T10:09:16.283156" elapsed="0.011055"/>
</kw>
<kw name="Edit field 1" owner="Menu_editmass">
<if>
<branch type="IF" condition="'${mark_1}' == 'X' and '${field_1}' == 'ชื่อสินค้า Commercial (ภาษาอังกฤษ)'">
<kw name="Input text editmass row 1" owner="Menu_editmass">
<kw name="Wait And Click Element" owner="common_art">
<kw name="Wait Until Keyword Succeeds" owner="BuiltIn">
<kw name="Click Element with Delay" owner="common_art">
<kw name="Click Element" owner="SeleniumLibrary">
<msg time="2024-12-02T10:09:16.294211" level="INFO">Clicking element '//input[@name="master_tabcols_id"]/following-sibling::div/div/input'.</msg>
<arg>${locator}</arg>
<doc>Click the element identified by ``locator``.</doc>
<status status="PASS" start="2024-12-02T10:09:16.294211" elapsed="0.113653"/>
</kw>
<kw name="Sleep" owner="BuiltIn">
<msg time="2024-12-02T10:09:17.408925" level="INFO">Slept 1 second.</msg>
<arg>1s</arg>
<doc>Pauses the test executed for the given time.</doc>
<status status="PASS" start="2024-12-02T10:09:16.407864" elapsed="1.001061"/>
</kw>
<arg>${locator}</arg>
<status status="PASS" start="2024-12-02T10:09:16.294211" elapsed="1.114714"/>
</kw>
<arg>3x</arg>
<arg>2s</arg>
<arg>Click Element with Delay</arg>
<arg>${locator}</arg>
<doc>Runs the specified keyword and retries if it fails.</doc>
<status status="PASS" start="2024-12-02T10:09:16.294211" elapsed="1.114714"/>
</kw>
<arg>//input[@name="master_tabcols_id"]/following-sibling::div/div/input</arg>
<status status="PASS" start="2024-12-02T10:09:16.294211" elapsed="1.114714"/>
</kw>
<kw name="Wait And Input Text with Delay" owner="common_art">
<kw name="Wait Until Keyword Succeeds" owner="BuiltIn">
<kw name="Input Text with Delay" owner="common_art">
<kw name="Input Text" owner="SeleniumLibrary">
<msg time="2024-12-02T10:09:17.408925" level="INFO">Typing text 'ชื่อสินค้า Commercial (ภาษาอังกฤษ)' into text field '//input[@name="master_tabcols_id"]/following-sibling::div/div/input'.</msg>
<arg>${locator}</arg>
<arg>${text}</arg>
<doc>Types the given ``text`` into the text field identified by ``locator``.</doc>
<status status="PASS" start="2024-12-02T10:09:17.408925" elapsed="0.072120"/>
</kw>
<kw name="Sleep" owner="BuiltIn">
<msg time="2024-12-02T10:09:18.981595" level="INFO">Slept 1 second 500 milliseconds.</msg>
<arg>1.5s</arg>
<doc>Pauses the test executed for the given time.</doc>
<status status="PASS" start="2024-12-02T10:09:17.481045" elapsed="1.500550"/>
</kw>
<arg>${locator}</arg>
<arg>${text}</arg>
<status status="PASS" start="2024-12-02T10:09:17.408925" elapsed="1.572670"/>
</kw>
<arg>5x</arg>
<arg>2.5s</arg>
<arg>Input Text with Delay</arg>
<arg>${locator}</arg>
<arg>${text}</arg>
<doc>Runs the specified keyword and retries if it fails.</doc>
<status status="PASS" start="2024-12-02T10:09:17.408925" elapsed="1.572670"/>
</kw>
<arg>//input[@name="master_tabcols_id"]/following-sibling::div/div/input</arg>
<arg>${field_1}</arg>
<status status="PASS" start="2024-12-02T10:09:17.408925" elapsed="1.572670"/>
</kw>
<kw name="Wait And Press Keys" owner="common_art">
<kw name="Wait Until Keyword Succeeds" owner="BuiltIn">
<kw name="Press Key" owner="SeleniumLibrary">
<arg>${locator}</arg>
<arg>${keys}</arg>
<doc>Simulates user pressing key on element identified by ``locator``.</doc>
<status status="PASS" start="2024-12-02T10:09:18.981595" elapsed="0.075238"/>
</kw>
<arg>5x</arg>
<arg>2.5s</arg>
<arg>Press Key</arg>
<arg>${locator}</arg>
<arg>${keys}</arg>
<doc>Runs the specified keyword and retries if it fails.</doc>
<status status="PASS" start="2024-12-02T10:09:18.981595" elapsed="0.075238"/>
</kw>
<arg>//input[@name="master_tabcols_id"]/following-sibling::div/div/input</arg>
<arg>\\13</arg>
<status status="PASS" start="2024-12-02T10:09:18.981595" elapsed="0.075238"/>
</kw>
<kw name="Wait And Click Element" owner="common_art">
<kw name="Wait Until Keyword Succeeds" owner="BuiltIn">
<kw name="Click Element with Delay" owner="common_art">
<kw name="Click Element" owner="SeleniumLibrary">
<msg time="2024-12-02T10:09:19.056833" level="INFO">Clicking element '//input[@name="values_new"]'.</msg>
<arg>${locator}</arg>
<doc>Click the element identified by ``locator``.</doc>
<status status="PASS" start="2024-12-02T10:09:19.056833" elapsed="0.047965"/>
</kw>
<kw name="Sleep" owner="BuiltIn">
<msg time="2024-12-02T10:09:20.105740" level="INFO">Slept 1 second.</msg>
<arg>1s</arg>
<doc>Pauses the test executed for the given time.</doc>
<status status="PASS" start="2024-12-02T10:09:19.104798" elapsed="1.000942"/>
</kw>
<arg>${locator}</arg>
<status status="PASS" start="2024-12-02T10:09:19.056833" elapsed="1.048907"/>
</kw>
<arg>3x</arg>
<arg>2s</arg>
<arg>Click Element with Delay</arg>
<arg>${locator}</arg>
<doc>Runs the specified keyword and retries if it fails.</doc>
<status status="PASS" start="2024-12-02T10:09:19.056833" elapsed="1.048907"/>
</kw>
<arg>//input[@name="values_new"]</arg>
<status status="PASS" start="2024-12-02T10:09:19.056833" elapsed="1.048907"/>
</kw>
<kw name="Wait And Input Text with Delay" owner="common_art">
<kw name="Wait Until Keyword Succeeds" owner="BuiltIn">
<kw name="Input Text with Delay" owner="common_art">
<kw name="Input Text" owner="SeleniumLibrary">
<msg time="2024-12-02T10:09:20.105740" level="INFO">Typing text 'Test' into text field '//input[@name="values_new"]'.</msg>
<arg>${locator}</arg>
<arg>${text}</arg>
<doc>Types the given ``text`` into the text field identified by ``locator``.</doc>
<status status="PASS" start="2024-12-02T10:09:20.105740" elapsed="0.048145"/>
</kw>
<kw name="Sleep" owner="BuiltIn">
<msg time="2024-12-02T10:09:21.654281" level="INFO">Slept 1 second 500 milliseconds.</msg>
<arg>1.5s</arg>
<doc>Pauses the test executed for the given time.</doc>
<status status="PASS" start="2024-12-02T10:09:20.153885" elapsed="1.500396"/>
</kw>
<arg>${locator}</arg>
<arg>${text}</arg>
<status status="PASS" start="2024-12-02T10:09:20.105740" elapsed="1.548541"/>
</kw>
<arg>5x</arg>
<arg>2.5s</arg>
<arg>Input Text with Delay</arg>
<arg>${locator}</arg>
<arg>${text}</arg>
<doc>Runs the specified keyword and retries if it fails.</doc>
<status status="PASS" start="2024-12-02T10:09:20.105740" elapsed="1.548541"/>
</kw>
<arg>//input[@name="values_new"]</arg>
<arg>${value_1}</arg>
<status status="PASS" start="2024-12-02T10:09:20.105740" elapsed="1.548541"/>
</kw>
<kw name="Wait And Press Keys" owner="common_art">
<kw name="Wait Until Keyword Succeeds" owner="BuiltIn">
<kw name="Press Key" owner="SeleniumLibrary">
<arg>${locator}</arg>
<arg>${keys}</arg>
<doc>Simulates user pressing key on element identified by ``locator``.</doc>
<status status="PASS" start="2024-12-02T10:09:21.654281" elapsed="0.015708"/>
</kw>
<arg>5x</arg>
<arg>2.5s</arg>
<arg>Press Key</arg>
<arg>${locator}</arg>
<arg>${keys}</arg>
<doc>Runs the specified keyword and retries if it fails.</doc>
<status status="PASS" start="2024-12-02T10:09:21.654281" elapsed="0.015708"/>
</kw>
<arg>//input[@name="values_new"]</arg>
<arg>\\13</arg>
<status status="PASS" start="2024-12-02T10:09:21.654281" elapsed="0.015708"/>
</kw>
<status status="PASS" start="2024-12-02T10:09:16.294211" elapsed="5.375778"/>
</kw>
<status status="PASS" start="2024-12-02T10:09:16.294211" elapsed="5.375778"/>
</branch>
<branch type="ELSE IF" condition="'${mark_1}' == 'X' and '${field_1}' == 'ชื่อสินค้า Commercial (ภาษาไทย)'">
<kw name="Input text editmass row 1" owner="Menu_editmass">
<status status="NOT RUN" start="2024-12-02T10:09:21.669989" elapsed="0.000000"/>
</kw>
<status status="NOT RUN" start="2024-12-02T10:09:21.669989" elapsed="0.000000"/>
</branch>
<branch type="ELSE IF" condition="'${mark_1}' == 'X' and '${field_1}' == 'รุ่นของสินค้า'">
<kw name="Input text editmass row 1" owner="Menu_editmass">
<status status="NOT RUN" start="2024-12-02T10:09:21.669989" elapsed="0.000000"/>
</kw>
<status status="NOT RUN" start="2024-12-02T10:09:21.669989" elapsed="0.000000"/>
</branch>
<status status="PASS" start="2024-12-02T10:09:16.294211" elapsed="5.375778"/>
</if>
<status status="PASS" start="2024-12-02T10:09:16.294211" elapsed="5.375778"/>
</kw>
<kw name="Edit field 2" owner="Menu_editmass">
<kw name="Set Variable If" owner="BuiltIn">
<msg time="2024-12-02T10:09:21.679698" level="INFO">${mark_2} = X</msg>
<var>${mark_2}</var>
<arg>'${mark_2}' == ''</arg>
<arg>DefaultMark2</arg>
<arg>${mark_2}</arg>
<doc>Sets variable based on the given condition.</doc>
<status status="PASS" start="2024-12-02T10:09:21.669989" elapsed="0.009709"/>
</kw>
<kw name="Set Variable If" owner="BuiltIn">
<msg time="2024-12-02T10:09:21.679698" level="INFO">${field_2} = รุ่นของสินค้า</msg>
<var>${field_2}</var>
<arg>'${field_2}' == ''</arg>
<arg>DefaultField2</arg>
<arg>${field_2}</arg>
<doc>Sets variable based on the given condition.</doc>
<status status="PASS" start="2024-12-02T10:09:21.679698" elapsed="0.000000"/>
</kw>
<if>
<branch type="IF" condition="'${mark_2}' == 'X' and '${field_2}' == 'ชื่อสินค้า Commercial (ภาษาอังกฤษ)'">
<kw name="Input text editmass row 2" owner="Menu_editmass">
<status status="NOT RUN" start="2024-12-02T10:09:21.679698" elapsed="0.000000"/>
</kw>
<status status="NOT RUN" start="2024-12-02T10:09:21.679698" elapsed="0.000000"/>
</branch>
<branch type="ELSE IF" condition="'${mark_2}' == 'X' and '${field_2}' == 'ชื่อสินค้า Commercial (ภาษาไทย)'">
<kw name="Input text editmass row 2" owner="Menu_editmass">
<status status="NOT RUN" start="2024-12-02T10:09:21.679698" elapsed="0.000000"/>
</kw>
<status status="NOT RUN" start="2024-12-02T10:09:21.679698" elapsed="0.000000"/>
</branch>
<branch type="ELSE IF" condition="'${mark_2}' == 'X' and '${field_2}' == 'รุ่นของสินค้า'">
<kw name="Input text editmass row 2" owner="Menu_editmass">
<kw name="Wait And Click Element" owner="common_art">
<kw name="Wait Until Keyword Succeeds" owner="BuiltIn">
<kw name="Click Element with Delay" owner="common_art">
<kw name="Click Element" owner="SeleniumLibrary">
<msg time="2024-12-02T10:09:21.679698" level="INFO">Clicking element '//*[text()=" เพิ่ม"]'.</msg>
<arg>${locator}</arg>
<doc>Click the element identified by ``locator``.</doc>
<status status="PASS" start="2024-12-02T10:09:21.679698" elapsed="0.093428"/>
</kw>
<kw name="Sleep" owner="BuiltIn">
<msg time="2024-12-02T10:09:22.773675" level="INFO">Slept 1 second.</msg>
<arg>1s</arg>
<doc>Pauses the test executed for the given time.</doc>
<status status="PASS" start="2024-12-02T10:09:21.773126" elapsed="1.000549"/>
</kw>
<arg>${locator}</arg>
<status status="PASS" start="2024-12-02T10:09:21.679698" elapsed="1.093977"/>
</kw>
<arg>3x</arg>
<arg>2s</arg>
<arg>Click Element with Delay</arg>
<arg>${locator}</arg>
<doc>Runs the specified keyword and retries if it fails.</doc>
<status status="PASS" start="2024-12-02T10:09:21.679698" elapsed="1.093977"/>
</kw>
<arg>//*[text()=" เพิ่ม"]</arg>
<status status="PASS" start="2024-12-02T10:09:21.679698" elapsed="1.093977"/>
</kw>
<kw name="Wait And Click Element" owner="common_art">
<kw name="Wait Until Keyword Succeeds" owner="BuiltIn">
<kw name="Click Element with Delay" owner="common_art">
<kw name="Click Element" owner="SeleniumLibrary">
<msg time="2024-12-02T10:09:22.773675" level="INFO">Clicking element '//div[@data-dx_placeholder="เลือกฟิลด์" and @class="dx-placeholder"]/preceding-sibling::input'.</msg>
<arg>${locator}</arg>
<doc>Click the element identified by ``locator``.</doc>
<status status="PASS" start="2024-12-02T10:09:22.773675" elapsed="0.085761"/>
</kw>
<kw name="Sleep" owner="BuiltIn">
<msg time="2024-12-02T10:09:23.859797" level="INFO">Slept 1 second.</msg>
<arg>1s</arg>
<doc>Pauses the test executed for the given time.</doc>
<status status="PASS" start="2024-12-02T10:09:22.859692" elapsed="1.000105"/>
</kw>
<arg>${locator}</arg>
<status status="PASS" start="2024-12-02T10:09:22.773675" elapsed="1.086122"/>
</kw>
<arg>3x</arg>
<arg>2s</arg>
<arg>Click Element with Delay</arg>
<arg>${locator}</arg>
<doc>Runs the specified keyword and retries if it fails.</doc>
<status status="PASS" start="2024-12-02T10:09:22.773675" elapsed="1.086122"/>
</kw>
<arg>//div[@data-dx_placeholder="เลือกฟิลด์" and @class="dx-placeholder"]/preceding-sibling::input</arg>
<status status="PASS" start="2024-12-02T10:09:22.773675" elapsed="1.086122"/>
</kw>
<kw name="Wait And Input Text with Delay" owner="common_art">
<kw name="Wait Until Keyword Succeeds" owner="BuiltIn">
<kw name="Input Text with Delay" owner="common_art">
<kw name="Input Text" owner="SeleniumLibrary">
<msg time="2024-12-02T10:09:23.859797" level="INFO">Typing text 'รุ่นของสินค้า' into text field '//div[@data-dx_placeholder="เลือกฟิลด์" and @class="dx-placeholder"]/preceding-sibling::input'.</msg>
<arg>${locator}</arg>
<arg>${text}</arg>
<doc>Types the given ``text`` into the text field identified by ``locator``.</doc>
<status status="PASS" start="2024-12-02T10:09:23.859797" elapsed="0.050875"/>
</kw>
<kw name="Sleep" owner="BuiltIn">
<msg time="2024-12-02T10:09:25.411364" level="INFO">Slept 1 second 500 milliseconds.</msg>
<arg>1.5s</arg>
<doc>Pauses the test executed for the given time.</doc>
<status status="PASS" start="2024-12-02T10:09:23.910672" elapsed="1.500692"/>
</kw>
<arg>${locator}</arg>
<arg>${text}</arg>
<status status="PASS" start="2024-12-02T10:09:23.859797" elapsed="1.551567"/>
</kw>
<arg>5x</arg>
<arg>2.5s</arg>
<arg>Input Text with Delay</arg>
<arg>${locator}</arg>
<arg>${text}</arg>
<doc>Runs the specified keyword and retries if it fails.</doc>
<status status="PASS" start="2024-12-02T10:09:23.859797" elapsed="1.551567"/>
</kw>
<arg>//div[@data-dx_placeholder="เลือกฟิลด์" and @class="dx-placeholder"]/preceding-sibling::input</arg>
<arg>${field_2}</arg>
<status status="PASS" start="2024-12-02T10:09:23.859797" elapsed="1.551567"/>
</kw>
<kw name="Debug" owner="DebugLibrary">
<kw name="Wait And Press Keys" owner="common_art">
<kw name="Wait Until Keyword Succeeds" owner="BuiltIn">
<kw name="Press Key" owner="SeleniumLibrary">
<msg time="2024-12-02T10:09:27.968797" level="INFO" html="true">&lt;/td&gt;&lt;/tr&gt;&lt;tr&gt;&lt;td colspan="3"&gt;&lt;a href="selenium-screenshot-22.png"&gt;&lt;img src="selenium-screenshot-22.png" width="800px"&gt;&lt;/a&gt;</msg>
<msg time="2024-12-02T10:09:27.968797" level="FAIL">Element with locator '/html[1]/body[1]/div[1]/div[1]/div[2]/div[1]/div[1]/div[1]/div[1]/div[1]/div[2]/div[4]/div[1]/div[1]/div[2]/div[1]/div[1]/div[1]/div[1]/div[1]/div[2]/div[1]/div[3]' not found.</msg>
<arg>${locator}</arg>
<arg>${keys}</arg>
<doc>Simulates user pressing key on element identified by ``locator``.</doc>
<status status="FAIL" start="2024-12-02T10:09:27.844295" elapsed="0.124502">Element with locator '/html[1]/body[1]/div[1]/div[1]/div[2]/div[1]/div[1]/div[1]/div[1]/div[1]/div[2]/div[4]/div[1]/div[1]/div[2]/div[1]/div[1]/div[1]/div[1]/div[1]/div[2]/div[1]/div[3]' not found.</status>
</kw>
<kw name="Press Key" owner="SeleniumLibrary">
<msg time="2024-12-02T10:09:30.584384" level="INFO" html="true">&lt;/td&gt;&lt;/tr&gt;&lt;tr&gt;&lt;td colspan="3"&gt;&lt;a href="selenium-screenshot-23.png"&gt;&lt;img src="selenium-screenshot-23.png" width="800px"&gt;&lt;/a&gt;</msg>
<msg time="2024-12-02T10:09:30.584384" level="FAIL">Element with locator '/html[1]/body[1]/div[1]/div[1]/div[2]/div[1]/div[1]/div[1]/div[1]/div[1]/div[2]/div[4]/div[1]/div[1]/div[2]/div[1]/div[1]/div[1]/div[1]/div[1]/div[2]/div[1]/div[3]' not found.</msg>
<arg>${locator}</arg>
<arg>${keys}</arg>
<doc>Simulates user pressing key on element identified by ``locator``.</doc>
<status status="FAIL" start="2024-12-02T10:09:30.469113" elapsed="0.115271">Element with locator '/html[1]/body[1]/div[1]/div[1]/div[2]/div[1]/div[1]/div[1]/div[1]/div[1]/div[2]/div[4]/div[1]/div[1]/div[2]/div[1]/div[1]/div[1]/div[1]/div[1]/div[2]/div[1]/div[3]' not found.</status>
</kw>
<kw name="Press Key" owner="SeleniumLibrary">
<msg time="2024-12-02T10:09:33.184252" level="INFO" html="true">&lt;/td&gt;&lt;/tr&gt;&lt;tr&gt;&lt;td colspan="3"&gt;&lt;a href="selenium-screenshot-24.png"&gt;&lt;img src="selenium-screenshot-24.png" width="800px"&gt;&lt;/a&gt;</msg>
<msg time="2024-12-02T10:09:33.184252" level="FAIL">Element with locator '/html[1]/body[1]/div[1]/div[1]/div[2]/div[1]/div[1]/div[1]/div[1]/div[1]/div[2]/div[4]/div[1]/div[1]/div[2]/div[1]/div[1]/div[1]/div[1]/div[1]/div[2]/div[1]/div[3]' not found.</msg>
<arg>${locator}</arg>
<arg>${keys}</arg>
<doc>Simulates user pressing key on element identified by ``locator``.</doc>
<status status="FAIL" start="2024-12-02T10:09:33.084745" elapsed="0.099507">Element with locator '/html[1]/body[1]/div[1]/div[1]/div[2]/div[1]/div[1]/div[1]/div[1]/div[1]/div[2]/div[4]/div[1]/div[1]/div[2]/div[1]/div[1]/div[1]/div[1]/div[1]/div[2]/div[1]/div[3]' not found.</status>
</kw>
<kw name="Press Key" owner="SeleniumLibrary">
<msg time="2024-12-02T10:09:35.783739" level="INFO" html="true">&lt;/td&gt;&lt;/tr&gt;&lt;tr&gt;&lt;td colspan="3"&gt;&lt;a href="selenium-screenshot-25.png"&gt;&lt;img src="selenium-screenshot-25.png" width="800px"&gt;&lt;/a&gt;</msg>
<msg time="2024-12-02T10:09:35.783739" level="FAIL">Element with locator '/html[1]/body[1]/div[1]/div[1]/div[2]/div[1]/div[1]/div[1]/div[1]/div[1]/div[2]/div[4]/div[1]/div[1]/div[2]/div[1]/div[1]/div[1]/div[1]/div[1]/div[2]/div[1]/div[3]' not found.</msg>
<arg>${locator}</arg>
<arg>${keys}</arg>
<doc>Simulates user pressing key on element identified by ``locator``.</doc>
<status status="FAIL" start="2024-12-02T10:09:35.684637" elapsed="0.099102">Element with locator '/html[1]/body[1]/div[1]/div[1]/div[2]/div[1]/div[1]/div[1]/div[1]/div[1]/div[2]/div[4]/div[1]/div[1]/div[2]/div[1]/div[1]/div[1]/div[1]/div[1]/div[2]/div[1]/div[3]' not found.</status>
</kw>
<kw name="Press Key" owner="SeleniumLibrary">
<msg time="2024-12-02T10:09:38.383706" level="INFO" html="true">&lt;/td&gt;&lt;/tr&gt;&lt;tr&gt;&lt;td colspan="3"&gt;&lt;a href="selenium-screenshot-26.png"&gt;&lt;img src="selenium-screenshot-26.png" width="800px"&gt;&lt;/a&gt;</msg>
<msg time="2024-12-02T10:09:38.383706" level="FAIL">Element with locator '/html[1]/body[1]/div[1]/div[1]/div[2]/div[1]/div[1]/div[1]/div[1]/div[1]/div[2]/div[4]/div[1]/div[1]/div[2]/div[1]/div[1]/div[1]/div[1]/div[1]/div[2]/div[1]/div[3]' not found.</msg>
<arg>${locator}</arg>
<arg>${keys}</arg>
<doc>Simulates user pressing key on element identified by ``locator``.</doc>
<status status="FAIL" start="2024-12-02T10:09:38.283903" elapsed="0.099803">Element with locator '/html[1]/body[1]/div[1]/div[1]/div[2]/div[1]/div[1]/div[1]/div[1]/div[1]/div[2]/div[4]/div[1]/div[1]/div[2]/div[1]/div[1]/div[1]/div[1]/div[1]/div[2]/div[1]/div[3]' not found.</status>
</kw>
<msg time="2024-12-02T10:09:38.383706" level="FAIL">Keyword 'Press Key' failed after retrying 5 times. The last error was: Element with locator '/html[1]/body[1]/div[1]/div[1]/div[2]/div[1]/div[1]/div[1]/div[1]/div[1]/div[2]/div[4]/div[1]/div[1]/div[2]/div[1]/div[1]/div[1]/div[1]/div[1]/div[2]/div[1]/div[3]' not found.</msg>
<arg>5x</arg>
<arg>2.5s</arg>
<arg>Press Key</arg>
<arg>${locator}</arg>
<arg>${keys}</arg>
<doc>Runs the specified keyword and retries if it fails.</doc>
<status status="FAIL" start="2024-12-02T10:09:27.844295" elapsed="10.539411">Keyword 'Press Key' failed after retrying 5 times. The last error was: Element with locator '/html[1]/body[1]/div[1]/div[1]/div[2]/div[1]/div[1]/div[1]/div[1]/div[1]/div[2]/div[4]/div[1]/div[1]/div[2]/div[1]/div[1]/div[1]/div[1]/div[1]/div[2]/div[1]/div[3]' not found.</status>
</kw>
<arg>/html[1]/body[1]/div[1]/div[1]/div[2]/div[1]/div[1]/div[1]/div[1]/div[1]/div[2]/div[4]/div[1]/div[1]/div[2]/div[1]/div[1]/div[1]/div[1]/div[1]/div[2]/div[1]/div[3]</arg>
<arg>\\13</arg>
<status status="FAIL" start="2024-12-02T10:09:27.844295" elapsed="10.539411">Keyword 'Press Key' failed after retrying 5 times. The last error was: Element with locator '/html[1]/body[1]/div[1]/div[1]/div[2]/div[1]/div[1]/div[1]/div[1]/div[1]/div[2]/div[4]/div[1]/div[1]/div[2]/div[1]/div[1]/div[1]/div[1]/div[1]/div[2]/div[1]/div[3]' not found.</status>
</kw>
<kw name="Wait And Input Text with Delay" owner="common_art">
<kw name="Wait Until Keyword Succeeds" owner="BuiltIn">
<kw name="Input Text with Delay" owner="common_art">
<kw name="Input Text" owner="SeleniumLibrary">
<msg time="2024-12-02T10:10:28.254017" level="INFO">